-------------------------------------------------------------------------------
Test set: it.uniroma2.faas.openwhisk.scheduler.scheduler.advanced.RunningCompositionSchedulerTest
-------------------------------------------------------------------------------
Tests run: 1, Failures: 0, Errors: 0, Skipped: 0, Time elapsed: 0.779 s - in it.uniroma2.faas.openwhisk.scheduler.scheduler.advanced.RunningCompositionSchedulerTest
it.uniroma2.faas.openwhisk.scheduler.scheduler.advanced.RunningCompositionSchedulerTest.whenReceivingCompositionActivation_PolicyAppliesCorrectly  Time elapsed: 0.77 s
