-------------------------------------------------------------------------------
Test set: it.uniroma2.faas.openwhisk.scheduler.scheduler.policy.ShortestJobFirstPolicyTest
-------------------------------------------------------------------------------
Tests run: 1, Failures: 0, Errors: 0, Skipped: 0, Time elapsed: 0.023 s - in it.uniroma2.faas.openwhisk.scheduler.scheduler.policy.ShortestJobFirstPolicyTest
it.uniroma2.faas.openwhisk.scheduler.scheduler.policy.ShortestJobFirstPolicyTest.givenInputCollection_thenPolicySortCorrectly  Time elapsed: 0.022 s
