-------------------------------------------------------------------------------
Test set: it.uniroma2.faas.openwhisk.scheduler.scheduler.advanced.TracerSchedulerTest
-------------------------------------------------------------------------------
Tests run: 1, Failures: 0, Errors: 0, Skipped: 0, Time elapsed: 0.425 s - in it.uniroma2.faas.openwhisk.scheduler.scheduler.advanced.TracerSchedulerTest
it.uniroma2.faas.openwhisk.scheduler.scheduler.advanced.TracerSchedulerTest.areActivationsTracedCorrectly  Time elapsed: 0.425 s
