-------------------------------------------------------------------------------
Test set: it.uniroma2.faas.openwhisk.scheduler.scheduler.domain.scheduler.InvokerTest
-------------------------------------------------------------------------------
Tests run: 1, Failures: 0, Errors: 0, Skipped: 0, Time elapsed: 0.011 s - in it.uniroma2.faas.openwhisk.scheduler.scheduler.domain.scheduler.InvokerTest
it.uniroma2.faas.openwhisk.scheduler.scheduler.domain.scheduler.InvokerTest.tryAcquireFromBuffer  Time elapsed: 0.007 s
