<?xml version="1.0" encoding="UTF-8"?>
<testsuite xmlns:xsi="http://www.w3.org/2001/XMLSchema-instance" xsi:noNamespaceSchemaLocation="https://maven.apache.org/surefire/maven-surefire-plugin/xsd/surefire-test-report-3.0.xsd" version="3.0" name="it.uniroma2.faas.openwhisk.scheduler.scheduler.policy.PriorityQueueFIFIPolicyTest" time="0.034" tests="2" errors="0" skipped="0" failures="0">
  <properties>
[...]
</properties>
  <testcase name="isPriorityQueueFIFIPolicySortingCorrectly" classname="it.uniroma2.faas.openwhisk.scheduler.scheduler.policy.PriorityQueueFIFIPolicyTest" time="0.029">
    <system-out><![CDATA[Activation{action=Action{name='hello_py', path='guest', version='0.0.1'}, activationId='0cbd37be-9215-4cc4-a186-7eddb133c6b5', blocking=true, cause='null', content={kTest=vTest, $scheduler={target=invoker2, priority=5, limits={concurrency=2, memory=256, timeout=60000, userMemory=2147483648}, start=1669486965081}}, initArgs=[], lockedArgs={}, revision='1-ff07dcb3291545090f86e9fc1a01b5bf', rootControllerIndex=RootControllerIndex{asString='0', instanceType='controller'}, transId=TransId{transactions=[Transaction{id='4K6K9Uoz09O5ut42VEiFI9zrOAiJX8oq', timestamp=1611192819095}]}, user=User{authKey={api_key=23bc46b1-71f6-4ed5-8c54-816aa4f8c502:123zO3xZCLrMN6v2BKK1dXYFpXlPkccOFqm12CdAsMgRU4VrNZ9lyGVCGuMDGIwP}, limits={}, namespace=Namespace{name='guest', uuid='23bc46b1-71f6-4ed5-8c54-816aa4f8c502'}, rights=[READ, PUT, DELETE, ACTIVATE], subject='guest'}, targetInvoker='invoker2', normalize=0, priority=5, timePriority=1, riskPriority=1, overload=null, kind='null', cmpLength=null, concurrencyLimit=2, memoryLimit=256, timeLimit=60000, userMemory=2147483648}
Activation{action=Action{name='hello_py', path='guest', version='0.0.1'}, activationId='cf810e09-4149-40af-ad6c-6667d467cd71', blocking=true, cause='null', content={kTest=vTest, $scheduler={target=invoker0, priority=5, limits={concurrency=2, memory=256, timeout=60000, userMemory=2147483648}, start=1669486965084}}, initArgs=[], lockedArgs={}, revision='1-ff07dcb3291545090f86e9fc1a01b5bf', rootControllerIndex=RootControllerIndex{asString='0', instanceType='controller'}, transId=TransId{transactions=[Transaction{id='4K6K9Uoz09O5ut42VEiFI9zrOAiJX8oq', timestamp=1611192819095}]}, user=User{authKey={api_key=23bc46b1-71f6-4ed5-8c54-816aa4f8c502:123zO3xZCLrMN6v2BKK1dXYFpXlPkccOFqm12CdAsMgRU4VrNZ9lyGVCGuMDGIwP}, limits={}, namespace=Namespace{name='guest', uuid='23bc46b1-71f6-4ed5-8c54-816aa4f8c502'}, rights=[READ, PUT, DELETE, ACTIVATE], subject='guest'}, targetInvoker='invoker0', normalize=0, priority=5, timePriority=1, riskPriority=1, overload=null, kind='null', cmpLength=null, concurrencyLimit=2, memoryLimit=256, timeLimit=60000, userMemory=2147483648}
Activation{action=Action{name='hello_py', path='guest', version='0.0.1'}, activationId='735fe649-58a2-4de3-b3a8-e111e8ed7463', blocking=true, cause='null', content={kTest=vTest, $scheduler={target=invoker0, priority=5, limits={concurrency=2, memory=256, timeout=60000, userMemory=2147483648}, start=1669486965085}}, initArgs=[], lockedArgs={}, revision='1-ff07dcb3291545090f86e9fc1a01b5bf', rootControllerIndex=RootControllerIndex{asString='0', instanceType='controller'}, transId=TransId{transactions=[Transaction{id='4K6K9Uoz09O5ut42VEiFI9zrOAiJX8oq', timestamp=1611192819095}]}, user=User{authKey={api_key=23bc46b1-71f6-4ed5-8c54-816aa4f8c502:123zO3xZCLrMN6v2BKK1dXYFpXlPkccOFqm12CdAsMgRU4VrNZ9lyGVCGuMDGIwP}, limits={}, namespace=Namespace{name='guest', uuid='23bc46b1-71f6-4ed5-8c54-816aa4f8c502'}, rights=[READ, PUT, DELETE, ACTIVATE], subject='guest'}, targetInvoker='invoker0', normalize=0, priority=5, timePriority=1, riskPriority=1, overload=null, kind='null', cmpLength=null, concurrencyLimit=2, memoryLimit=256, timeLimit=60000, userMemory=2147483648}
Activation{action=Action{name='hello_py', path='guest', version='0.0.1'}, activationId='d2c9a36d-0057-4c00-92fc-9e57e4e1ff13', blocking=true, cause='null', content={kTest=vTest, $scheduler={target=invoker2, priority=5, limits={concurrency=2, memory=256, timeout=60000, userMemory=2147483648}, start=1669486965085}}, initArgs=[], lockedArgs={}, revision='1-ff07dcb3291545090f86e9fc1a01b5bf', rootControllerIndex=RootControllerIndex{asString='0', instanceType='controller'}, transId=TransId{transactions=[Transaction{id='4K6K9Uoz09O5ut42VEiFI9zrOAiJX8oq', timestamp=1611192819095}]}, user=User{authKey={api_key=23bc46b1-71f6-4ed5-8c54-816aa4f8c502:123zO3xZCLrMN6v2BKK1dXYFpXlPkccOFqm12CdAsMgRU4VrNZ9lyGVCGuMDGIwP}, limits={}, namespace=Namespace{name='guest', uuid='23bc46b1-71f6-4ed5-8c54-816aa4f8c502'}, rights=[READ, PUT, DELETE, ACTIVATE], subject='guest'}, targetInvoker='invoker2', normalize=0, priority=5, timePriority=1, riskPriority=1, overload=null, kind='null', cmpLength=null, concurrencyLimit=2, memoryLimit=256, timeLimit=60000, userMemory=2147483648}
Activation{action=Action{name='hello_py', path='guest', version='0.0.1'}, activationId='5a8a22f4-c5d0-48bb-9bb4-e8476bbad2c2', blocking=true, cause='null', content={kTest=vTest, $scheduler={target=invoker1, priority=5, limits={concurrency=2, memory=256, timeout=60000, userMemory=2147483648}, start=1669486965087}}, initArgs=[], lockedArgs={}, revision='1-ff07dcb3291545090f86e9fc1a01b5bf', rootControllerIndex=RootControllerIndex{asString='0', instanceType='controller'}, transId=TransId{transactions=[Transaction{id='4K6K9Uoz09O5ut42VEiFI9zrOAiJX8oq', timestamp=1611192819095}]}, user=User{authKey={api_key=23bc46b1-71f6-4ed5-8c54-816aa4f8c502:123zO3xZCLrMN6v2BKK1dXYFpXlPkccOFqm12CdAsMgRU4VrNZ9lyGVCGuMDGIwP}, limits={}, namespace=Namespace{name='guest', uuid='23bc46b1-71f6-4ed5-8c54-816aa4f8c502'}, rights=[READ, PUT, DELETE, ACTIVATE], subject='guest'}, targetInvoker='invoker1', normalize=0, priority=5, timePriority=1, riskPriority=1, overload=null, kind='null', cmpLength=null, concurrencyLimit=2, memoryLimit=256, timeLimit=60000, userMemory=2147483648}
Activation{action=Action{name='hello_py', path='guest', version='0.0.1'}, activationId='55e3feaa-bab2-4080-8a0d-8f6f88687e8a', blocking=true, cause='null', content={kTest=vTest, $scheduler={target=invoker2, priority=5, limits={concurrency=2, memory=256, timeout=60000, userMemory=2147483648}, start=1669486965088}}, initArgs=[], lockedArgs={}, revision='1-ff07dcb3291545090f86e9fc1a01b5bf', rootControllerIndex=RootControllerIndex{asString='0', instanceType='controller'}, transId=TransId{transactions=[Transaction{id='4K6K9Uoz09O5ut42VEiFI9zrOAiJX8oq', timestamp=1611192819095}]}, user=User{authKey={api_key=23bc46b1-71f6-4ed5-8c54-816aa4f8c502:123zO3xZCLrMN6v2BKK1dXYFpXlPkccOFqm12CdAsMgRU4VrNZ9lyGVCGuMDGIwP}, limits={}, namespace=Namespace{name='guest', uuid='23bc46b1-71f6-4ed5-8c54-816aa4f8c502'}, rights=[READ, PUT, DELETE, ACTIVATE], subject='guest'}, targetInvoker='invoker2', normalize=0, priority=5, timePriority=1, riskPriority=1, overload=null, kind='null', cmpLength=null, concurrencyLimit=2, memoryLimit=256, timeLimit=60000, userMemory=2147483648}
Activation{action=Action{name='hello_py', path='guest', version='0.0.1'}, activationId='4040d3c6-04f6-4381-b1c7-eaa205f2ec3a', blocking=true, cause='null', content={kTest=vTest, $scheduler={target=invoker0, priority=5, limits={concurrency=2, memory=256, timeout=60000, userMemory=2147483648}, start=1669486965088}}, initArgs=[], lockedArgs={}, revision='1-ff07dcb3291545090f86e9fc1a01b5bf', rootControllerIndex=RootControllerIndex{asString='0', instanceType='controller'}, transId=TransId{transactions=[Transaction{id='4K6K9Uoz09O5ut42VEiFI9zrOAiJX8oq', timestamp=1611192819095}]}, user=User{authKey={api_key=23bc46b1-71f6-4ed5-8c54-816aa4f8c502:123zO3xZCLrMN6v2BKK1dXYFpXlPkccOFqm12CdAsMgRU4VrNZ9lyGVCGuMDGIwP}, limits={}, namespace=Namespace{name='guest', uuid='23bc46b1-71f6-4ed5-8c54-816aa4f8c502'}, rights=[READ, PUT, DELETE, ACTIVATE], subject='guest'}, targetInvoker='invoker0', normalize=0, priority=5, timePriority=1, riskPriority=1, overload=null, kind='null', cmpLength=null, concurrencyLimit=2, memoryLimit=256, timeLimit=60000, userMemory=2147483648}
Activation{action=Action{name='hello_py', path='guest', version='0.0.1'}, activationId='af39480a-81fc-496e-ab19-8797f9911558', blocking=true, cause='null', content={kTest=vTest, $scheduler={target=invoker2, priority=5, limits={concurrency=2, memory=256, timeout=60000, userMemory=2147483648}, start=1669486965090}}, initArgs=[], lockedArgs={}, revision='1-ff07dcb3291545090f86e9fc1a01b5bf', rootControllerIndex=RootControllerIndex{asString='0', instanceType='controller'}, transId=TransId{transactions=[Transaction{id='4K6K9Uoz09O5ut42VEiFI9zrOAiJX8oq', timestamp=1611192819095}]}, user=User{authKey={api_key=23bc46b1-71f6-4ed5-8c54-816aa4f8c502:123zO3xZCLrMN6v2BKK1dXYFpXlPkccOFqm12CdAsMgRU4VrNZ9lyGVCGuMDGIwP}, limits={}, namespace=Namespace{name='guest', uuid='23bc46b1-71f6-4ed5-8c54-816aa4f8c502'}, rights=[READ, PUT, DELETE, ACTIVATE], subject='guest'}, targetInvoker='invoker2', normalize=0, priority=5, timePriority=1, riskPriority=1, overload=null, kind='null', cmpLength=null, concurrencyLimit=2, memoryLimit=256, timeLimit=60000, userMemory=2147483648}
Activation{action=Action{name='hello_py', path='guest', version='0.0.1'}, activationId='a69233c8-d7a0-4b64-9421-8393ba220c51', blocking=true, cause='null', content={kTest=vTest, $scheduler={target=invoker0, priority=5, limits={concurrency=2, memory=256, timeout=60000, userMemory=2147483648}, start=1669486965091}}, initArgs=[], lockedArgs={}, revision='1-ff07dcb3291545090f86e9fc1a01b5bf', rootControllerIndex=RootControllerIndex{asString='0', instanceType='controller'}, transId=TransId{transactions=[Transaction{id='4K6K9Uoz09O5ut42VEiFI9zrOAiJX8oq', timestamp=1611192819095}]}, user=User{authKey={api_key=23bc46b1-71f6-4ed5-8c54-816aa4f8c502:123zO3xZCLrMN6v2BKK1dXYFpXlPkccOFqm12CdAsMgRU4VrNZ9lyGVCGuMDGIwP}, limits={}, namespace=Namespace{name='guest', uuid='23bc46b1-71f6-4ed5-8c54-816aa4f8c502'}, rights=[READ, PUT, DELETE, ACTIVATE], subject='guest'}, targetInvoker='invoker0', normalize=0, priority=5, timePriority=1, riskPriority=1, overload=null, kind='null', cmpLength=null, concurrencyLimit=2, memoryLimit=256, timeLimit=60000, userMemory=2147483648}
Activation{action=Action{name='hello_py', path='guest', version='0.0.1'}, activationId='a0330cfa-d438-4fb8-86c6-4d0a3bf3cc98', blocking=true, cause='null', content={kTest=vTest, $scheduler={target=invoker2, priority=5, limits={concurrency=2, memory=256, timeout=60000, userMemory=2147483648}, start=1669486965091}}, initArgs=[], lockedArgs={}, revision='1-ff07dcb3291545090f86e9fc1a01b5bf', rootControllerIndex=RootControllerIndex{asString='0', instanceType='controller'}, transId=TransId{transactions=[Transaction{id='4K6K9Uoz09O5ut42VEiFI9zrOAiJX8oq', timestamp=1611192819095}]}, user=User{authKey={api_key=23bc46b1-71f6-4ed5-8c54-816aa4f8c502:123zO3xZCLrMN6v2BKK1dXYFpXlPkccOFqm12CdAsMgRU4VrNZ9lyGVCGuMDGIwP}, limits={}, namespace=Namespace{name='guest', uuid='23bc46b1-71f6-4ed5-8c54-816aa4f8c502'}, rights=[READ, PUT, DELETE, ACTIVATE], subject='guest'}, targetInvoker='invoker2', normalize=0, priority=5, timePriority=1, riskPriority=1, overload=null, kind='null', cmpLength=null, concurrencyLimit=2, memoryLimit=256, timeLimit=60000, userMemory=2147483648}
Activation{action=Action{name='hello_py', path='guest', version='0.0.1'}, activationId='fe1cdcc5-ca91-4010-83bc-b46683857b98', blocking=true, cause='null', content={kTest=vTest, $scheduler={target=invoker1, priority=5, limits={concurrency=2, memory=256, timeout=60000, userMemory=2147483648}, start=1669486965091}}, initArgs=[], lockedArgs={}, revision='1-ff07dcb3291545090f86e9fc1a01b5bf', rootControllerIndex=RootControllerIndex{asString='0', instanceType='controller'}, transId=TransId{transactions=[Transaction{id='4K6K9Uoz09O5ut42VEiFI9zrOAiJX8oq', timestamp=1611192819095}]}, user=User{authKey={api_key=23bc46b1-71f6-4ed5-8c54-816aa4f8c502:123zO3xZCLrMN6v2BKK1dXYFpXlPkccOFqm12CdAsMgRU4VrNZ9lyGVCGuMDGIwP}, limits={}, namespace=Namespace{name='guest', uuid='23bc46b1-71f6-4ed5-8c54-816aa4f8c502'}, rights=[READ, PUT, DELETE, ACTIVATE], subject='guest'}, targetInvoker='invoker1', normalize=0, priority=5, timePriority=1, riskPriority=1, overload=null, kind='null', cmpLength=null, concurrencyLimit=2, memoryLimit=256, timeLimit=60000, userMemory=2147483648}
Activation{action=Action{name='hello_py', path='guest', version='0.0.1'}, activationId='da47d9b4-7620-4117-a21f-39a4db157eb3', blocking=true, cause='null', content={kTest=vTest, $scheduler={target=invoker2, priority=5, limits={concurrency=2, memory=256, timeout=60000, userMemory=2147483648}, start=1669486965092}}, initArgs=[], lockedArgs={}, revision='1-ff07dcb3291545090f86e9fc1a01b5bf', rootControllerIndex=RootControllerIndex{asString='0', instanceType='controller'}, transId=TransId{transactions=[Transaction{id='4K6K9Uoz09O5ut42VEiFI9zrOAiJX8oq', timestamp=1611192819095}]}, user=User{authKey={api_key=23bc46b1-71f6-4ed5-8c54-816aa4f8c502:123zO3xZCLrMN6v2BKK1dXYFpXlPkccOFqm12CdAsMgRU4VrNZ9lyGVCGuMDGIwP}, limits={}, namespace=Namespace{name='guest', uuid='23bc46b1-71f6-4ed5-8c54-816aa4f8c502'}, rights=[READ, PUT, DELETE, ACTIVATE], subject='guest'}, targetInvoker='invoker2', normalize=0, priority=5, timePriority=1, riskPriority=1, overload=null, kind='null', cmpLength=null, concurrencyLimit=2, memoryLimit=256, timeLimit=60000, userMemory=2147483648}
Activation{action=Action{name='hello_py', path='guest', version='0.0.1'}, activationId='a56ee8fe-4f6a-4a10-87b2-f94ffc5f269b', blocking=true, cause='null', content={kTest=vTest, $scheduler={target=invoker0, priority=5, limits={concurrency=2, memory=256, timeout=60000, userMemory=2147483648}, start=1669486965092}}, initArgs=[], lockedArgs={}, revision='1-ff07dcb3291545090f86e9fc1a01b5bf', rootControllerIndex=RootControllerIndex{asString='0', instanceType='controller'}, transId=TransId{transactions=[Transaction{id='4K6K9Uoz09O5ut42VEiFI9zrOAiJX8oq', timestamp=1611192819095}]}, user=User{authKey={api_key=23bc46b1-71f6-4ed5-8c54-816aa4f8c502:123zO3xZCLrMN6v2BKK1dXYFpXlPkccOFqm12CdAsMgRU4VrNZ9lyGVCGuMDGIwP}, limits={}, namespace=Namespace{name='guest', uuid='23bc46b1-71f6-4ed5-8c54-816aa4f8c502'}, rights=[READ, PUT, DELETE, ACTIVATE], subject='guest'}, targetInvoker='invoker0', normalize=0, priority=5, timePriority=1, riskPriority=1, overload=null, kind='null', cmpLength=null, concurrencyLimit=2, memoryLimit=256, timeLimit=60000, userMemory=2147483648}
Activation{action=Action{name='hello_py', path='guest', version='0.0.1'}, activationId='112f5984-8534-43e1-8fdc-53f8f26e699c', blocking=true, cause='null', content={kTest=vTest, $scheduler={target=invoker2, priority=5, limits={concurrency=2, memory=256, timeout=60000, userMemory=2147483648}, start=1669486965093}}, initArgs=[], lockedArgs={}, revision='1-ff07dcb3291545090f86e9fc1a01b5bf', rootControllerIndex=RootControllerIndex{asString='0', instanceType='controller'}, transId=TransId{transactions=[Transaction{id='4K6K9Uoz09O5ut42VEiFI9zrOAiJX8oq', timestamp=1611192819095}]}, user=User{authKey={api_key=23bc46b1-71f6-4ed5-8c54-816aa4f8c502:123zO3xZCLrMN6v2BKK1dXYFpXlPkccOFqm12CdAsMgRU4VrNZ9lyGVCGuMDGIwP}, limits={}, namespace=Namespace{name='guest', uuid='23bc46b1-71f6-4ed5-8c54-816aa4f8c502'}, rights=[READ, PUT, DELETE, ACTIVATE], subject='guest'}, targetInvoker='invoker2', normalize=0, priority=5, timePriority=1, riskPriority=1, overload=null, kind='null', cmpLength=null, concurrencyLimit=2, memoryLimit=256, timeLimit=60000, userMemory=2147483648}
Activation{action=Action{name='hello_py', path='guest', version='0.0.1'}, activationId='2f55cda2-da89-43fe-8aae-96badb0c8781', blocking=true, cause='null', content={kTest=vTest, $scheduler={target=invoker0, priority=5, limits={concurrency=2, memory=256, timeout=60000, userMemory=2147483648}, start=1669486965093}}, initArgs=[], lockedArgs={}, revision='1-ff07dcb3291545090f86e9fc1a01b5bf', rootControllerIndex=RootControllerIndex{asString='0', instanceType='controller'}, transId=TransId{transactions=[Transaction{id='4K6K9Uoz09O5ut42VEiFI9zrOAiJX8oq', timestamp=1611192819095}]}, user=User{authKey={api_key=23bc46b1-71f6-4ed5-8c54-816aa4f8c502:123zO3xZCLrMN6v2BKK1dXYFpXlPkccOFqm12CdAsMgRU4VrNZ9lyGVCGuMDGIwP}, limits={}, namespace=Namespace{name='guest', uuid='23bc46b1-71f6-4ed5-8c54-816aa4f8c502'}, rights=[READ, PUT, DELETE, ACTIVATE], subject='guest'}, targetInvoker='invoker0', normalize=0, priority=5, timePriority=1, riskPriority=1, overload=null, kind='null', cmpLength=null, concurrencyLimit=2, memoryLimit=256, timeLimit=60000, userMemory=2147483648}
Activation{action=Action{name='hello_py', path='guest', version='0.0.1'}, activationId='66389981-9ccb-409c-858e-6534914e964c', blocking=true, cause='null', content={kTest=vTest, $scheduler={target=invoker0, priority=5, limits={concurrency=2, memory=256, timeout=60000, userMemory=2147483648}, start=1669486965094}}, initArgs=[], lockedArgs={}, revision='1-ff07dcb3291545090f86e9fc1a01b5bf', rootControllerIndex=RootControllerIndex{asString='0', instanceType='controller'}, transId=TransId{transactions=[Transaction{id='4K6K9Uoz09O5ut42VEiFI9zrOAiJX8oq', timestamp=1611192819095}]}, user=User{authKey={api_key=23bc46b1-71f6-4ed5-8c54-816aa4f8c502:123zO3xZCLrMN6v2BKK1dXYFpXlPkccOFqm12CdAsMgRU4VrNZ9lyGVCGuMDGIwP}, limits={}, namespace=Namespace{name='guest', uuid='23bc46b1-71f6-4ed5-8c54-816aa4f8c502'}, rights=[READ, PUT, DELETE, ACTIVATE], subject='guest'}, targetInvoker='invoker0', normalize=0, priority=5, timePriority=1, riskPriority=1, overload=null, kind='null', cmpLength=null, concurrencyLimit=2, memoryLimit=256, timeLimit=60000, userMemory=2147483648}
Activation{action=Action{name='hello_py', path='guest', version='0.0.1'}, activationId='84067492-f7f0-48d2-8785-a78824ca83a4', blocking=true, cause='null', content={kTest=vTest, $scheduler={target=invoker2, priority=5, limits={concurrency=2, memory=256, timeout=60000, userMemory=2147483648}, start=1669486965094}}, initArgs=[], lockedArgs={}, revision='1-ff07dcb3291545090f86e9fc1a01b5bf', rootControllerIndex=RootControllerIndex{asString='0', instanceType='controller'}, transId=TransId{transactions=[Transaction{id='4K6K9Uoz09O5ut42VEiFI9zrOAiJX8oq', timestamp=1611192819095}]}, user=User{authKey={api_key=23bc46b1-71f6-4ed5-8c54-816aa4f8c502:123zO3xZCLrMN6v2BKK1dXYFpXlPkccOFqm12CdAsMgRU4VrNZ9lyGVCGuMDGIwP}, limits={}, namespace=Namespace{name='guest', uuid='23bc46b1-71f6-4ed5-8c54-816aa4f8c502'}, rights=[READ, PUT, DELETE, ACTIVATE], subject='guest'}, targetInvoker='invoker2', normalize=0, priority=5, timePriority=1, riskPriority=1, overload=null, kind='null', cmpLength=null, concurrencyLimit=2, memoryLimit=256, timeLimit=60000, userMemory=2147483648}
Activation{action=Action{name='hello_py', path='guest', version='0.0.1'}, activationId='3dfaaaf7-58b5-4765-be38-b8a54b75ccf2', blocking=true, cause='null', content={kTest=vTest, $scheduler={target=invoker0, priority=5, limits={concurrency=2, memory=256, timeout=60000, userMemory=2147483648}, start=1669486965095}}, initArgs=[], lockedArgs={}, revision='1-ff07dcb3291545090f86e9fc1a01b5bf', rootControllerIndex=RootControllerIndex{asString='0', instanceType='controller'}, transId=TransId{transactions=[Transaction{id='4K6K9Uoz09O5ut42VEiFI9zrOAiJX8oq', timestamp=1611192819095}]}, user=User{authKey={api_key=23bc46b1-71f6-4ed5-8c54-816aa4f8c502:123zO3xZCLrMN6v2BKK1dXYFpXlPkccOFqm12CdAsMgRU4VrNZ9lyGVCGuMDGIwP}, limits={}, namespace=Namespace{name='guest', uuid='23bc46b1-71f6-4ed5-8c54-816aa4f8c502'}, rights=[READ, PUT, DELETE, ACTIVATE], subject='guest'}, targetInvoker='invoker0', normalize=0, priority=5, timePriority=1, riskPriority=1, overload=null, kind='null', cmpLength=null, concurrencyLimit=2, memoryLimit=256, timeLimit=60000, userMemory=2147483648}
Activation{action=Action{name='hello_py', path='guest', version='0.0.1'}, activationId='d9eaa13e-d406-4ad3-95b5-369036fe9c4d', blocking=true, cause='null', content={kTest=vTest, $scheduler={target=invoker0, priority=5, limits={concurrency=2, memory=256, timeout=60000, userMemory=2147483648}, start=1669486965095}}, initArgs=[], lockedArgs={}, revision='1-ff07dcb3291545090f86e9fc1a01b5bf', rootControllerIndex=RootControllerIndex{asString='0', instanceType='controller'}, transId=TransId{transactions=[Transaction{id='4K6K9Uoz09O5ut42VEiFI9zrOAiJX8oq', timestamp=1611192819095}]}, user=User{authKey={api_key=23bc46b1-71f6-4ed5-8c54-816aa4f8c502:123zO3xZCLrMN6v2BKK1dXYFpXlPkccOFqm12CdAsMgRU4VrNZ9lyGVCGuMDGIwP}, limits={}, namespace=Namespace{name='guest', uuid='23bc46b1-71f6-4ed5-8c54-816aa4f8c502'}, rights=[READ, PUT, DELETE, ACTIVATE], subject='guest'}, targetInvoker='invoker0', normalize=0, priority=5, timePriority=1, riskPriority=1, overload=null, kind='null', cmpLength=null, concurrencyLimit=2, memoryLimit=256, timeLimit=60000, userMemory=2147483648}
Activation{action=Action{name='hello_py', path='guest', version='0.0.1'}, activationId='41aacc99-e3cb-4470-be88-713aac3fb520', blocking=true, cause='null', content={kTest=vTest, $scheduler={target=invoker1, priority=4, limits={concurrency=2, memory=256, timeout=60000, userMemory=2147483648}, start=1669486965081}}, initArgs=[], lockedArgs={}, revision='1-ff07dcb3291545090f86e9fc1a01b5bf', rootControllerIndex=RootControllerIndex{asString='0', instanceType='controller'}, transId=TransId{transactions=[Transaction{id='4K6K9Uoz09O5ut42VEiFI9zrOAiJX8oq', timestamp=1611192819095}]}, user=User{authKey={api_key=23bc46b1-71f6-4ed5-8c54-816aa4f8c502:123zO3xZCLrMN6v2BKK1dXYFpXlPkccOFqm12CdAsMgRU4VrNZ9lyGVCGuMDGIwP}, limits={}, namespace=Namespace{name='guest', uuid='23bc46b1-71f6-4ed5-8c54-816aa4f8c502'}, rights=[READ, PUT, DELETE, ACTIVATE], subject='guest'}, targetInvoker='invoker1', normalize=0, priority=4, timePriority=1, riskPriority=1, overload=null, kind='null', cmpLength=null, concurrencyLimit=2, memoryLimit=256, timeLimit=60000, userMemory=2147483648}
Activation{action=Action{name='hello_py', path='guest', version='0.0.1'}, activationId='d7deca3a-2c28-4650-96fe-74533fb44a9d', blocking=true, cause='null', content={kTest=vTest, $scheduler={target=invoker2, priority=4, limits={concurrency=2, memory=256, timeout=60000, userMemory=2147483648}, start=1669486965082}}, initArgs=[], lockedArgs={}, revision='1-ff07dcb3291545090f86e9fc1a01b5bf', rootControllerIndex=RootControllerIndex{asString='0', instanceType='controller'}, transId=TransId{transactions=[Transaction{id='4K6K9Uoz09O5ut42VEiFI9zrOAiJX8oq', timestamp=1611192819095}]}, user=User{authKey={api_key=23bc46b1-71f6-4ed5-8c54-816aa4f8c502:123zO3xZCLrMN6v2BKK1dXYFpXlPkccOFqm12CdAsMgRU4VrNZ9lyGVCGuMDGIwP}, limits={}, namespace=Namespace{name='guest', uuid='23bc46b1-71f6-4ed5-8c54-816aa4f8c502'}, rights=[READ, PUT, DELETE, ACTIVATE], subject='guest'}, targetInvoker='invoker2', normalize=0, priority=4, timePriority=1, riskPriority=1, overload=null, kind='null', cmpLength=null, concurrencyLimit=2, memoryLimit=256, timeLimit=60000, userMemory=2147483648}
Activation{action=Action{name='hello_py', path='guest', version='0.0.1'}, activationId='7083f268-3946-4c95-98ed-ed6a1c06e1ed', blocking=true, cause='null', content={kTest=vTest, $scheduler={target=invoker2, priority=4, limits={concurrency=2, memory=256, timeout=60000, userMemory=2147483648}, start=1669486965082}}, initArgs=[], lockedArgs={}, revision='1-ff07dcb3291545090f86e9fc1a01b5bf', rootControllerIndex=RootControllerIndex{asString='0', instanceType='controller'}, transId=TransId{transactions=[Transaction{id='4K6K9Uoz09O5ut42VEiFI9zrOAiJX8oq', timestamp=1611192819095}]}, user=User{authKey={api_key=23bc46b1-71f6-4ed5-8c54-816aa4f8c502:123zO3xZCLrMN6v2BKK1dXYFpXlPkccOFqm12CdAsMgRU4VrNZ9lyGVCGuMDGIwP}, limits={}, namespace=Namespace{name='guest', uuid='23bc46b1-71f6-4ed5-8c54-816aa4f8c502'}, rights=[READ, PUT, DELETE, ACTIVATE], subject='guest'}, targetInvoker='invoker2', normalize=0, priority=4, timePriority=1, riskPriority=1, overload=null, kind='null', cmpLength=null, concurrencyLimit=2, memoryLimit=256, timeLimit=60000, userMemory=2147483648}
Activation{action=Action{name='hello_py', path='guest', version='0.0.1'}, activationId='3a3e302e-63c5-4da5-97bf-5f2d29482fc6', blocking=true, cause='null', content={kTest=vTest, $scheduler={target=invoker0, priority=4, limits={concurrency=2, memory=256, timeout=60000, userMemory=2147483648}, start=1669486965082}}, initArgs=[], lockedArgs={}, revision='1-ff07dcb3291545090f86e9fc1a01b5bf', rootControllerIndex=RootControllerIndex{asString='0', instanceType='controller'}, transId=TransId{transactions=[Transaction{id='4K6K9Uoz09O5ut42VEiFI9zrOAiJX8oq', timestamp=1611192819095}]}, user=User{authKey={api_key=23bc46b1-71f6-4ed5-8c54-816aa4f8c502:123zO3xZCLrMN6v2BKK1dXYFpXlPkccOFqm12CdAsMgRU4VrNZ9lyGVCGuMDGIwP}, limits={}, namespace=Namespace{name='guest', uuid='23bc46b1-71f6-4ed5-8c54-816aa4f8c502'}, rights=[READ, PUT, DELETE, ACTIVATE], subject='guest'}, targetInvoker='invoker0', normalize=0, priority=4, timePriority=1, riskPriority=1, overload=null, kind='null', cmpLength=null, concurrencyLimit=2, memoryLimit=256, timeLimit=60000, userMemory=2147483648}
Activation{action=Action{name='hello_py', path='guest', version='0.0.1'}, activationId='c07a79fd-019f-495c-bc61-e4e03b591364', blocking=true, cause='null', content={kTest=vTest, $scheduler={target=invoker1, priority=4, limits={concurrency=2, memory=256, timeout=60000, userMemory=2147483648}, start=1669486965082}}, initArgs=[], lockedArgs={}, revision='1-ff07dcb3291545090f86e9fc1a01b5bf', rootControllerIndex=RootControllerIndex{asString='0', instanceType='controller'}, transId=TransId{transactions=[Transaction{id='4K6K9Uoz09O5ut42VEiFI9zrOAiJX8oq', timestamp=1611192819095}]}, user=User{authKey={api_key=23bc46b1-71f6-4ed5-8c54-816aa4f8c502:123zO3xZCLrMN6v2BKK1dXYFpXlPkccOFqm12CdAsMgRU4VrNZ9lyGVCGuMDGIwP}, limits={}, namespace=Namespace{name='guest', uuid='23bc46b1-71f6-4ed5-8c54-816aa4f8c502'}, rights=[READ, PUT, DELETE, ACTIVATE], subject='guest'}, targetInvoker='invoker1', normalize=0, priority=4, timePriority=1, riskPriority=1, overload=null, kind='null', cmpLength=null, concurrencyLimit=2, memoryLimit=256, timeLimit=60000, userMemory=2147483648}
Activation{action=Action{name='hello_py', path='guest', version='0.0.1'}, activationId='d9fbc50e-c60d-48d8-8aee-eb7f959370aa', blocking=true, cause='null', content={kTest=vTest, $scheduler={target=invoker2, priority=4, limits={concurrency=2, memory=256, timeout=60000, userMemory=2147483648}, start=1669486965082}}, initArgs=[], lockedArgs={}, revision='1-ff07dcb3291545090f86e9fc1a01b5bf', rootControllerIndex=RootControllerIndex{asString='0', instanceType='controller'}, transId=TransId{transactions=[Transaction{id='4K6K9Uoz09O5ut42VEiFI9zrOAiJX8oq', timestamp=1611192819095}]}, user=User{authKey={api_key=23bc46b1-71f6-4ed5-8c54-816aa4f8c502:123zO3xZCLrMN6v2BKK1dXYFpXlPkccOFqm12CdAsMgRU4VrNZ9lyGVCGuMDGIwP}, limits={}, namespace=Namespace{name='guest', uuid='23bc46b1-71f6-4ed5-8c54-816aa4f8c502'}, rights=[READ, PUT, DELETE, ACTIVATE], subject='guest'}, targetInvoker='invoker2', normalize=0, priority=4, timePriority=1, riskPriority=1, overload=null, kind='null', cmpLength=null, concurrencyLimit=2, memoryLimit=256, timeLimit=60000, userMemory=2147483648}
Activation{action=Action{name='hello_py', path='guest', version='0.0.1'}, activationId='136c999b-3bec-4f92-bc34-b3b3432c61fc', blocking=true, cause='null', content={kTest=vTest, $scheduler={target=invoker2, priority=4, limits={concurrency=2, memory=256, timeout=60000, userMemory=2147483648}, start=1669486965084}}, initArgs=[], lockedArgs={}, revision='1-ff07dcb3291545090f86e9fc1a01b5bf', rootControllerIndex=RootControllerIndex{asString='0', instanceType='controller'}, transId=TransId{transactions=[Transaction{id='4K6K9Uoz09O5ut42VEiFI9zrOAiJX8oq', timestamp=1611192819095}]}, user=User{authKey={api_key=23bc46b1-71f6-4ed5-8c54-816aa4f8c502:123zO3xZCLrMN6v2BKK1dXYFpXlPkccOFqm12CdAsMgRU4VrNZ9lyGVCGuMDGIwP}, limits={}, namespace=Namespace{name='guest', uuid='23bc46b1-71f6-4ed5-8c54-816aa4f8c502'}, rights=[READ, PUT, DELETE, ACTIVATE], subject='guest'}, targetInvoker='invoker2', normalize=0, priority=4, timePriority=1, riskPriority=1, overload=null, kind='null', cmpLength=null, concurrencyLimit=2, memoryLimit=256, timeLimit=60000, userMemory=2147483648}
Activation{action=Action{name='hello_py', path='guest', version='0.0.1'}, activationId='12f6f194-bce7-4b23-a523-3c92b8501ae1', blocking=true, cause='null', content={kTest=vTest, $scheduler={target=invoker0, priority=4, limits={concurrency=2, memory=256, timeout=60000, userMemory=2147483648}, start=1669486965084}}, initArgs=[], lockedArgs={}, revision='1-ff07dcb3291545090f86e9fc1a01b5bf', rootControllerIndex=RootControllerIndex{asString='0', instanceType='controller'}, transId=TransId{transactions=[Transaction{id='4K6K9Uoz09O5ut42VEiFI9zrOAiJX8oq', timestamp=1611192819095}]}, user=User{authKey={api_key=23bc46b1-71f6-4ed5-8c54-816aa4f8c502:123zO3xZCLrMN6v2BKK1dXYFpXlPkccOFqm12CdAsMgRU4VrNZ9lyGVCGuMDGIwP}, limits={}, namespace=Namespace{name='guest', uuid='23bc46b1-71f6-4ed5-8c54-816aa4f8c502'}, rights=[READ, PUT, DELETE, ACTIVATE], subject='guest'}, targetInvoker='invoker0', normalize=0, priority=4, timePriority=1, riskPriority=1, overload=null, kind='null', cmpLength=null, concurrencyLimit=2, memoryLimit=256, timeLimit=60000, userMemory=2147483648}
Activation{action=Action{name='hello_py', path='guest', version='0.0.1'}, activationId='6471367c-d95e-40c2-a44d-9b98c8d1bb36', blocking=true, cause='null', content={kTest=vTest, $scheduler={target=invoker2, priority=4, limits={concurrency=2, memory=256, timeout=60000, userMemory=2147483648}, start=1669486965084}}, initArgs=[], lockedArgs={}, revision='1-ff07dcb3291545090f86e9fc1a01b5bf', rootControllerIndex=RootControllerIndex{asString='0', instanceType='controller'}, transId=TransId{transactions=[Transaction{id='4K6K9Uoz09O5ut42VEiFI9zrOAiJX8oq', timestamp=1611192819095}]}, user=User{authKey={api_key=23bc46b1-71f6-4ed5-8c54-816aa4f8c502:123zO3xZCLrMN6v2BKK1dXYFpXlPkccOFqm12CdAsMgRU4VrNZ9lyGVCGuMDGIwP}, limits={}, namespace=Namespace{name='guest', uuid='23bc46b1-71f6-4ed5-8c54-816aa4f8c502'}, rights=[READ, PUT, DELETE, ACTIVATE], subject='guest'}, targetInvoker='invoker2', normalize=0, priority=4, timePriority=1, riskPriority=1, overload=null, kind='null', cmpLength=null, concurrencyLimit=2, memoryLimit=256, timeLimit=60000, userMemory=2147483648}
Activation{action=Action{name='hello_py', path='guest', version='0.0.1'}, activationId='da0a4523-c4d4-4213-bf8e-b103de28beeb', blocking=true, cause='null', content={kTest=vTest, $scheduler={target=invoker1, priority=4, limits={concurrency=2, memory=256, timeout=60000, userMemory=2147483648}, start=1669486965085}}, initArgs=[], lockedArgs={}, revision='1-ff07dcb3291545090f86e9fc1a01b5bf', rootControllerIndex=RootControllerIndex{asString='0', instanceType='controller'}, transId=TransId{transactions=[Transaction{id='4K6K9Uoz09O5ut42VEiFI9zrOAiJX8oq', timestamp=1611192819095}]}, user=User{authKey={api_key=23bc46b1-71f6-4ed5-8c54-816aa4f8c502:123zO3xZCLrMN6v2BKK1dXYFpXlPkccOFqm12CdAsMgRU4VrNZ9lyGVCGuMDGIwP}, limits={}, namespace=Namespace{name='guest', uuid='23bc46b1-71f6-4ed5-8c54-816aa4f8c502'}, rights=[READ, PUT, DELETE, ACTIVATE], subject='guest'}, targetInvoker='invoker1', normalize=0, priority=4, timePriority=1, riskPriority=1, overload=null, kind='null', cmpLength=null, concurrencyLimit=2, memoryLimit=256, timeLimit=60000, userMemory=2147483648}
Activation{action=Action{name='hello_py', path='guest', version='0.0.1'}, activationId='8beeb7e7-c609-4560-8b60-0f9e3d463bc7', blocking=true, cause='null', content={kTest=vTest, $scheduler={target=invoker1, priority=4, limits={concurrency=2, memory=256, timeout=60000, userMemory=2147483648}, start=1669486965086}}, initArgs=[], lockedArgs={}, revision='1-ff07dcb3291545090f86e9fc1a01b5bf', rootControllerIndex=RootControllerIndex{asString='0', instanceType='controller'}, transId=TransId{transactions=[Transaction{id='4K6K9Uoz09O5ut42VEiFI9zrOAiJX8oq', timestamp=1611192819095}]}, user=User{authKey={api_key=23bc46b1-71f6-4ed5-8c54-816aa4f8c502:123zO3xZCLrMN6v2BKK1dXYFpXlPkccOFqm12CdAsMgRU4VrNZ9lyGVCGuMDGIwP}, limits={}, namespace=Namespace{name='guest', uuid='23bc46b1-71f6-4ed5-8c54-816aa4f8c502'}, rights=[READ, PUT, DELETE, ACTIVATE], subject='guest'}, targetInvoker='invoker1', normalize=0, priority=4, timePriority=1, riskPriority=1, overload=null, kind='null', cmpLength=null, concurrencyLimit=2, memoryLimit=256, timeLimit=60000, userMemory=2147483648}
Activation{action=Action{name='hello_py', path='guest', version='0.0.1'}, activationId='6bbf19e7-8eae-47b3-8be7-962cf50bf7e1', blocking=true, cause='null', content={kTest=vTest, $scheduler={target=invoker1, priority=4, limits={concurrency=2, memory=256, timeout=60000, userMemory=2147483648}, start=1669486965092}}, initArgs=[], lockedArgs={}, revision='1-ff07dcb3291545090f86e9fc1a01b5bf', rootControllerIndex=RootControllerIndex{asString='0', instanceType='controller'}, transId=TransId{transactions=[Transaction{id='4K6K9Uoz09O5ut42VEiFI9zrOAiJX8oq', timestamp=1611192819095}]}, user=User{authKey={api_key=23bc46b1-71f6-4ed5-8c54-816aa4f8c502:123zO3xZCLrMN6v2BKK1dXYFpXlPkccOFqm12CdAsMgRU4VrNZ9lyGVCGuMDGIwP}, limits={}, namespace=Namespace{name='guest', uuid='23bc46b1-71f6-4ed5-8c54-816aa4f8c502'}, rights=[READ, PUT, DELETE, ACTIVATE], subject='guest'}, targetInvoker='invoker1', normalize=0, priority=4, timePriority=1, riskPriority=1, overload=null, kind='null', cmpLength=null, concurrencyLimit=2, memoryLimit=256, timeLimit=60000, userMemory=2147483648}
Activation{action=Action{name='hello_py', path='guest', version='0.0.1'}, activationId='88c2d1fc-8ca8-4b8b-bf89-75db3bff7b61', blocking=true, cause='null', content={kTest=vTest, $scheduler={target=invoker1, priority=4, limits={concurrency=2, memory=256, timeout=60000, userMemory=2147483648}, start=1669486965093}}, initArgs=[], lockedArgs={}, revision='1-ff07dcb3291545090f86e9fc1a01b5bf', rootControllerIndex=RootControllerIndex{asString='0', instanceType='controller'}, transId=TransId{transactions=[Transaction{id='4K6K9Uoz09O5ut42VEiFI9zrOAiJX8oq', timestamp=1611192819095}]}, user=User{authKey={api_key=23bc46b1-71f6-4ed5-8c54-816aa4f8c502:123zO3xZCLrMN6v2BKK1dXYFpXlPkccOFqm12CdAsMgRU4VrNZ9lyGVCGuMDGIwP}, limits={}, namespace=Namespace{name='guest', uuid='23bc46b1-71f6-4ed5-8c54-816aa4f8c502'}, rights=[READ, PUT, DELETE, ACTIVATE], subject='guest'}, targetInvoker='invoker1', normalize=0, priority=4, timePriority=1, riskPriority=1, overload=null, kind='null', cmpLength=null, concurrencyLimit=2, memoryLimit=256, timeLimit=60000, userMemory=2147483648}
Activation{action=Action{name='hello_py', path='guest', version='0.0.1'}, activationId='1144ae83-6fb8-4506-9b6c-b1c70f811cd9', blocking=true, cause='null', content={kTest=vTest, $scheduler={target=invoker2, priority=4, limits={concurrency=2, memory=256, timeout=60000, userMemory=2147483648}, start=1669486965094}}, initArgs=[], lockedArgs={}, revision='1-ff07dcb3291545090f86e9fc1a01b5bf', rootControllerIndex=RootControllerIndex{asString='0', instanceType='controller'}, transId=TransId{transactions=[Transaction{id='4K6K9Uoz09O5ut42VEiFI9zrOAiJX8oq', timestamp=1611192819095}]}, user=User{authKey={api_key=23bc46b1-71f6-4ed5-8c54-816aa4f8c502:123zO3xZCLrMN6v2BKK1dXYFpXlPkccOFqm12CdAsMgRU4VrNZ9lyGVCGuMDGIwP}, limits={}, namespace=Namespace{name='guest', uuid='23bc46b1-71f6-4ed5-8c54-816aa4f8c502'}, rights=[READ, PUT, DELETE, ACTIVATE], subject='guest'}, targetInvoker='invoker2', normalize=0, priority=4, timePriority=1, riskPriority=1, overload=null, kind='null', cmpLength=null, concurrencyLimit=2, memoryLimit=256, timeLimit=60000, userMemory=2147483648}
Activation{action=Action{name='hello_py', path='guest', version='0.0.1'}, activationId='13e8c2e8-ca8d-449b-a986-00e04caa3d3f', blocking=true, cause='null', content={kTest=vTest, $scheduler={target=invoker0, priority=4, limits={concurrency=2, memory=256, timeout=60000, userMemory=2147483648}, start=1669486965094}}, initArgs=[], lockedArgs={}, revision='1-ff07dcb3291545090f86e9fc1a01b5bf', rootControllerIndex=RootControllerIndex{asString='0', instanceType='controller'}, transId=TransId{transactions=[Transaction{id='4K6K9Uoz09O5ut42VEiFI9zrOAiJX8oq', timestamp=1611192819095}]}, user=User{authKey={api_key=23bc46b1-71f6-4ed5-8c54-816aa4f8c502:123zO3xZCLrMN6v2BKK1dXYFpXlPkccOFqm12CdAsMgRU4VrNZ9lyGVCGuMDGIwP}, limits={}, namespace=Namespace{name='guest', uuid='23bc46b1-71f6-4ed5-8c54-816aa4f8c502'}, rights=[READ, PUT, DELETE, ACTIVATE], subject='guest'}, targetInvoker='invoker0', normalize=0, priority=4, timePriority=1, riskPriority=1, overload=null, kind='null', cmpLength=null, concurrencyLimit=2, memoryLimit=256, timeLimit=60000, userMemory=2147483648}
Activation{action=Action{name='hello_py', path='guest', version='0.0.1'}, activationId='82808adf-2252-4208-9d7d-a5c2032010cd', blocking=true, cause='null', content={kTest=vTest, $scheduler={target=invoker2, priority=4, limits={concurrency=2, memory=256, timeout=60000, userMemory=2147483648}, start=1669486965095}}, initArgs=[], lockedArgs={}, revision='1-ff07dcb3291545090f86e9fc1a01b5bf', rootControllerIndex=RootControllerIndex{asString='0', instanceType='controller'}, transId=TransId{transactions=[Transaction{id='4K6K9Uoz09O5ut42VEiFI9zrOAiJX8oq', timestamp=1611192819095}]}, user=User{authKey={api_key=23bc46b1-71f6-4ed5-8c54-816aa4f8c502:123zO3xZCLrMN6v2BKK1dXYFpXlPkccOFqm12CdAsMgRU4VrNZ9lyGVCGuMDGIwP}, limits={}, namespace=Namespace{name='guest', uuid='23bc46b1-71f6-4ed5-8c54-816aa4f8c502'}, rights=[READ, PUT, DELETE, ACTIVATE], subject='guest'}, targetInvoker='invoker2', normalize=0, priority=4, timePriority=1, riskPriority=1, overload=null, kind='null', cmpLength=null, concurrencyLimit=2, memoryLimit=256, timeLimit=60000, userMemory=2147483648}
Activation{action=Action{name='hello_py', path='guest', version='0.0.1'}, activationId='b74b2515-b6b8-49d2-8a1f-9b2f1191825b', blocking=true, cause='null', content={kTest=vTest, $scheduler={target=invoker2, priority=3, limits={concurrency=2, memory=256, timeout=60000, userMemory=2147483648}, start=1669486965081}}, initArgs=[], lockedArgs={}, revision='1-ff07dcb3291545090f86e9fc1a01b5bf', rootControllerIndex=RootControllerIndex{asString='0', instanceType='controller'}, transId=TransId{transactions=[Transaction{id='4K6K9Uoz09O5ut42VEiFI9zrOAiJX8oq', timestamp=1611192819095}]}, user=User{authKey={api_key=23bc46b1-71f6-4ed5-8c54-816aa4f8c502:123zO3xZCLrMN6v2BKK1dXYFpXlPkccOFqm12CdAsMgRU4VrNZ9lyGVCGuMDGIwP}, limits={}, namespace=Namespace{name='guest', uuid='23bc46b1-71f6-4ed5-8c54-816aa4f8c502'}, rights=[READ, PUT, DELETE, ACTIVATE], subject='guest'}, targetInvoker='invoker2', normalize=0, priority=3, timePriority=1, riskPriority=1, overload=null, kind='null', cmpLength=null, concurrencyLimit=2, memoryLimit=256, timeLimit=60000, userMemory=2147483648}
Activation{action=Action{name='hello_py', path='guest', version='0.0.1'}, activationId='0c723061-32b0-498e-82af-3fe71cb22d72', blocking=true, cause='null', content={kTest=vTest, $scheduler={target=invoker0, priority=3, limits={concurrency=2, memory=256, timeout=60000, userMemory=2147483648}, start=1669486965083}}, initArgs=[], lockedArgs={}, revision='1-ff07dcb3291545090f86e9fc1a01b5bf', rootControllerIndex=RootControllerIndex{asString='0', instanceType='controller'}, transId=TransId{transactions=[Transaction{id='4K6K9Uoz09O5ut42VEiFI9zrOAiJX8oq', timestamp=1611192819095}]}, user=User{authKey={api_key=23bc46b1-71f6-4ed5-8c54-816aa4f8c502:123zO3xZCLrMN6v2BKK1dXYFpXlPkccOFqm12CdAsMgRU4VrNZ9lyGVCGuMDGIwP}, limits={}, namespace=Namespace{name='guest', uuid='23bc46b1-71f6-4ed5-8c54-816aa4f8c502'}, rights=[READ, PUT, DELETE, ACTIVATE], subject='guest'}, targetInvoker='invoker0', normalize=0, priority=3, timePriority=1, riskPriority=1, overload=null, kind='null', cmpLength=null, concurrencyLimit=2, memoryLimit=256, timeLimit=60000, userMemory=2147483648}
Activation{action=Action{name='hello_py', path='guest', version='0.0.1'}, activationId='2adaa2e4-feab-48b6-989a-34732f7d90be', blocking=true, cause='null', content={kTest=vTest, $scheduler={target=invoker0, priority=3, limits={concurrency=2, memory=256, timeout=60000, userMemory=2147483648}, start=1669486965084}}, initArgs=[], lockedArgs={}, revision='1-ff07dcb3291545090f86e9fc1a01b5bf', rootControllerIndex=RootControllerIndex{asString='0', instanceType='controller'}, transId=TransId{transactions=[Transaction{id='4K6K9Uoz09O5ut42VEiFI9zrOAiJX8oq', timestamp=1611192819095}]}, user=User{authKey={api_key=23bc46b1-71f6-4ed5-8c54-816aa4f8c502:123zO3xZCLrMN6v2BKK1dXYFpXlPkccOFqm12CdAsMgRU4VrNZ9lyGVCGuMDGIwP}, limits={}, namespace=Namespace{name='guest', uuid='23bc46b1-71f6-4ed5-8c54-816aa4f8c502'}, rights=[READ, PUT, DELETE, ACTIVATE], subject='guest'}, targetInvoker='invoker0', normalize=0, priority=3, timePriority=1, riskPriority=1, overload=null, kind='null', cmpLength=null, concurrencyLimit=2, memoryLimit=256, timeLimit=60000, userMemory=2147483648}
Activation{action=Action{name='hello_py', path='guest', version='0.0.1'}, activationId='cafdfec7-993f-4565-9224-feefd7b706b3', blocking=true, cause='null', content={kTest=vTest, $scheduler={target=invoker2, priority=3, limits={concurrency=2, memory=256, timeout=60000, userMemory=2147483648}, start=1669486965085}}, initArgs=[], lockedArgs={}, revision='1-ff07dcb3291545090f86e9fc1a01b5bf', rootControllerIndex=RootControllerIndex{asString='0', instanceType='controller'}, transId=TransId{transactions=[Transaction{id='4K6K9Uoz09O5ut42VEiFI9zrOAiJX8oq', timestamp=1611192819095}]}, user=User{authKey={api_key=23bc46b1-71f6-4ed5-8c54-816aa4f8c502:123zO3xZCLrMN6v2BKK1dXYFpXlPkccOFqm12CdAsMgRU4VrNZ9lyGVCGuMDGIwP}, limits={}, namespace=Namespace{name='guest', uuid='23bc46b1-71f6-4ed5-8c54-816aa4f8c502'}, rights=[READ, PUT, DELETE, ACTIVATE], subject='guest'}, targetInvoker='invoker2', normalize=0, priority=3, timePriority=1, riskPriority=1, overload=null, kind='null', cmpLength=null, concurrencyLimit=2, memoryLimit=256, timeLimit=60000, userMemory=2147483648}
Activation{action=Action{name='hello_py', path='guest', version='0.0.1'}, activationId='8567874b-7434-45a2-9622-e2a1d8fe65af', blocking=true, cause='null', content={kTest=vTest, $scheduler={target=invoker0, priority=3, limits={concurrency=2, memory=256, timeout=60000, userMemory=2147483648}, start=1669486965085}}, initArgs=[], lockedArgs={}, revision='1-ff07dcb3291545090f86e9fc1a01b5bf', rootControllerIndex=RootControllerIndex{asString='0', instanceType='controller'}, transId=TransId{transactions=[Transaction{id='4K6K9Uoz09O5ut42VEiFI9zrOAiJX8oq', timestamp=1611192819095}]}, user=User{authKey={api_key=23bc46b1-71f6-4ed5-8c54-816aa4f8c502:123zO3xZCLrMN6v2BKK1dXYFpXlPkccOFqm12CdAsMgRU4VrNZ9lyGVCGuMDGIwP}, limits={}, namespace=Namespace{name='guest', uuid='23bc46b1-71f6-4ed5-8c54-816aa4f8c502'}, rights=[READ, PUT, DELETE, ACTIVATE], subject='guest'}, targetInvoker='invoker0', normalize=0, priority=3, timePriority=1, riskPriority=1, overload=null, kind='null', cmpLength=null, concurrencyLimit=2, memoryLimit=256, timeLimit=60000, userMemory=2147483648}
Activation{action=Action{name='hello_py', path='guest', version='0.0.1'}, activationId='db7e967c-9a22-43b1-a4d7-ea297f0a6f04', blocking=true, cause='null', content={kTest=vTest, $scheduler={target=invoker2, priority=3, limits={concurrency=2, memory=256, timeout=60000, userMemory=2147483648}, start=1669486965087}}, initArgs=[], lockedArgs={}, revision='1-ff07dcb3291545090f86e9fc1a01b5bf', rootControllerIndex=RootControllerIndex{asString='0', instanceType='controller'}, transId=TransId{transactions=[Transaction{id='4K6K9Uoz09O5ut42VEiFI9zrOAiJX8oq', timestamp=1611192819095}]}, user=User{authKey={api_key=23bc46b1-71f6-4ed5-8c54-816aa4f8c502:123zO3xZCLrMN6v2BKK1dXYFpXlPkccOFqm12CdAsMgRU4VrNZ9lyGVCGuMDGIwP}, limits={}, namespace=Namespace{name='guest', uuid='23bc46b1-71f6-4ed5-8c54-816aa4f8c502'}, rights=[READ, PUT, DELETE, ACTIVATE], subject='guest'}, targetInvoker='invoker2', normalize=0, priority=3, timePriority=1, riskPriority=1, overload=null, kind='null', cmpLength=null, concurrencyLimit=2, memoryLimit=256, timeLimit=60000, userMemory=2147483648}
Activation{action=Action{name='hello_py', path='guest', version='0.0.1'}, activationId='2dce4793-4991-40e7-a9b7-ae0a89bd713b', blocking=true, cause='null', content={kTest=vTest, $scheduler={target=invoker0, priority=3, limits={concurrency=2, memory=256, timeout=60000, userMemory=2147483648}, start=1669486965090}}, initArgs=[], lockedArgs={}, revision='1-ff07dcb3291545090f86e9fc1a01b5bf', rootControllerIndex=RootControllerIndex{asString='0', instanceType='controller'}, transId=TransId{transactions=[Transaction{id='4K6K9Uoz09O5ut42VEiFI9zrOAiJX8oq', timestamp=1611192819095}]}, user=User{authKey={api_key=23bc46b1-71f6-4ed5-8c54-816aa4f8c502:123zO3xZCLrMN6v2BKK1dXYFpXlPkccOFqm12CdAsMgRU4VrNZ9lyGVCGuMDGIwP}, limits={}, namespace=Namespace{name='guest', uuid='23bc46b1-71f6-4ed5-8c54-816aa4f8c502'}, rights=[READ, PUT, DELETE, ACTIVATE], subject='guest'}, targetInvoker='invoker0', normalize=0, priority=3, timePriority=1, riskPriority=1, overload=null, kind='null', cmpLength=null, concurrencyLimit=2, memoryLimit=256, timeLimit=60000, userMemory=2147483648}
Activation{action=Action{name='hello_py', path='guest', version='0.0.1'}, activationId='11aabf2a-5d50-4821-beb7-2ca679a35e16', blocking=true, cause='null', content={kTest=vTest, $scheduler={target=invoker0, priority=3, limits={concurrency=2, memory=256, timeout=60000, userMemory=2147483648}, start=1669486965091}}, initArgs=[], lockedArgs={}, revision='1-ff07dcb3291545090f86e9fc1a01b5bf', rootControllerIndex=RootControllerIndex{asString='0', instanceType='controller'}, transId=TransId{transactions=[Transaction{id='4K6K9Uoz09O5ut42VEiFI9zrOAiJX8oq', timestamp=1611192819095}]}, user=User{authKey={api_key=23bc46b1-71f6-4ed5-8c54-816aa4f8c502:123zO3xZCLrMN6v2BKK1dXYFpXlPkccOFqm12CdAsMgRU4VrNZ9lyGVCGuMDGIwP}, limits={}, namespace=Namespace{name='guest', uuid='23bc46b1-71f6-4ed5-8c54-816aa4f8c502'}, rights=[READ, PUT, DELETE, ACTIVATE], subject='guest'}, targetInvoker='invoker0', normalize=0, priority=3, timePriority=1, riskPriority=1, overload=null, kind='null', cmpLength=null, concurrencyLimit=2, memoryLimit=256, timeLimit=60000, userMemory=2147483648}
Activation{action=Action{name='hello_py', path='guest', version='0.0.1'}, activationId='041d2a62-ac04-49d3-a801-bf3ee0a6d555', blocking=true, cause='null', content={kTest=vTest, $scheduler={target=invoker0, priority=3, limits={concurrency=2, memory=256, timeout=60000, userMemory=2147483648}, start=1669486965091}}, initArgs=[], lockedArgs={}, revision='1-ff07dcb3291545090f86e9fc1a01b5bf', rootControllerIndex=RootControllerIndex{asString='0', instanceType='controller'}, transId=TransId{transactions=[Transaction{id='4K6K9Uoz09O5ut42VEiFI9zrOAiJX8oq', timestamp=1611192819095}]}, user=User{authKey={api_key=23bc46b1-71f6-4ed5-8c54-816aa4f8c502:123zO3xZCLrMN6v2BKK1dXYFpXlPkccOFqm12CdAsMgRU4VrNZ9lyGVCGuMDGIwP}, limits={}, namespace=Namespace{name='guest', uuid='23bc46b1-71f6-4ed5-8c54-816aa4f8c502'}, rights=[READ, PUT, DELETE, ACTIVATE], subject='guest'}, targetInvoker='invoker0', normalize=0, priority=3, timePriority=1, riskPriority=1, overload=null, kind='null', cmpLength=null, concurrencyLimit=2, memoryLimit=256, timeLimit=60000, userMemory=2147483648}
Activation{action=Action{name='hello_py', path='guest', version='0.0.1'}, activationId='d0236374-c6a0-4316-8ec4-df1e12b5eb9d', blocking=true, cause='null', content={kTest=vTest, $scheduler={target=invoker2, priority=3, limits={concurrency=2, memory=256, timeout=60000, userMemory=2147483648}, start=1669486965092}}, initArgs=[], lockedArgs={}, revision='1-ff07dcb3291545090f86e9fc1a01b5bf', rootControllerIndex=RootControllerIndex{asString='0', instanceType='controller'}, transId=TransId{transactions=[Transaction{id='4K6K9Uoz09O5ut42VEiFI9zrOAiJX8oq', timestamp=1611192819095}]}, user=User{authKey={api_key=23bc46b1-71f6-4ed5-8c54-816aa4f8c502:123zO3xZCLrMN6v2BKK1dXYFpXlPkccOFqm12CdAsMgRU4VrNZ9lyGVCGuMDGIwP}, limits={}, namespace=Namespace{name='guest', uuid='23bc46b1-71f6-4ed5-8c54-816aa4f8c502'}, rights=[READ, PUT, DELETE, ACTIVATE], subject='guest'}, targetInvoker='invoker2', normalize=0, priority=3, timePriority=1, riskPriority=1, overload=null, kind='null', cmpLength=null, concurrencyLimit=2, memoryLimit=256, timeLimit=60000, userMemory=2147483648}
Activation{action=Action{name='hello_py', path='guest', version='0.0.1'}, activationId='b2afb0aa-970c-47a0-83ae-e42c453ded55', blocking=true, cause='null', content={kTest=vTest, $scheduler={target=invoker2, priority=3, limits={concurrency=2, memory=256, timeout=60000, userMemory=2147483648}, start=1669486965094}}, initArgs=[], lockedArgs={}, revision='1-ff07dcb3291545090f86e9fc1a01b5bf', rootControllerIndex=RootControllerIndex{asString='0', instanceType='controller'}, transId=TransId{transactions=[Transaction{id='4K6K9Uoz09O5ut42VEiFI9zrOAiJX8oq', timestamp=1611192819095}]}, user=User{authKey={api_key=23bc46b1-71f6-4ed5-8c54-816aa4f8c502:123zO3xZCLrMN6v2BKK1dXYFpXlPkccOFqm12CdAsMgRU4VrNZ9lyGVCGuMDGIwP}, limits={}, namespace=Namespace{name='guest', uuid='23bc46b1-71f6-4ed5-8c54-816aa4f8c502'}, rights=[READ, PUT, DELETE, ACTIVATE], subject='guest'}, targetInvoker='invoker2', normalize=0, priority=3, timePriority=1, riskPriority=1, overload=null, kind='null', cmpLength=null, concurrencyLimit=2, memoryLimit=256, timeLimit=60000, userMemory=2147483648}
Activation{action=Action{name='hello_py', path='guest', version='0.0.1'}, activationId='a35d6433-9c39-4361-9b94-73c40dd81011', blocking=true, cause='null', content={kTest=vTest, $scheduler={target=invoker1, priority=3, limits={concurrency=2, memory=256, timeout=60000, userMemory=2147483648}, start=1669486965095}}, initArgs=[], lockedArgs={}, revision='1-ff07dcb3291545090f86e9fc1a01b5bf', rootControllerIndex=RootControllerIndex{asString='0', instanceType='controller'}, transId=TransId{transactions=[Transaction{id='4K6K9Uoz09O5ut42VEiFI9zrOAiJX8oq', timestamp=1611192819095}]}, user=User{authKey={api_key=23bc46b1-71f6-4ed5-8c54-816aa4f8c502:123zO3xZCLrMN6v2BKK1dXYFpXlPkccOFqm12CdAsMgRU4VrNZ9lyGVCGuMDGIwP}, limits={}, namespace=Namespace{name='guest', uuid='23bc46b1-71f6-4ed5-8c54-816aa4f8c502'}, rights=[READ, PUT, DELETE, ACTIVATE], subject='guest'}, targetInvoker='invoker1', normalize=0, priority=3, timePriority=1, riskPriority=1, overload=null, kind='null', cmpLength=null, concurrencyLimit=2, memoryLimit=256, timeLimit=60000, userMemory=2147483648}
Activation{action=Action{name='hello_py', path='guest', version='0.0.1'}, activationId='95479725-c167-4a98-b9dd-1c93af12ff6e', blocking=true, cause='null', content={kTest=vTest, $scheduler={target=invoker1, priority=2, limits={concurrency=2, memory=256, timeout=60000, userMemory=2147483648}, start=1669486965082}}, initArgs=[], lockedArgs={}, revision='1-ff07dcb3291545090f86e9fc1a01b5bf', rootControllerIndex=RootControllerIndex{asString='0', instanceType='controller'}, transId=TransId{transactions=[Transaction{id='4K6K9Uoz09O5ut42VEiFI9zrOAiJX8oq', timestamp=1611192819095}]}, user=User{authKey={api_key=23bc46b1-71f6-4ed5-8c54-816aa4f8c502:123zO3xZCLrMN6v2BKK1dXYFpXlPkccOFqm12CdAsMgRU4VrNZ9lyGVCGuMDGIwP}, limits={}, namespace=Namespace{name='guest', uuid='23bc46b1-71f6-4ed5-8c54-816aa4f8c502'}, rights=[READ, PUT, DELETE, ACTIVATE], subject='guest'}, targetInvoker='invoker1', normalize=0, priority=2, timePriority=1, riskPriority=1, overload=null, kind='null', cmpLength=null, concurrencyLimit=2, memoryLimit=256, timeLimit=60000, userMemory=2147483648}
Activation{action=Action{name='hello_py', path='guest', version='0.0.1'}, activationId='775b237a-2b17-4db6-b226-44e33a1d96ef', blocking=true, cause='null', content={kTest=vTest, $scheduler={target=invoker2, priority=2, limits={concurrency=2, memory=256, timeout=60000, userMemory=2147483648}, start=1669486965082}}, initArgs=[], lockedArgs={}, revision='1-ff07dcb3291545090f86e9fc1a01b5bf', rootControllerIndex=RootControllerIndex{asString='0', instanceType='controller'}, transId=TransId{transactions=[Transaction{id='4K6K9Uoz09O5ut42VEiFI9zrOAiJX8oq', timestamp=1611192819095}]}, user=User{authKey={api_key=23bc46b1-71f6-4ed5-8c54-816aa4f8c502:123zO3xZCLrMN6v2BKK1dXYFpXlPkccOFqm12CdAsMgRU4VrNZ9lyGVCGuMDGIwP}, limits={}, namespace=Namespace{name='guest', uuid='23bc46b1-71f6-4ed5-8c54-816aa4f8c502'}, rights=[READ, PUT, DELETE, ACTIVATE], subject='guest'}, targetInvoker='invoker2', normalize=0, priority=2, timePriority=1, riskPriority=1, overload=null, kind='null', cmpLength=null, concurrencyLimit=2, memoryLimit=256, timeLimit=60000, userMemory=2147483648}
Activation{action=Action{name='hello_py', path='guest', version='0.0.1'}, activationId='1cd24188-1644-48ee-bc34-5110bf7967ab', blocking=true, cause='null', content={kTest=vTest, $scheduler={target=invoker1, priority=2, limits={concurrency=2, memory=256, timeout=60000, userMemory=2147483648}, start=1669486965082}}, initArgs=[], lockedArgs={}, revision='1-ff07dcb3291545090f86e9fc1a01b5bf', rootControllerIndex=RootControllerIndex{asString='0', instanceType='controller'}, transId=TransId{transactions=[Transaction{id='4K6K9Uoz09O5ut42VEiFI9zrOAiJX8oq', timestamp=1611192819095}]}, user=User{authKey={api_key=23bc46b1-71f6-4ed5-8c54-816aa4f8c502:123zO3xZCLrMN6v2BKK1dXYFpXlPkccOFqm12CdAsMgRU4VrNZ9lyGVCGuMDGIwP}, limits={}, namespace=Namespace{name='guest', uuid='23bc46b1-71f6-4ed5-8c54-816aa4f8c502'}, rights=[READ, PUT, DELETE, ACTIVATE], subject='guest'}, targetInvoker='invoker1', normalize=0, priority=2, timePriority=1, riskPriority=1, overload=null, kind='null', cmpLength=null, concurrencyLimit=2, memoryLimit=256, timeLimit=60000, userMemory=2147483648}
Activation{action=Action{name='hello_py', path='guest', version='0.0.1'}, activationId='8b351e7a-2c21-4f13-bba2-b27f361cf25a', blocking=true, cause='null', content={kTest=vTest, $scheduler={target=invoker0, priority=2, limits={concurrency=2, memory=256, timeout=60000, userMemory=2147483648}, start=1669486965084}}, initArgs=[], lockedArgs={}, revision='1-ff07dcb3291545090f86e9fc1a01b5bf', rootControllerIndex=RootControllerIndex{asString='0', instanceType='controller'}, transId=TransId{transactions=[Transaction{id='4K6K9Uoz09O5ut42VEiFI9zrOAiJX8oq', timestamp=1611192819095}]}, user=User{authKey={api_key=23bc46b1-71f6-4ed5-8c54-816aa4f8c502:123zO3xZCLrMN6v2BKK1dXYFpXlPkccOFqm12CdAsMgRU4VrNZ9lyGVCGuMDGIwP}, limits={}, namespace=Namespace{name='guest', uuid='23bc46b1-71f6-4ed5-8c54-816aa4f8c502'}, rights=[READ, PUT, DELETE, ACTIVATE], subject='guest'}, targetInvoker='invoker0', normalize=0, priority=2, timePriority=1, riskPriority=1, overload=null, kind='null', cmpLength=null, concurrencyLimit=2, memoryLimit=256, timeLimit=60000, userMemory=2147483648}
Activation{action=Action{name='hello_py', path='guest', version='0.0.1'}, activationId='46132b73-1abc-44c0-8d3f-d58bfb429a2f', blocking=true, cause='null', content={kTest=vTest, $scheduler={target=invoker1, priority=2, limits={concurrency=2, memory=256, timeout=60000, userMemory=2147483648}, start=1669486965084}}, initArgs=[], lockedArgs={}, revision='1-ff07dcb3291545090f86e9fc1a01b5bf', rootControllerIndex=RootControllerIndex{asString='0', instanceType='controller'}, transId=TransId{transactions=[Transaction{id='4K6K9Uoz09O5ut42VEiFI9zrOAiJX8oq', timestamp=1611192819095}]}, user=User{authKey={api_key=23bc46b1-71f6-4ed5-8c54-816aa4f8c502:123zO3xZCLrMN6v2BKK1dXYFpXlPkccOFqm12CdAsMgRU4VrNZ9lyGVCGuMDGIwP}, limits={}, namespace=Namespace{name='guest', uuid='23bc46b1-71f6-4ed5-8c54-816aa4f8c502'}, rights=[READ, PUT, DELETE, ACTIVATE], subject='guest'}, targetInvoker='invoker1', normalize=0, priority=2, timePriority=1, riskPriority=1, overload=null, kind='null', cmpLength=null, concurrencyLimit=2, memoryLimit=256, timeLimit=60000, userMemory=2147483648}
Activation{action=Action{name='hello_py', path='guest', version='0.0.1'}, activationId='6b1f6637-9569-4d17-8b6a-f99c0a0eb9c4', blocking=true, cause='null', content={kTest=vTest, $scheduler={target=invoker2, priority=2, limits={concurrency=2, memory=256, timeout=60000, userMemory=2147483648}, start=1669486965085}}, initArgs=[], lockedArgs={}, revision='1-ff07dcb3291545090f86e9fc1a01b5bf', rootControllerIndex=RootControllerIndex{asString='0', instanceType='controller'}, transId=TransId{transactions=[Transaction{id='4K6K9Uoz09O5ut42VEiFI9zrOAiJX8oq', timestamp=1611192819095}]}, user=User{authKey={api_key=23bc46b1-71f6-4ed5-8c54-816aa4f8c502:123zO3xZCLrMN6v2BKK1dXYFpXlPkccOFqm12CdAsMgRU4VrNZ9lyGVCGuMDGIwP}, limits={}, namespace=Namespace{name='guest', uuid='23bc46b1-71f6-4ed5-8c54-816aa4f8c502'}, rights=[READ, PUT, DELETE, ACTIVATE], subject='guest'}, targetInvoker='invoker2', normalize=0, priority=2, timePriority=1, riskPriority=1, overload=null, kind='null', cmpLength=null, concurrencyLimit=2, memoryLimit=256, timeLimit=60000, userMemory=2147483648}
Activation{action=Action{name='hello_py', path='guest', version='0.0.1'}, activationId='2e96c44e-e62b-4708-b059-110546f964d9', blocking=true, cause='null', content={kTest=vTest, $scheduler={target=invoker0, priority=2, limits={concurrency=2, memory=256, timeout=60000, userMemory=2147483648}, start=1669486965085}}, initArgs=[], lockedArgs={}, revision='1-ff07dcb3291545090f86e9fc1a01b5bf', rootControllerIndex=RootControllerIndex{asString='0', instanceType='controller'}, transId=TransId{transactions=[Transaction{id='4K6K9Uoz09O5ut42VEiFI9zrOAiJX8oq', timestamp=1611192819095}]}, user=User{authKey={api_key=23bc46b1-71f6-4ed5-8c54-816aa4f8c502:123zO3xZCLrMN6v2BKK1dXYFpXlPkccOFqm12CdAsMgRU4VrNZ9lyGVCGuMDGIwP}, limits={}, namespace=Namespace{name='guest', uuid='23bc46b1-71f6-4ed5-8c54-816aa4f8c502'}, rights=[READ, PUT, DELETE, ACTIVATE], subject='guest'}, targetInvoker='invoker0', normalize=0, priority=2, timePriority=1, riskPriority=1, overload=null, kind='null', cmpLength=null, concurrencyLimit=2, memoryLimit=256, timeLimit=60000, userMemory=2147483648}
Activation{action=Action{name='hello_py', path='guest', version='0.0.1'}, activationId='2f73ed13-42e6-4e7a-8e6b-7386c0b0c215', blocking=true, cause='null', content={kTest=vTest, $scheduler={target=invoker0, priority=2, limits={concurrency=2, memory=256, timeout=60000, userMemory=2147483648}, start=1669486965088}}, initArgs=[], lockedArgs={}, revision='1-ff07dcb3291545090f86e9fc1a01b5bf', rootControllerIndex=RootControllerIndex{asString='0', instanceType='controller'}, transId=TransId{transactions=[Transaction{id='4K6K9Uoz09O5ut42VEiFI9zrOAiJX8oq', timestamp=1611192819095}]}, user=User{authKey={api_key=23bc46b1-71f6-4ed5-8c54-816aa4f8c502:123zO3xZCLrMN6v2BKK1dXYFpXlPkccOFqm12CdAsMgRU4VrNZ9lyGVCGuMDGIwP}, limits={}, namespace=Namespace{name='guest', uuid='23bc46b1-71f6-4ed5-8c54-816aa4f8c502'}, rights=[READ, PUT, DELETE, ACTIVATE], subject='guest'}, targetInvoker='invoker0', normalize=0, priority=2, timePriority=1, riskPriority=1, overload=null, kind='null', cmpLength=null, concurrencyLimit=2, memoryLimit=256, timeLimit=60000, userMemory=2147483648}
Activation{action=Action{name='hello_py', path='guest', version='0.0.1'}, activationId='cd54047f-c61a-466a-8833-3e865d552403', blocking=true, cause='null', content={kTest=vTest, $scheduler={target=invoker2, priority=2, limits={concurrency=2, memory=256, timeout=60000, userMemory=2147483648}, start=1669486965090}}, initArgs=[], lockedArgs={}, revision='1-ff07dcb3291545090f86e9fc1a01b5bf', rootControllerIndex=RootControllerIndex{asString='0', instanceType='controller'}, transId=TransId{transactions=[Transaction{id='4K6K9Uoz09O5ut42VEiFI9zrOAiJX8oq', timestamp=1611192819095}]}, user=User{authKey={api_key=23bc46b1-71f6-4ed5-8c54-816aa4f8c502:123zO3xZCLrMN6v2BKK1dXYFpXlPkccOFqm12CdAsMgRU4VrNZ9lyGVCGuMDGIwP}, limits={}, namespace=Namespace{name='guest', uuid='23bc46b1-71f6-4ed5-8c54-816aa4f8c502'}, rights=[READ, PUT, DELETE, ACTIVATE], subject='guest'}, targetInvoker='invoker2', normalize=0, priority=2, timePriority=1, riskPriority=1, overload=null, kind='null', cmpLength=null, concurrencyLimit=2, memoryLimit=256, timeLimit=60000, userMemory=2147483648}
Activation{action=Action{name='hello_py', path='guest', version='0.0.1'}, activationId='813ac45c-1b5c-4dba-be8f-20684d03414b', blocking=true, cause='null', content={kTest=vTest, $scheduler={target=invoker2, priority=2, limits={concurrency=2, memory=256, timeout=60000, userMemory=2147483648}, start=1669486965092}}, initArgs=[], lockedArgs={}, revision='1-ff07dcb3291545090f86e9fc1a01b5bf', rootControllerIndex=RootControllerIndex{asString='0', instanceType='controller'}, transId=TransId{transactions=[Transaction{id='4K6K9Uoz09O5ut42VEiFI9zrOAiJX8oq', timestamp=1611192819095}]}, user=User{authKey={api_key=23bc46b1-71f6-4ed5-8c54-816aa4f8c502:123zO3xZCLrMN6v2BKK1dXYFpXlPkccOFqm12CdAsMgRU4VrNZ9lyGVCGuMDGIwP}, limits={}, namespace=Namespace{name='guest', uuid='23bc46b1-71f6-4ed5-8c54-816aa4f8c502'}, rights=[READ, PUT, DELETE, ACTIVATE], subject='guest'}, targetInvoker='invoker2', normalize=0, priority=2, timePriority=1, riskPriority=1, overload=null, kind='null', cmpLength=null, concurrencyLimit=2, memoryLimit=256, timeLimit=60000, userMemory=2147483648}
Activation{action=Action{name='hello_py', path='guest', version='0.0.1'}, activationId='19446ff9-e46d-4d11-a0a4-0c50bdad0f42', blocking=true, cause='null', content={kTest=vTest, $scheduler={target=invoker1, priority=2, limits={concurrency=2, memory=256, timeout=60000, userMemory=2147483648}, start=1669486965093}}, initArgs=[], lockedArgs={}, revision='1-ff07dcb3291545090f86e9fc1a01b5bf', rootControllerIndex=RootControllerIndex{asString='0', instanceType='controller'}, transId=TransId{transactions=[Transaction{id='4K6K9Uoz09O5ut42VEiFI9zrOAiJX8oq', timestamp=1611192819095}]}, user=User{authKey={api_key=23bc46b1-71f6-4ed5-8c54-816aa4f8c502:123zO3xZCLrMN6v2BKK1dXYFpXlPkccOFqm12CdAsMgRU4VrNZ9lyGVCGuMDGIwP}, limits={}, namespace=Namespace{name='guest', uuid='23bc46b1-71f6-4ed5-8c54-816aa4f8c502'}, rights=[READ, PUT, DELETE, ACTIVATE], subject='guest'}, targetInvoker='invoker1', normalize=0, priority=2, timePriority=1, riskPriority=1, overload=null, kind='null', cmpLength=null, concurrencyLimit=2, memoryLimit=256, timeLimit=60000, userMemory=2147483648}
Activation{action=Action{name='hello_py', path='guest', version='0.0.1'}, activationId='3c7db994-d179-47fc-84b1-e8be542c91c9', blocking=true, cause='null', content={kTest=vTest, $scheduler={target=invoker0, priority=2, limits={concurrency=2, memory=256, timeout=60000, userMemory=2147483648}, start=1669486965094}}, initArgs=[], lockedArgs={}, revision='1-ff07dcb3291545090f86e9fc1a01b5bf', rootControllerIndex=RootControllerIndex{asString='0', instanceType='controller'}, transId=TransId{transactions=[Transaction{id='4K6K9Uoz09O5ut42VEiFI9zrOAiJX8oq', timestamp=1611192819095}]}, user=User{authKey={api_key=23bc46b1-71f6-4ed5-8c54-816aa4f8c502:123zO3xZCLrMN6v2BKK1dXYFpXlPkccOFqm12CdAsMgRU4VrNZ9lyGVCGuMDGIwP}, limits={}, namespace=Namespace{name='guest', uuid='23bc46b1-71f6-4ed5-8c54-816aa4f8c502'}, rights=[READ, PUT, DELETE, ACTIVATE], subject='guest'}, targetInvoker='invoker0', normalize=0, priority=2, timePriority=1, riskPriority=1, overload=null, kind='null', cmpLength=null, concurrencyLimit=2, memoryLimit=256, timeLimit=60000, userMemory=2147483648}
Activation{action=Action{name='hello_py', path='guest', version='0.0.1'}, activationId='b5bcb214-ce40-45dd-a00c-92a4cd26c870', blocking=true, cause='null', content={kTest=vTest, $scheduler={target=invoker0, priority=2, limits={concurrency=2, memory=256, timeout=60000, userMemory=2147483648}, start=1669486965094}}, initArgs=[], lockedArgs={}, revision='1-ff07dcb3291545090f86e9fc1a01b5bf', rootControllerIndex=RootControllerIndex{asString='0', instanceType='controller'}, transId=TransId{transactions=[Transaction{id='4K6K9Uoz09O5ut42VEiFI9zrOAiJX8oq', timestamp=1611192819095}]}, user=User{authKey={api_key=23bc46b1-71f6-4ed5-8c54-816aa4f8c502:123zO3xZCLrMN6v2BKK1dXYFpXlPkccOFqm12CdAsMgRU4VrNZ9lyGVCGuMDGIwP}, limits={}, namespace=Namespace{name='guest', uuid='23bc46b1-71f6-4ed5-8c54-816aa4f8c502'}, rights=[READ, PUT, DELETE, ACTIVATE], subject='guest'}, targetInvoker='invoker0', normalize=0, priority=2, timePriority=1, riskPriority=1, overload=null, kind='null', cmpLength=null, concurrencyLimit=2, memoryLimit=256, timeLimit=60000, userMemory=2147483648}
Activation{action=Action{name='hello_py', path='guest', version='0.0.1'}, activationId='56686c49-b438-41f0-bc13-fac94f30f638', blocking=true, cause='null', content={kTest=vTest, $scheduler={target=invoker2, priority=2, limits={concurrency=2, memory=256, timeout=60000, userMemory=2147483648}, start=1669486965094}}, initArgs=[], lockedArgs={}, revision='1-ff07dcb3291545090f86e9fc1a01b5bf', rootControllerIndex=RootControllerIndex{asString='0', instanceType='controller'}, transId=TransId{transactions=[Transaction{id='4K6K9Uoz09O5ut42VEiFI9zrOAiJX8oq', timestamp=1611192819095}]}, user=User{authKey={api_key=23bc46b1-71f6-4ed5-8c54-816aa4f8c502:123zO3xZCLrMN6v2BKK1dXYFpXlPkccOFqm12CdAsMgRU4VrNZ9lyGVCGuMDGIwP}, limits={}, namespace=Namespace{name='guest', uuid='23bc46b1-71f6-4ed5-8c54-816aa4f8c502'}, rights=[READ, PUT, DELETE, ACTIVATE], subject='guest'}, targetInvoker='invoker2', normalize=0, priority=2, timePriority=1, riskPriority=1, overload=null, kind='null', cmpLength=null, concurrencyLimit=2, memoryLimit=256, timeLimit=60000, userMemory=2147483648}
Activation{action=Action{name='hello_py', path='guest', version='0.0.1'}, activationId='44c787ae-3d4f-4217-b4c6-52bbe881c6ed', blocking=true, cause='null', content={kTest=vTest, $scheduler={target=invoker1, priority=2, limits={concurrency=2, memory=256, timeout=60000, userMemory=2147483648}, start=1669486965095}}, initArgs=[], lockedArgs={}, revision='1-ff07dcb3291545090f86e9fc1a01b5bf', rootControllerIndex=RootControllerIndex{asString='0', instanceType='controller'}, transId=TransId{transactions=[Transaction{id='4K6K9Uoz09O5ut42VEiFI9zrOAiJX8oq', timestamp=1611192819095}]}, user=User{authKey={api_key=23bc46b1-71f6-4ed5-8c54-816aa4f8c502:123zO3xZCLrMN6v2BKK1dXYFpXlPkccOFqm12CdAsMgRU4VrNZ9lyGVCGuMDGIwP}, limits={}, namespace=Namespace{name='guest', uuid='23bc46b1-71f6-4ed5-8c54-816aa4f8c502'}, rights=[READ, PUT, DELETE, ACTIVATE], subject='guest'}, targetInvoker='invoker1', normalize=0, priority=2, timePriority=1, riskPriority=1, overload=null, kind='null', cmpLength=null, concurrencyLimit=2, memoryLimit=256, timeLimit=60000, userMemory=2147483648}
Activation{action=Action{name='hello_py', path='guest', version='0.0.1'}, activationId='7443aae0-0d8b-46f9-b2e3-c33e96b759f3', blocking=true, cause='null', content={kTest=vTest, $scheduler={target=invoker1, priority=2, limits={concurrency=2, memory=256, timeout=60000, userMemory=2147483648}, start=1669486965095}}, initArgs=[], lockedArgs={}, revision='1-ff07dcb3291545090f86e9fc1a01b5bf', rootControllerIndex=RootControllerIndex{asString='0', instanceType='controller'}, transId=TransId{transactions=[Transaction{id='4K6K9Uoz09O5ut42VEiFI9zrOAiJX8oq', timestamp=1611192819095}]}, user=User{authKey={api_key=23bc46b1-71f6-4ed5-8c54-816aa4f8c502:123zO3xZCLrMN6v2BKK1dXYFpXlPkccOFqm12CdAsMgRU4VrNZ9lyGVCGuMDGIwP}, limits={}, namespace=Namespace{name='guest', uuid='23bc46b1-71f6-4ed5-8c54-816aa4f8c502'}, rights=[READ, PUT, DELETE, ACTIVATE], subject='guest'}, targetInvoker='invoker1', normalize=0, priority=2, timePriority=1, riskPriority=1, overload=null, kind='null', cmpLength=null, concurrencyLimit=2, memoryLimit=256, timeLimit=60000, userMemory=2147483648}
Activation{action=Action{name='hello_py', path='guest', version='0.0.1'}, activationId='3308299d-07ee-4fa4-b139-80b29aaeec72', blocking=true, cause='null', content={kTest=vTest, $scheduler={target=invoker1, priority=2, limits={concurrency=2, memory=256, timeout=60000, userMemory=2147483648}, start=1669486965095}}, initArgs=[], lockedArgs={}, revision='1-ff07dcb3291545090f86e9fc1a01b5bf', rootControllerIndex=RootControllerIndex{asString='0', instanceType='controller'}, transId=TransId{transactions=[Transaction{id='4K6K9Uoz09O5ut42VEiFI9zrOAiJX8oq', timestamp=1611192819095}]}, user=User{authKey={api_key=23bc46b1-71f6-4ed5-8c54-816aa4f8c502:123zO3xZCLrMN6v2BKK1dXYFpXlPkccOFqm12CdAsMgRU4VrNZ9lyGVCGuMDGIwP}, limits={}, namespace=Namespace{name='guest', uuid='23bc46b1-71f6-4ed5-8c54-816aa4f8c502'}, rights=[READ, PUT, DELETE, ACTIVATE], subject='guest'}, targetInvoker='invoker1', normalize=0, priority=2, timePriority=1, riskPriority=1, overload=null, kind='null', cmpLength=null, concurrencyLimit=2, memoryLimit=256, timeLimit=60000, userMemory=2147483648}
Activation{action=Action{name='hello_py', path='guest', version='0.0.1'}, activationId='a480a14b-25d8-4afb-b205-302c7e3a2890', blocking=true, cause='null', content={kTest=vTest, $scheduler={target=invoker0, priority=2, limits={concurrency=2, memory=256, timeout=60000, userMemory=2147483648}, start=1669486965095}}, initArgs=[], lockedArgs={}, revision='1-ff07dcb3291545090f86e9fc1a01b5bf', rootControllerIndex=RootControllerIndex{asString='0', instanceType='controller'}, transId=TransId{transactions=[Transaction{id='4K6K9Uoz09O5ut42VEiFI9zrOAiJX8oq', timestamp=1611192819095}]}, user=User{authKey={api_key=23bc46b1-71f6-4ed5-8c54-816aa4f8c502:123zO3xZCLrMN6v2BKK1dXYFpXlPkccOFqm12CdAsMgRU4VrNZ9lyGVCGuMDGIwP}, limits={}, namespace=Namespace{name='guest', uuid='23bc46b1-71f6-4ed5-8c54-816aa4f8c502'}, rights=[READ, PUT, DELETE, ACTIVATE], subject='guest'}, targetInvoker='invoker0', normalize=0, priority=2, timePriority=1, riskPriority=1, overload=null, kind='null', cmpLength=null, concurrencyLimit=2, memoryLimit=256, timeLimit=60000, userMemory=2147483648}
Activation{action=Action{name='hello_py', path='guest', version='0.0.1'}, activationId='cc16dc33-73e6-4d76-b4de-754f5b004cd8', blocking=true, cause='null', content={kTest=vTest, $scheduler={target=invoker2, priority=1, limits={concurrency=2, memory=256, timeout=60000, userMemory=2147483648}, start=1669486965081}}, initArgs=[], lockedArgs={}, revision='1-ff07dcb3291545090f86e9fc1a01b5bf', rootControllerIndex=RootControllerIndex{asString='0', instanceType='controller'}, transId=TransId{transactions=[Transaction{id='4K6K9Uoz09O5ut42VEiFI9zrOAiJX8oq', timestamp=1611192819095}]}, user=User{authKey={api_key=23bc46b1-71f6-4ed5-8c54-816aa4f8c502:123zO3xZCLrMN6v2BKK1dXYFpXlPkccOFqm12CdAsMgRU4VrNZ9lyGVCGuMDGIwP}, limits={}, namespace=Namespace{name='guest', uuid='23bc46b1-71f6-4ed5-8c54-816aa4f8c502'}, rights=[READ, PUT, DELETE, ACTIVATE], subject='guest'}, targetInvoker='invoker2', normalize=0, priority=1, timePriority=1, riskPriority=1, overload=null, kind='null', cmpLength=null, concurrencyLimit=2, memoryLimit=256, timeLimit=60000, userMemory=2147483648}
Activation{action=Action{name='hello_py', path='guest', version='0.0.1'}, activationId='1b768406-4192-4825-a86b-40aaa7de4e19', blocking=true, cause='null', content={kTest=vTest, $scheduler={target=invoker0, priority=1, limits={concurrency=2, memory=256, timeout=60000, userMemory=2147483648}, start=1669486965082}}, initArgs=[], lockedArgs={}, revision='1-ff07dcb3291545090f86e9fc1a01b5bf', rootControllerIndex=RootControllerIndex{asString='0', instanceType='controller'}, transId=TransId{transactions=[Transaction{id='4K6K9Uoz09O5ut42VEiFI9zrOAiJX8oq', timestamp=1611192819095}]}, user=User{authKey={api_key=23bc46b1-71f6-4ed5-8c54-816aa4f8c502:123zO3xZCLrMN6v2BKK1dXYFpXlPkccOFqm12CdAsMgRU4VrNZ9lyGVCGuMDGIwP}, limits={}, namespace=Namespace{name='guest', uuid='23bc46b1-71f6-4ed5-8c54-816aa4f8c502'}, rights=[READ, PUT, DELETE, ACTIVATE], subject='guest'}, targetInvoker='invoker0', normalize=0, priority=1, timePriority=1, riskPriority=1, overload=null, kind='null', cmpLength=null, concurrencyLimit=2, memoryLimit=256, timeLimit=60000, userMemory=2147483648}
Activation{action=Action{name='hello_py', path='guest', version='0.0.1'}, activationId='abc806b8-4706-4249-b96a-07998d14805c', blocking=true, cause='null', content={kTest=vTest, $scheduler={target=invoker1, priority=1, limits={concurrency=2, memory=256, timeout=60000, userMemory=2147483648}, start=1669486965085}}, initArgs=[], lockedArgs={}, revision='1-ff07dcb3291545090f86e9fc1a01b5bf', rootControllerIndex=RootControllerIndex{asString='0', instanceType='controller'}, transId=TransId{transactions=[Transaction{id='4K6K9Uoz09O5ut42VEiFI9zrOAiJX8oq', timestamp=1611192819095}]}, user=User{authKey={api_key=23bc46b1-71f6-4ed5-8c54-816aa4f8c502:123zO3xZCLrMN6v2BKK1dXYFpXlPkccOFqm12CdAsMgRU4VrNZ9lyGVCGuMDGIwP}, limits={}, namespace=Namespace{name='guest', uuid='23bc46b1-71f6-4ed5-8c54-816aa4f8c502'}, rights=[READ, PUT, DELETE, ACTIVATE], subject='guest'}, targetInvoker='invoker1', normalize=0, priority=1, timePriority=1, riskPriority=1, overload=null, kind='null', cmpLength=null, concurrencyLimit=2, memoryLimit=256, timeLimit=60000, userMemory=2147483648}
Activation{action=Action{name='hello_py', path='guest', version='0.0.1'}, activationId='fcc54139-e47b-4dc3-bbfa-9729fbe622c3', blocking=true, cause='null', content={kTest=vTest, $scheduler={target=invoker0, priority=1, limits={concurrency=2, memory=256, timeout=60000, userMemory=2147483648}, start=1669486965085}}, initArgs=[], lockedArgs={}, revision='1-ff07dcb3291545090f86e9fc1a01b5bf', rootControllerIndex=RootControllerIndex{asString='0', instanceType='controller'}, transId=TransId{transactions=[Transaction{id='4K6K9Uoz09O5ut42VEiFI9zrOAiJX8oq', timestamp=1611192819095}]}, user=User{authKey={api_key=23bc46b1-71f6-4ed5-8c54-816aa4f8c502:123zO3xZCLrMN6v2BKK1dXYFpXlPkccOFqm12CdAsMgRU4VrNZ9lyGVCGuMDGIwP}, limits={}, namespace=Namespace{name='guest', uuid='23bc46b1-71f6-4ed5-8c54-816aa4f8c502'}, rights=[READ, PUT, DELETE, ACTIVATE], subject='guest'}, targetInvoker='invoker0', normalize=0, priority=1, timePriority=1, riskPriority=1, overload=null, kind='null', cmpLength=null, concurrencyLimit=2, memoryLimit=256, timeLimit=60000, userMemory=2147483648}
Activation{action=Action{name='hello_py', path='guest', version='0.0.1'}, activationId='bfb84678-8735-4e71-97e2-6ab701b98f69', blocking=true, cause='null', content={kTest=vTest, $scheduler={target=invoker2, priority=1, limits={concurrency=2, memory=256, timeout=60000, userMemory=2147483648}, start=1669486965085}}, initArgs=[], lockedArgs={}, revision='1-ff07dcb3291545090f86e9fc1a01b5bf', rootControllerIndex=RootControllerIndex{asString='0', instanceType='controller'}, transId=TransId{transactions=[Transaction{id='4K6K9Uoz09O5ut42VEiFI9zrOAiJX8oq', timestamp=1611192819095}]}, user=User{authKey={api_key=23bc46b1-71f6-4ed5-8c54-816aa4f8c502:123zO3xZCLrMN6v2BKK1dXYFpXlPkccOFqm12CdAsMgRU4VrNZ9lyGVCGuMDGIwP}, limits={}, namespace=Namespace{name='guest', uuid='23bc46b1-71f6-4ed5-8c54-816aa4f8c502'}, rights=[READ, PUT, DELETE, ACTIVATE], subject='guest'}, targetInvoker='invoker2', normalize=0, priority=1, timePriority=1, riskPriority=1, overload=null, kind='null', cmpLength=null, concurrencyLimit=2, memoryLimit=256, timeLimit=60000, userMemory=2147483648}
Activation{action=Action{name='hello_py', path='guest', version='0.0.1'}, activationId='ea183f6c-0892-4893-8937-5689616305fb', blocking=true, cause='null', content={kTest=vTest, $scheduler={target=invoker1, priority=1, limits={concurrency=2, memory=256, timeout=60000, userMemory=2147483648}, start=1669486965087}}, initArgs=[], lockedArgs={}, revision='1-ff07dcb3291545090f86e9fc1a01b5bf', rootControllerIndex=RootControllerIndex{asString='0', instanceType='controller'}, transId=TransId{transactions=[Transaction{id='4K6K9Uoz09O5ut42VEiFI9zrOAiJX8oq', timestamp=1611192819095}]}, user=User{authKey={api_key=23bc46b1-71f6-4ed5-8c54-816aa4f8c502:123zO3xZCLrMN6v2BKK1dXYFpXlPkccOFqm12CdAsMgRU4VrNZ9lyGVCGuMDGIwP}, limits={}, namespace=Namespace{name='guest', uuid='23bc46b1-71f6-4ed5-8c54-816aa4f8c502'}, rights=[READ, PUT, DELETE, ACTIVATE], subject='guest'}, targetInvoker='invoker1', normalize=0, priority=1, timePriority=1, riskPriority=1, overload=null, kind='null', cmpLength=null, concurrencyLimit=2, memoryLimit=256, timeLimit=60000, userMemory=2147483648}
Activation{action=Action{name='hello_py', path='guest', version='0.0.1'}, activationId='ffaeb2f0-0086-41d3-86e5-21731c7b0bd3', blocking=true, cause='null', content={kTest=vTest, $scheduler={target=invoker2, priority=1, limits={concurrency=2, memory=256, timeout=60000, userMemory=2147483648}, start=1669486965087}}, initArgs=[], lockedArgs={}, revision='1-ff07dcb3291545090f86e9fc1a01b5bf', rootControllerIndex=RootControllerIndex{asString='0', instanceType='controller'}, transId=TransId{transactions=[Transaction{id='4K6K9Uoz09O5ut42VEiFI9zrOAiJX8oq', timestamp=1611192819095}]}, user=User{authKey={api_key=23bc46b1-71f6-4ed5-8c54-816aa4f8c502:123zO3xZCLrMN6v2BKK1dXYFpXlPkccOFqm12CdAsMgRU4VrNZ9lyGVCGuMDGIwP}, limits={}, namespace=Namespace{name='guest', uuid='23bc46b1-71f6-4ed5-8c54-816aa4f8c502'}, rights=[READ, PUT, DELETE, ACTIVATE], subject='guest'}, targetInvoker='invoker2', normalize=0, priority=1, timePriority=1, riskPriority=1, overload=null, kind='null', cmpLength=null, concurrencyLimit=2, memoryLimit=256, timeLimit=60000, userMemory=2147483648}
Activation{action=Action{name='hello_py', path='guest', version='0.0.1'}, activationId='95786f1f-3c45-40e5-bdfd-94ddfe72c2d7', blocking=true, cause='null', content={kTest=vTest, $scheduler={target=invoker0, priority=1, limits={concurrency=2, memory=256, timeout=60000, userMemory=2147483648}, start=1669486965090}}, initArgs=[], lockedArgs={}, revision='1-ff07dcb3291545090f86e9fc1a01b5bf', rootControllerIndex=RootControllerIndex{asString='0', instanceType='controller'}, transId=TransId{transactions=[Transaction{id='4K6K9Uoz09O5ut42VEiFI9zrOAiJX8oq', timestamp=1611192819095}]}, user=User{authKey={api_key=23bc46b1-71f6-4ed5-8c54-816aa4f8c502:123zO3xZCLrMN6v2BKK1dXYFpXlPkccOFqm12CdAsMgRU4VrNZ9lyGVCGuMDGIwP}, limits={}, namespace=Namespace{name='guest', uuid='23bc46b1-71f6-4ed5-8c54-816aa4f8c502'}, rights=[READ, PUT, DELETE, ACTIVATE], subject='guest'}, targetInvoker='invoker0', normalize=0, priority=1, timePriority=1, riskPriority=1, overload=null, kind='null', cmpLength=null, concurrencyLimit=2, memoryLimit=256, timeLimit=60000, userMemory=2147483648}
Activation{action=Action{name='hello_py', path='guest', version='0.0.1'}, activationId='478842ce-1a3b-4c1a-aa09-6b8a13238cbf', blocking=true, cause='null', content={kTest=vTest, $scheduler={target=invoker0, priority=1, limits={concurrency=2, memory=256, timeout=60000, userMemory=2147483648}, start=1669486965091}}, initArgs=[], lockedArgs={}, revision='1-ff07dcb3291545090f86e9fc1a01b5bf', rootControllerIndex=RootControllerIndex{asString='0', instanceType='controller'}, transId=TransId{transactions=[Transaction{id='4K6K9Uoz09O5ut42VEiFI9zrOAiJX8oq', timestamp=1611192819095}]}, user=User{authKey={api_key=23bc46b1-71f6-4ed5-8c54-816aa4f8c502:123zO3xZCLrMN6v2BKK1dXYFpXlPkccOFqm12CdAsMgRU4VrNZ9lyGVCGuMDGIwP}, limits={}, namespace=Namespace{name='guest', uuid='23bc46b1-71f6-4ed5-8c54-816aa4f8c502'}, rights=[READ, PUT, DELETE, ACTIVATE], subject='guest'}, targetInvoker='invoker0', normalize=0, priority=1, timePriority=1, riskPriority=1, overload=null, kind='null', cmpLength=null, concurrencyLimit=2, memoryLimit=256, timeLimit=60000, userMemory=2147483648}
[...]
Activation{action=Action{name='hello_py', path='guest', version='0.0.1'}, activationId='039b3cb8-70f5-4a3d-860f-3db6ae8450d2', blocking=true, cause='null', content={kTest=vTest, $scheduler={target=invoker2, priority=0, limits={concurrency=2, memory=256, timeout=60000, userMemory=2147483648}, start=1669486965082}}, initArgs=[], lockedArgs={}, revision='1-ff07dcb3291545090f86e9fc1a01b5bf', rootControllerIndex=RootControllerIndex{asString='0', instanceType='controller'}, transId=TransId{transactions=[Transaction{id='4K6K9Uoz09O5ut42VEiFI9zrOAiJX8oq', timestamp=1611192819095}]}, user=User{authKey={api_key=23bc46b1-71f6-4ed5-8c54-816aa4f8c502:123zO3xZCLrMN6v2BKK1dXYFpXlPkccOFqm12CdAsMgRU4VrNZ9lyGVCGuMDGIwP}, limits={}, namespace=Namespace{name='guest', uuid='23bc46b1-71f6-4ed5-8c54-816aa4f8c502'}, rights=[READ, PUT, DELETE, ACTIVATE], subject='guest'}, targetInvoker='invoker2', normalize=0, priority=0, timePriority=1, riskPriority=1, overload=null, kind='null', cmpLength=null, concurrencyLimit=2, memoryLimit=256, timeLimit=60000, userMemory=2147483648}
Activation{action=Action{name='hello_py', path='guest', version='0.0.1'}, activationId='4e4fcaed-734d-4ab6-8abb-1a3420d7cfa6', blocking=true, cause='null', content={kTest=vTest, $scheduler={target=invoker1, priority=0, limits={concurrency=2, memory=256, timeout=60000, userMemory=2147483648}, start=1669486965082}}, initArgs=[], lockedArgs={}, revision='1-ff07dcb3291545090f86e9fc1a01b5bf', rootControllerIndex=RootControllerIndex{asString='0', instanceType='controller'}, transId=TransId{transactions=[Transaction{id='4K6K9Uoz09O5ut42VEiFI9zrOAiJX8oq', timestamp=1611192819095}]}, user=User{authKey={api_key=23bc46b1-71f6-4ed5-8c54-816aa4f8c502:123zO3xZCLrMN6v2BKK1dXYFpXlPkccOFqm12CdAsMgRU4VrNZ9lyGVCGuMDGIwP}, limits={}, namespace=Namespace{name='guest', uuid='23bc46b1-71f6-4ed5-8c54-816aa4f8c502'}, rights=[READ, PUT, DELETE, ACTIVATE], subject='guest'}, targetInvoker='invoker1', normalize=0, priority=0, timePriority=1, riskPriority=1, overload=null, kind='null', cmpLength=null, concurrencyLimit=2, memoryLimit=256, timeLimit=60000, userMemory=2147483648}
Activation{action=Action{name='hello_py', path='guest', version='0.0.1'}, activationId='f59fe85b-9a7f-4b88-b61a-5ff57cc79db8', blocking=true, cause='null', content={kTest=vTest, $scheduler={target=invoker0, priority=0, limits={concurrency=2, memory=256, timeout=60000, userMemory=2147483648}, start=1669486965085}}, initArgs=[], lockedArgs={}, revision='1-ff07dcb3291545090f86e9fc1a01b5bf', rootControllerIndex=RootControllerIndex{asString='0', instanceType='controller'}, transId=TransId{transactions=[Transaction{id='4K6K9Uoz09O5ut42VEiFI9zrOAiJX8oq', timestamp=1611192819095}]}, user=User{authKey={api_key=23bc46b1-71f6-4ed5-8c54-816aa4f8c502:123zO3xZCLrMN6v2BKK1dXYFpXlPkccOFqm12CdAsMgRU4VrNZ9lyGVCGuMDGIwP}, limits={}, namespace=Namespace{name='guest', uuid='23bc46b1-71f6-4ed5-8c54-816aa4f8c502'}, rights=[READ, PUT, DELETE, ACTIVATE], subject='guest'}, targetInvoker='invoker0', normalize=0, priority=0, timePriority=1, riskPriority=1, overload=null, kind='null', cmpLength=null, concurrencyLimit=2, memoryLimit=256, timeLimit=60000, userMemory=2147483648}
Activation{action=Action{name='hello_py', path='guest', version='0.0.1'}, activationId='493bcbc1-c0fa-475f-8d4f-0ab0ea132427', blocking=true, cause='null', content={kTest=vTest, $scheduler={target=invoker0, priority=0, limits={concurrency=2, memory=256, timeout=60000, userMemory=2147483648}, start=1669486965085}}, initArgs=[], lockedArgs={}, revision='1-ff07dcb3291545090f86e9fc1a01b5bf', rootControllerIndex=RootControllerIndex{asString='0', instanceType='controller'}, transId=TransId{transactions=[Transaction{id='4K6K9Uoz09O5ut42VEiFI9zrOAiJX8oq', timestamp=1611192819095}]}, user=User{authKey={api_key=23bc46b1-71f6-4ed5-8c54-816aa4f8c502:123zO3xZCLrMN6v2BKK1dXYFpXlPkccOFqm12CdAsMgRU4VrNZ9lyGVCGuMDGIwP}, limits={}, namespace=Namespace{name='guest', uuid='23bc46b1-71f6-4ed5-8c54-816aa4f8c502'}, rights=[READ, PUT, DELETE, ACTIVATE], subject='guest'}, targetInvoker='invoker0', normalize=0, priority=0, timePriority=1, riskPriority=1, overload=null, kind='null', cmpLength=null, concurrencyLimit=2, memoryLimit=256, timeLimit=60000, userMemory=2147483648}
Activation{action=Action{name='hello_py', path='guest', version='0.0.1'}, activationId='1274928d-ad1d-4429-a7b8-b86787558afd', blocking=true, cause='null', content={kTest=vTest, $scheduler={target=invoker0, priority=0, limits={concurrency=2, memory=256, timeout=60000, userMemory=2147483648}, start=1669486965086}}, initArgs=[], lockedArgs={}, revision='1-ff07dcb3291545090f86e9fc1a01b5bf', rootControllerIndex=RootControllerIndex{asString='0', instanceType='controller'}, transId=TransId{transactions=[Transaction{id='4K6K9Uoz09O5ut42VEiFI9zrOAiJX8oq', timestamp=1611192819095}]}, user=User{authKey={api_key=23bc46b1-71f6-4ed5-8c54-816aa4f8c502:123zO3xZCLrMN6v2BKK1dXYFpXlPkccOFqm12CdAsMgRU4VrNZ9lyGVCGuMDGIwP}, limits={}, namespace=Namespace{name='guest', uuid='23bc46b1-71f6-4ed5-8c54-816aa4f8c502'}, rights=[READ, PUT, DELETE, ACTIVATE], subject='guest'}, targetInvoker='invoker0', normalize=0, priority=0, timePriority=1, riskPriority=1, overload=null, kind='null', cmpLength=null, concurrencyLimit=2, memoryLimit=256, timeLimit=60000, userMemory=2147483648}
Activation{action=Action{name='hello_py', path='guest', version='0.0.1'}, activationId='cc172b5b-923a-4e6a-bef4-8d9ed5b7372b', blocking=true, cause='null', content={kTest=vTest, $scheduler={target=invoker1, priority=0, limits={concurrency=2, memory=256, timeout=60000, userMemory=2147483648}, start=1669486965088}}, initArgs=[], lockedArgs={}, revision='1-ff07dcb3291545090f86e9fc1a01b5bf', rootControllerIndex=RootControllerIndex{asString='0', instanceType='controller'}, transId=TransId{transactions=[Transaction{id='4K6K9Uoz09O5ut42VEiFI9zrOAiJX8oq', timestamp=1611192819095}]}, user=User{authKey={api_key=23bc46b1-71f6-4ed5-8c54-816aa4f8c502:123zO3xZCLrMN6v2BKK1dXYFpXlPkccOFqm12CdAsMgRU4VrNZ9lyGVCGuMDGIwP}, limits={}, namespace=Namespace{name='guest', uuid='23bc46b1-71f6-4ed5-8c54-816aa4f8c502'}, rights=[READ, PUT, DELETE, ACTIVATE], subject='guest'}, targetInvoker='invoker1', normalize=0, priority=0, timePriority=1, riskPriority=1, overload=null, kind='null', cmpLength=null, concurrencyLimit=2, memoryLimit=256, timeLimit=60000, userMemory=2147483648}
Activation{action=Action{name='hello_py', path='guest', version='0.0.1'}, activationId='ecac015e-b2ba-47f8-bf4f-fffcd60dc213', blocking=true, cause='null', content={kTest=vTest, $scheduler={target=invoker0, priority=0, limits={concurrency=2, memory=256, timeout=60000, userMemory=2147483648}, start=1669486965088}}, initArgs=[], lockedArgs={}, revision='1-ff07dcb3291545090f86e9fc1a01b5bf', rootControllerIndex=RootControllerIndex{asString='0', instanceType='controller'}, transId=TransId{transactions=[Transaction{id='4K6K9Uoz09O5ut42VEiFI9zrOAiJX8oq', timestamp=1611192819095}]}, user=User{authKey={api_key=23bc46b1-71f6-4ed5-8c54-816aa4f8c502:123zO3xZCLrMN6v2BKK1dXYFpXlPkccOFqm12CdAsMgRU4VrNZ9lyGVCGuMDGIwP}, limits={}, namespace=Namespace{name='guest', uuid='23bc46b1-71f6-4ed5-8c54-816aa4f8c502'}, rights=[READ, PUT, DELETE, ACTIVATE], subject='guest'}, targetInvoker='invoker0', normalize=0, priority=0, timePriority=1, riskPriority=1, overload=null, kind='null', cmpLength=null, concurrencyLimit=2, memoryLimit=256, timeLimit=60000, userMemory=2147483648}
Activation{action=Action{name='hello_py', path='guest', version='0.0.1'}, activationId='c4b24ec4-dcc1-4934-8f58-210426062035', blocking=true, cause='null', content={kTest=vTest, $scheduler={target=invoker2, priority=0, limits={concurrency=2, memory=256, timeout=60000, userMemory=2147483648}, start=1669486965091}}, initArgs=[], lockedArgs={}, revision='1-ff07dcb3291545090f86e9fc1a01b5bf', rootControllerIndex=RootControllerIndex{asString='0', instanceType='controller'}, transId=TransId{transactions=[Transaction{id='4K6K9Uoz09O5ut42VEiFI9zrOAiJX8oq', timestamp=1611192819095}]}, user=User{authKey={api_key=23bc46b1-71f6-4ed5-8c54-816aa4f8c502:123zO3xZCLrMN6v2BKK1dXYFpXlPkccOFqm12CdAsMgRU4VrNZ9lyGVCGuMDGIwP}, limits={}, namespace=Namespace{name='guest', uuid='23bc46b1-71f6-4ed5-8c54-816aa4f8c502'}, rights=[READ, PUT, DELETE, ACTIVATE], subject='guest'}, targetInvoker='invoker2', normalize=0, priority=0, timePriority=1, riskPriority=1, overload=null, kind='null', cmpLength=null, concurrencyLimit=2, memoryLimit=256, timeLimit=60000, userMemory=2147483648}
Activation{action=Action{name='hello_py', path='guest', version='0.0.1'}, activationId='8ff5e142-ffab-4d66-acc5-0128ff41dfc2', blocking=true, cause='null', content={kTest=vTest, $scheduler={target=invoker1, priority=0, limits={concurrency=2, memory=256, timeout=60000, userMemory=2147483648}, start=1669486965092}}, initArgs=[], lockedArgs={}, revision='1-ff07dcb3291545090f86e9fc1a01b5bf', rootControllerIndex=RootControllerIndex{asString='0', instanceType='controller'}, transId=TransId{transactions=[Transaction{id='4K6K9Uoz09O5ut42VEiFI9zrOAiJX8oq', timestamp=1611192819095}]}, user=User{authKey={api_key=23bc46b1-71f6-4ed5-8c54-816aa4f8c502:123zO3xZCLrMN6v2BKK1dXYFpXlPkccOFqm12CdAsMgRU4VrNZ9lyGVCGuMDGIwP}, limits={}, namespace=Namespace{name='guest', uuid='23bc46b1-71f6-4ed5-8c54-816aa4f8c502'}, rights=[READ, PUT, DELETE, ACTIVATE], subject='guest'}, targetInvoker='invoker1', normalize=0, priority=0, timePriority=1, riskPriority=1, overload=null, kind='null', cmpLength=null, concurrencyLimit=2, memoryLimit=256, timeLimit=60000, userMemory=2147483648}
Activation{action=Action{name='hello_py', path='guest', version='0.0.1'}, activationId='6b08c750-cae1-47da-9d86-35e2f4d6623c', blocking=true, cause='null', content={kTest=vTest, $scheduler={target=invoker2, priority=0, limits={concurrency=2, memory=256, timeout=60000, userMemory=2147483648}, start=1669486965092}}, initArgs=[], lockedArgs={}, revision='1-ff07dcb3291545090f86e9fc1a01b5bf', rootControllerIndex=RootControllerIndex{asString='0', instanceType='controller'}, transId=TransId{transactions=[Transaction{id='4K6K9Uoz09O5ut42VEiFI9zrOAiJX8oq', timestamp=1611192819095}]}, user=User{authKey={api_key=23bc46b1-71f6-4ed5-8c54-816aa4f8c502:123zO3xZCLrMN6v2BKK1dXYFpXlPkccOFqm12CdAsMgRU4VrNZ9lyGVCGuMDGIwP}, limits={}, namespace=Namespace{name='guest', uuid='23bc46b1-71f6-4ed5-8c54-816aa4f8c502'}, rights=[READ, PUT, DELETE, ACTIVATE], subject='guest'}, targetInvoker='invoker2', normalize=0, priority=0, timePriority=1, riskPriority=1, overload=null, kind='null', cmpLength=null, concurrencyLimit=2, memoryLimit=256, timeLimit=60000, userMemory=2147483648}
Activation{action=Action{name='hello_py', path='guest', version='0.0.1'}, activationId='bbac9818-57f2-4db4-bd78-946a09245f11', blocking=true, cause='null', content={kTest=vTest, $scheduler={target=invoker1, priority=0, limits={concurrency=2, memory=256, timeout=60000, userMemory=2147483648}, start=1669486965092}}, initArgs=[], lockedArgs={}, revision='1-ff07dcb3291545090f86e9fc1a01b5bf', rootControllerIndex=RootControllerIndex{asString='0', instanceType='controller'}, transId=TransId{transactions=[Transaction{id='4K6K9Uoz09O5ut42VEiFI9zrOAiJX8oq', timestamp=1611192819095}]}, user=User{authKey={api_key=23bc46b1-71f6-4ed5-8c54-816aa4f8c502:123zO3xZCLrMN6v2BKK1dXYFpXlPkccOFqm12CdAsMgRU4VrNZ9lyGVCGuMDGIwP}, limits={}, namespace=Namespace{name='guest', uuid='23bc46b1-71f6-4ed5-8c54-816aa4f8c502'}, rights=[READ, PUT, DELETE, ACTIVATE], subject='guest'}, targetInvoker='invoker1', normalize=0, priority=0, timePriority=1, riskPriority=1, overload=null, kind='null', cmpLength=null, concurrencyLimit=2, memoryLimit=256, timeLimit=60000, userMemory=2147483648}
Activation{action=Action{name='hello_py', path='guest', version='0.0.1'}, activationId='29fa35c4-bdbc-4c88-a465-94c1eb835f18', blocking=true, cause='null', content={kTest=vTest, $scheduler={target=invoker0, priority=0, limits={concurrency=2, memory=256, timeout=60000, userMemory=2147483648}, start=1669486965093}}, initArgs=[], lockedArgs={}, revision='1-ff07dcb3291545090f86e9fc1a01b5bf', rootControllerIndex=RootControllerIndex{asString='0', instanceType='controller'}, transId=TransId{transactions=[Transaction{id='4K6K9Uoz09O5ut42VEiFI9zrOAiJX8oq', timestamp=1611192819095}]}, user=User{authKey={api_key=23bc46b1-71f6-4ed5-8c54-816aa4f8c502:123zO3xZCLrMN6v2BKK1dXYFpXlPkccOFqm12CdAsMgRU4VrNZ9lyGVCGuMDGIwP}, limits={}, namespace=Namespace{name='guest', uuid='23bc46b1-71f6-4ed5-8c54-816aa4f8c502'}, rights=[READ, PUT, DELETE, ACTIVATE], subject='guest'}, targetInvoker='invoker0', normalize=0, priority=0, timePriority=1, riskPriority=1, overload=null, kind='null', cmpLength=null, concurrencyLimit=2, memoryLimit=256, timeLimit=60000, userMemory=2147483648}
Activation{action=Action{name='hello_py', path='guest', version='0.0.1'}, activationId='64fec065-12e6-4d30-9536-366c86a57dc0', blocking=true, cause='null', content={kTest=vTest, $scheduler={target=invoker0, priority=0, limits={concurrency=2, memory=256, timeout=60000, userMemory=2147483648}, start=1669486965093}}, initArgs=[], lockedArgs={}, revision='1-ff07dcb3291545090f86e9fc1a01b5bf', rootControllerIndex=RootControllerIndex{asString='0', instanceType='controller'}, transId=TransId{transactions=[Transaction{id='4K6K9Uoz09O5ut42VEiFI9zrOAiJX8oq', timestamp=1611192819095}]}, user=User{authKey={api_key=23bc46b1-71f6-4ed5-8c54-816aa4f8c502:123zO3xZCLrMN6v2BKK1dXYFpXlPkccOFqm12CdAsMgRU4VrNZ9lyGVCGuMDGIwP}, limits={}, namespace=Namespace{name='guest', uuid='23bc46b1-71f6-4ed5-8c54-816aa4f8c502'}, rights=[READ, PUT, DELETE, ACTIVATE], subject='guest'}, targetInvoker='invoker0', normalize=0, priority=0, timePriority=1, riskPriority=1, overload=null, kind='null', cmpLength=null, concurrencyLimit=2, memoryLimit=256, timeLimit=60000, userMemory=2147483648}
Activation{action=Action{name='hello_py', path='guest', version='0.0.1'}, activationId='f818254e-0974-43de-b18c-30d41119583c', blocking=true, cause='null', content={kTest=vTest, $scheduler={target=invoker0, priority=0, limits={concurrency=2, memory=256, timeout=60000, userMemory=2147483648}, start=1669486965094}}, initArgs=[], lockedArgs={}, revision='1-ff07dcb3291545090f86e9fc1a01b5bf', rootControllerIndex=RootControllerIndex{asString='0', instanceType='controller'}, transId=TransId{transactions=[Transaction{id='4K6K9Uoz09O5ut42VEiFI9zrOAiJX8oq', timestamp=1611192819095}]}, user=User{authKey={api_key=23bc46b1-71f6-4ed5-8c54-816aa4f8c502:123zO3xZCLrMN6v2BKK1dXYFpXlPkccOFqm12CdAsMgRU4VrNZ9lyGVCGuMDGIwP}, limits={}, namespace=Namespace{name='guest', uuid='23bc46b1-71f6-4ed5-8c54-816aa4f8c502'}, rights=[READ, PUT, DELETE, ACTIVATE], subject='guest'}, targetInvoker='invoker0', normalize=0, priority=0, timePriority=1, riskPriority=1, overload=null, kind='null', cmpLength=null, concurrencyLimit=2, memoryLimit=256, timeLimit=60000, userMemory=2147483648}
Activation{action=Action{name='hello_py', path='guest', version='0.0.1'}, activationId='9ad7cd3b-dc98-4959-a863-65b6ab9ab382', blocking=true, cause='null', content={kTest=vTest, $scheduler={target=invoker1, priority=0, limits={concurrency=2, memory=256, timeout=60000, userMemory=2147483648}, start=1669486965095}}, initArgs=[], lockedArgs={}, revision='1-ff07dcb3291545090f86e9fc1a01b5bf', rootControllerIndex=RootControllerIndex{asString='0', instanceType='controller'}, transId=TransId{transactions=[Transaction{id='4K6K9Uoz09O5ut42VEiFI9zrOAiJX8oq', timestamp=1611192819095}]}, user=User{authKey={api_key=23bc46b1-71f6-4ed5-8c54-816aa4f8c502:123zO3xZCLrMN6v2BKK1dXYFpXlPkccOFqm12CdAsMgRU4VrNZ9lyGVCGuMDGIwP}, limits={}, namespace=Namespace{name='guest', uuid='23bc46b1-71f6-4ed5-8c54-816aa4f8c502'}, rights=[READ, PUT, DELETE, ACTIVATE], subject='guest'}, targetInvoker='invoker1', normalize=0, priority=0, timePriority=1, riskPriority=1, overload=null, kind='null', cmpLength=null, concurrencyLimit=2, memoryLimit=256, timeLimit=60000, userMemory=2147483648}
Activation{action=Action{name='hello_py', path='guest', version='0.0.1'}, activationId='6275c92e-b2e1-4d5d-8a36-942477c21032', blocking=true, cause='null', content={kTest=vTest, $scheduler={target=invoker1, priority=0, limits={concurrency=2, memory=256, timeout=60000, userMemory=2147483648}, start=1669486965095}}, initArgs=[], lockedArgs={}, revision='1-ff07dcb3291545090f86e9fc1a01b5bf', rootControllerIndex=RootControllerIndex{asString='0', instanceType='controller'}, transId=TransId{transactions=[Transaction{id='4K6K9Uoz09O5ut42VEiFI9zrOAiJX8oq', timestamp=1611192819095}]}, user=User{authKey={api_key=23bc46b1-71f6-4ed5-8c54-816aa4f8c502:123zO3xZCLrMN6v2BKK1dXYFpXlPkccOFqm12CdAsMgRU4VrNZ9lyGVCGuMDGIwP}, limits={}, namespace=Namespace{name='guest', uuid='23bc46b1-71f6-4ed5-8c54-816aa4f8c502'}, rights=[READ, PUT, DELETE, ACTIVATE], subject='guest'}, targetInvoker='invoker1', normalize=0, priority=0, timePriority=1, riskPriority=1, overload=null, kind='null', cmpLength=null, concurrencyLimit=2, memoryLimit=256, timeLimit=60000, userMemory=2147483648}
]]></system-out>
  </testcase>
  <testcase name="areActivationWithoutPriorityProcessedCorrectly" classname="it.uniroma2.faas.openwhisk.scheduler.scheduler.policy.PriorityQueueFIFIPolicyTest" time="0.005">
    <system-out><![CDATA[Activation{action=Action{name='img_man', path='guest', version='0.0.2'}, activationId='3d1f6dbf0510484c9f6dbf0510d84cb4', blocking=true, cause='a6fd3a808e5a4e63bd3a808e5abe6392', content={$composer={openwhisk={ignore_certs=true}, redis={uri=redis://10.64.0.24:6379}}, $scheduler={cmpLength=7, kind=nodejs:10, limits={concurrency=5, memory=256, timeout=60000, userMemory=2048}, priority=4, target=invoker0, start=1669486965106}}, initArgs=[], lockedArgs={}, revision='2-a2eafd736df4f013107b161f69267890', rootControllerIndex=RootControllerIndex{asString='0', instanceType='controller'}, transId=TransId{transactions=[Transaction{id='juI8HBMa0DNNfINnaqI1pZh1KYg65w4s', timestamp=1629304522121}, Transaction{id='9xhK5ksnGllej1wwQnUhACJ6NKDFmYVu', timestamp=1629304522117}]}, user=User{authKey={api_key=23bc46b1-71f6-4ed5-8c54-816aa4f8c502:123zO3xZCLrMN6v2BKK1dXYFpXlPkccOFqm12CdAsMgRU4VrNZ9lyGVCGuMDGIwP}, limits={}, namespace=Namespace{name='guest', uuid='23bc46b1-71f6-4ed5-8c54-816aa4f8c502'}, rights=[READ, PUT, DELETE, ACTIVATE], subject='guest'}, targetInvoker='invoker0', normalize=0, priority=4, timePriority=1, riskPriority=1, overload=null, kind='nodejs:10', cmpLength=7, concurrencyLimit=5, memoryLimit=256, timeLimit=60000, userMemory=2048}
Activation{action=Action{name='img_man', path='guest', version='0.0.2'}, activationId='3d1f6dbf0510484c9f6dbf0510d84cb4', blocking=true, cause='a6fd3a808e5a4e63bd3a808e5abe6392', content={$composer={openwhisk={ignore_certs=true}, redis={uri=redis://10.64.0.24:6379}}, $scheduler={cmpLength=7, kind=nodejs:10, limits={concurrency=5, memory=256, timeout=60000, userMemory=2048}, target=invoker0, start=1669486965106}}, initArgs=[], lockedArgs={}, revision='2-a2eafd736df4f013107b161f69267890', rootControllerIndex=RootControllerIndex{asString='0', instanceType='controller'}, transId=TransId{transactions=[Transaction{id='juI8HBMa0DNNfINnaqI1pZh1KYg65w4s', timestamp=1629304522121}, Transaction{id='9xhK5ksnGllej1wwQnUhACJ6NKDFmYVu', timestamp=1629304522117}]}, user=User{authKey={api_key=23bc46b1-71f6-4ed5-8c54-816aa4f8c502:123zO3xZCLrMN6v2BKK1dXYFpXlPkccOFqm12CdAsMgRU4VrNZ9lyGVCGuMDGIwP}, limits={}, namespace=Namespace{name='guest', uuid='23bc46b1-71f6-4ed5-8c54-816aa4f8c502'}, rights=[READ, PUT, DELETE, ACTIVATE], subject='guest'}, targetInvoker='invoker0', normalize=0, priority=1, timePriority=1, riskPriority=1, overload=null, kind='nodejs:10', cmpLength=7, concurrencyLimit=5, memoryLimit=256, timeLimit=60000, userMemory=2048}
]]></system-out>
  </testcase>
</testsuite>