<?xml version="1.0" encoding="UTF-8"?>
<testsuite xmlns:xsi="http://www.w3.org/2001/XMLSchema-instance" xsi:noNamespaceSchemaLocation="https://maven.apache.org/surefire/maven-surefire-plugin/xsd/surefire-test-report-3.0.xsd" version="3.0" name="it.uniroma2.faas.openwhisk.scheduler.scheduler.domain.model.ActivationTest" time="0.091" tests="11" errors="1" skipped="0" failures="1">
  <properties>
[...]
</properties>
  <testcase name="whenActivationIsInvokerHealthTestAction_thenTrue" classname="it.uniroma2.faas.openwhisk.scheduler.scheduler.domain.model.ActivationTest" time="0.008"/>
  <testcase name="whenActivationWithNewPriorityCreated_thenNewPriorityUpdatedCorrectly" classname="it.uniroma2.faas.openwhisk.scheduler.scheduler.domain.model.ActivationTest" time="0.005"/>
  <testcase name="givenNewPriority_whenActivationSerialization_thenNoExceptionIsThrown" classname="it.uniroma2.faas.openwhisk.scheduler.scheduler.domain.model.ActivationTest" time="0.007">
    <failure message="Unexpected exception thrown: java.lang.NullPointerException: Cannot invoke &quot;java.lang.Integer.intValue()&quot; because &quot;this.timePriority&quot; is null" type="org.opentest4j.AssertionFailedError"><![CDATA[org.opentest4j.AssertionFailedError: Unexpected exception thrown: java.lang.NullPointerException: Cannot invoke "java.lang.Integer.intValue()" because "this.timePriority" is null
	at org.junit.jupiter.api.AssertDoesNotThrow.createAssertionFailedError(AssertDoesNotThrow.java:83)
	at org.junit.jupiter.api.AssertDoesNotThrow.assertDoesNotThrow(AssertDoesNotThrow.java:54)
	at org.junit.jupiter.api.AssertDoesNotThrow.assertDoesNotThrow(AssertDoesNotThrow.java:37)
	at org.junit.jupiter.api.Assertions.assertDoesNotThrow(Assertions.java:2973)
	at it.uniroma2.faas.openwhisk.scheduler.scheduler.domain.model.ActivationTest.givenNewPriority_whenActivationSerialization_thenNoExceptionIsThrown(ActivationTest.java:267)
	at java.base/jdk.internal.reflect.DirectMethodHandleAccessor.invoke(DirectMethodHandleAccessor.java:104)
	at java.base/java.lang.reflect.Method.invoke(Method.java:578)
	at org.junit.platform.commons.util.ReflectionUtils.invokeMethod(ReflectionUtils.java:628)
	at org.junit.jupiter.engine.execution.ExecutableInvoker.invoke(ExecutableInvoker.java:117)
	at org.junit.jupiter.engine.descriptor.TestMethodTestDescriptor.lambda$invokeTestMethod$7(TestMethodTestDescriptor.java:184)
	at org.junit.platform.engine.support.hierarchical.ThrowableCollector.execute(ThrowableCollector.java:73)
	at org.junit.jupiter.engine.descriptor.TestMethodTestDescriptor.invokeTestMethod(TestMethodTestDescriptor.java:180)
	at org.junit.jupiter.engine.descriptor.TestMethodTestDescriptor.execute(TestMethodTestDescriptor.java:127)
	at org.junit.jupiter.engine.descriptor.TestMethodTestDescriptor.execute(TestMethodTestDescriptor.java:68)
	at org.junit.platform.engine.support.hierarchical.NodeTestTask.lambda$executeRecursively$5(NodeTestTask.java:135)
	at org.junit.platform.engine.support.hierarchical.ThrowableCollector.execute(ThrowableCollector.java:73)
	at org.junit.platform.engine.support.hierarchical.NodeTestTask.lambda$executeRecursively$7(NodeTestTask.java:125)
	at org.junit.platform.engine.support.hierarchical.Node.around(Node.java:135)
	at org.junit.platform.engine.support.hierarchical.NodeTestTask.lambda$executeRecursively$8(NodeTestTask.java:123)
	at org.junit.platform.engine.support.hierarchical.ThrowableCollector.execute(ThrowableCollector.java:73)
	at org.junit.platform.engine.support.hierarchical.NodeTestTask.executeRecursively(NodeTestTask.java:122)
	at org.junit.platform.engine.support.hierarchical.NodeTestTask.execute(NodeTestTask.java:80)
	at java.base/java.util.ArrayList.forEach(ArrayList.java:1511)
	at org.junit.platform.engine.support.hierarchical.SameThreadHierarchicalTestExecutorService.invokeAll(SameThreadHierarchicalTestExecutorService.java:38)
	at org.junit.platform.engine.support.hierarchical.NodeTestTask.lambda$executeRecursively$5(NodeTestTask.java:139)
	at org.junit.platform.engine.support.hierarchical.ThrowableCollector.execute(ThrowableCollector.java:73)
	at org.junit.platform.engine.support.hierarchical.NodeTestTask.lambda$executeRecursively$7(NodeTestTask.java:125)
	at org.junit.platform.engine.support.hierarchical.Node.around(Node.java:135)
	at org.junit.platform.engine.support.hierarchical.NodeTestTask.lambda$executeRecursively$8(NodeTestTask.java:123)
	at org.junit.platform.engine.support.hierarchical.ThrowableCollector.execute(ThrowableCollector.java:73)
	at org.junit.platform.engine.support.hierarchical.NodeTestTask.executeRecursively(NodeTestTask.java:122)
	at org.junit.platform.engine.support.hierarchical.NodeTestTask.execute(NodeTestTask.java:80)
	at java.base/java.util.ArrayList.forEach(ArrayList.java:1511)
	at org.junit.platform.engine.support.hierarchical.SameThreadHierarchicalTestExecutorService.invokeAll(SameThreadHierarchicalTestExecutorService.java:38)
	at org.junit.platform.engine.support.hierarchical.NodeTestTask.lambda$executeRecursively$5(NodeTestTask.java:139)
	at org.junit.platform.engine.support.hierarchical.ThrowableCollector.execute(ThrowableCollector.java:73)
	at org.junit.platform.engine.support.hierarchical.NodeTestTask.lambda$executeRecursively$7(NodeTestTask.java:125)
	at org.junit.platform.engine.support.hierarchical.Node.around(Node.java:135)
	at org.junit.platform.engine.support.hierarchical.NodeTestTask.lambda$executeRecursively$8(NodeTestTask.java:123)
	at org.junit.platform.engine.support.hierarchical.ThrowableCollector.execute(ThrowableCollector.java:73)
	at org.junit.platform.engine.support.hierarchical.NodeTestTask.executeRecursively(NodeTestTask.java:122)
	at org.junit.platform.engine.support.hierarchical.NodeTestTask.execute(NodeTestTask.java:80)
	at org.junit.platform.engine.support.hierarchical.SameThreadHierarchicalTestExecutorService.submit(SameThreadHierarchicalTestExecutorService.java:32)
	at org.junit.platform.engine.support.hierarchical.HierarchicalTestExecutor.execute(HierarchicalTestExecutor.java:57)
	at org.junit.platform.engine.support.hierarchical.HierarchicalTestEngine.execute(HierarchicalTestEngine.java:51)
	at org.junit.platform.launcher.core.DefaultLauncher.execute(DefaultLauncher.java:229)
	at org.junit.platform.launcher.core.DefaultLauncher.lambda$execute$6(DefaultLauncher.java:197)
	at org.junit.platform.launcher.core.DefaultLauncher.withInterceptedStreams(DefaultLauncher.java:211)
	at org.junit.platform.launcher.core.DefaultLauncher.execute(DefaultLauncher.java:191)
	at org.junit.platform.launcher.core.DefaultLauncher.execute(DefaultLauncher.java:128)
	at org.apache.maven.surefire.junitplatform.LazyLauncher.execute(LazyLauncher.java:55)
	at org.apache.maven.surefire.junitplatform.JUnitPlatformProvider.execute(JUnitPlatformProvider.java:223)
	at org.apache.maven.surefire.junitplatform.JUnitPlatformProvider.invokeAllTests(JUnitPlatformProvider.java:175)
	at org.apache.maven.surefire.junitplatform.JUnitPlatformProvider.invoke(JUnitPlatformProvider.java:139)
	at org.apache.maven.surefire.booter.ForkedBooter.runSuitesInProcess(ForkedBooter.java:456)
	at org.apache.maven.surefire.booter.ForkedBooter.execute(ForkedBooter.java:169)
	at org.apache.maven.surefire.booter.ForkedBooter.run(ForkedBooter.java:595)
	at org.apache.maven.surefire.booter.ForkedBooter.main(ForkedBooter.java:581)
Caused by: java.lang.NullPointerException: Cannot invoke "java.lang.Integer.intValue()" because "this.timePriority" is null
	at it.uniroma2.faas.openwhisk.scheduler.scheduler.domain.model.Activation.with(Activation.java:363)
	at it.uniroma2.faas.openwhisk.scheduler.scheduler.domain.model.ActivationTest.lambda$givenNewPriority_whenActivationSerialization_thenNoExceptionIsThrown$9(ActivationTest.java:267)
	at org.junit.jupiter.api.AssertDoesNotThrow.assertDoesNotThrow(AssertDoesNotThrow.java:50)
	... 56 more
]]></failure>
  </testcase>
  <testcase name="whenActivationSerialization_thenNoExceptionIsThrown" classname="it.uniroma2.faas.openwhisk.scheduler.scheduler.domain.model.ActivationTest" time="0.011">
    <system-out><![CDATA[{"action":{"name":"test_annotations","path":"guest","version":"0.0.1"},"activationId":"0b307ee5a1304a57b07ee5a1300a57e7","blocking":true,"cause":null,"content":{"key0":"value0","key1":"value1","key2":"value2"},"initArgs":[],"lockedArgs":null,"revision":"3-b3eeb1e516fd89366574c6051f024fa7","rootControllerIndex":{"asString":"0","instanceType":"controller"},"transid":["rxseFbQm3cy0QYASqVGkujB8lxEDE5Mu",1609810319398],"user":{"authkey":{"api_key":"23bc46b1-71f6-4ed5-8c54-816aa4f8c502:123zO3xZCLrMN6v2BKK1dXYFpXlPkccOFqm12CdAsMgRU4VrNZ9lyGVCGuMDGIwP"},"limits":{},"namespace":{"name":"guest","uuid":"23bc46b1-71f6-4ed5-8c54-816aa4f8c502"},"rights":["READ","PUT","DELETE","ACTIVATE"],"subject":"guest"}}
{"action":{"name":"test_annotations","path":"guest","version":"0.0.1"},"activationId":"0b307ee5a1304a57b07ee5a1300a57e7","blocking":true,"cause":null,"content":null,"initArgs":[],"lockedArgs":null,"revision":"3-b3eeb1e516fd89366574c6051f024fa7","rootControllerIndex":{"asString":"0","instanceType":"controller"},"transid":["rxseFbQm3cy0QYASqVGkujB8lxEDE5Mu",1609810319398],"user":{"authkey":{"api_key":"23bc46b1-71f6-4ed5-8c54-816aa4f8c502:123zO3xZCLrMN6v2BKK1dXYFpXlPkccOFqm12CdAsMgRU4VrNZ9lyGVCGuMDGIwP"},"limits":{},"namespace":{"name":"guest","uuid":"23bc46b1-71f6-4ed5-8c54-816aa4f8c502"},"rights":["READ","PUT","DELETE","ACTIVATE"],"subject":"guest"}}
{"action":{"name":"test_annotations","path":"guest","version":"0.0.1"},"activationId":"0b307ee5a1304a57b07ee5a1300a57e7","blocking":true,"cause":null,"content":{"key0":"value0","key1":"value1","key2":"value2","scheduler":{"target":"invoker2"}},"initArgs":[],"lockedArgs":null,"revision":"3-b3eeb1e516fd89366574c6051f024fa7","rootControllerIndex":{"asString":"0","instanceType":"controller"},"transid":["rxseFbQm3cy0QYASqVGkujB8lxEDE5Mu",1609810319398],"user":{"authkey":{"api_key":"23bc46b1-71f6-4ed5-8c54-816aa4f8c502:123zO3xZCLrMN6v2BKK1dXYFpXlPkccOFqm12CdAsMgRU4VrNZ9lyGVCGuMDGIwP"},"limits":{},"namespace":{"name":"guest","uuid":"23bc46b1-71f6-4ed5-8c54-816aa4f8c502"},"rights":["READ","PUT","DELETE","ACTIVATE"],"subject":"guest"}}
{"action":{"name":"invokerHealthTestAction0","path":"whisk.system","version":"0.0.1"},"activationId":"c87969bfe8cf4c2bb969bfe8cf3c2bf0","blocking":false,"cause":null,"content":{"scheduler":{"target":"invoker0"}},"initArgs":[],"lockedArgs":{},"revision":null,"rootControllerIndex":{"asString":"0","instanceType":"controller"},"transid":["sid_invokerHealth",1611036640735],"user":{"authkey":{"api_key":"979552f2-6935-40aa-9552-f2693520aa71:nH3V9vtkRxy8Hcw1a88xHd7jotqefxjH5jTf8v5e1qnWXerfR67vvZyrj3EX9vu4"},"limits":{},"namespace":{"name":"whisk.system","uuid":"979552f2-6935-40aa-9552-f2693520aa71"},"rights":[],"subject":"whisk.system"}}
{"action":{"name":"hello_py","path":"guest","version":"0.0.1"},"activationId":"1b319ed429234155b19ed42923a155cf","blocking":true,"cause":null,"content":{"kTest":"vTest","scheduler":{"target":"invoker0","priority":3}},"initArgs":[],"lockedArgs":{},"revision":"1-ff07dcb3291545090f86e9fc1a01b5bf","rootControllerIndex":{"asString":"0","instanceType":"controller"},"transid":["4K6K9Uoz09O5ut42VEiFI9zrOAiJX8oq",1611192819095],"user":{"authkey":{"api_key":"23bc46b1-71f6-4ed5-8c54-816aa4f8c502:123zO3xZCLrMN6v2BKK1dXYFpXlPkccOFqm12CdAsMgRU4VrNZ9lyGVCGuMDGIwP"},"limits":{},"namespace":{"name":"guest","uuid":"23bc46b1-71f6-4ed5-8c54-816aa4f8c502"},"rights":["READ","PUT","DELETE","ACTIVATE"],"subject":"guest"}}
]]></system-out>
  </testcase>
  <testcase name="givenCompositionActivation_thenActivationRecordDeserializedCorrectly" classname="it.uniroma2.faas.openwhisk.scheduler.scheduler.domain.model.ActivationTest" time="0.007"/>
  <testcase name="givenTerminationSchedulingTimestamp_whenActivationSerialization_thenNoExceptionIsThrown" classname="it.uniroma2.faas.openwhisk.scheduler.scheduler.domain.model.ActivationTest" time="0.018">
    <system-out><![CDATA[Activation{action=Action{name='test_annotations', path='guest', version='0.0.1'}, activationId='0b307ee5a1304a57b07ee5a1300a57e7', blocking=true, cause='null', content={$scheduler={start=1669486964914, end=1669486965014}, key1=value1, key2=value2, key0=value0}, initArgs=[], lockedArgs=null, revision='3-b3eeb1e516fd89366574c6051f024fa7', rootControllerIndex=RootControllerIndex{asString='0', instanceType='controller'}, transId=TransId{transactions=[Transaction{id='rxseFbQm3cy0QYASqVGkujB8lxEDE5Mu', timestamp=1609810319398}]}, user=User{authKey={api_key=23bc46b1-71f6-4ed5-8c54-816aa4f8c502:123zO3xZCLrMN6v2BKK1dXYFpXlPkccOFqm12CdAsMgRU4VrNZ9lyGVCGuMDGIwP}, limits={}, namespace=Namespace{name='guest', uuid='23bc46b1-71f6-4ed5-8c54-816aa4f8c502'}, rights=[READ, PUT, DELETE, ACTIVATE], subject='guest'}, targetInvoker='null', normalize=0, priority=1, timePriority=1, riskPriority=1, overload=null, kind='null', cmpLength=null, concurrencyLimit=null, memoryLimit=null, timeLimit=null, userMemory=null}
]]></system-out>
  </testcase>
  <testcase name="whenActivationWithNewInvokerTargetCreated_thenNewInvokerTargetUpdatedCorrectly" classname="it.uniroma2.faas.openwhisk.scheduler.scheduler.domain.model.ActivationTest" time="0.005"/>
  <testcase name="isTestHealthActivationSerializedCorrectly" classname="it.uniroma2.faas.openwhisk.scheduler.scheduler.domain.model.ActivationTest" time="0.006">
    <error message="class java.lang.Long cannot be cast to class java.lang.String (java.lang.Long and java.lang.String are in module java.base of loader &apos;bootstrap&apos;) (through reference chain: it.uniroma2.faas.openwhisk.scheduler.scheduler.domain.model.Activation[&quot;content&quot;]-&gt;it.uniroma2.faas.openwhisk.scheduler.scheduler.domain.model.ActivationTest$6[&quot;$scheduler&quot;]-&gt;it.uniroma2.faas.openwhisk.scheduler.scheduler.domain.model.ActivationTest$5[&quot;start&quot;])" type="com.fasterxml.jackson.databind.JsonMappingException"><![CDATA[com.fasterxml.jackson.databind.JsonMappingException: class java.lang.Long cannot be cast to class java.lang.String (java.lang.Long and java.lang.String are in module java.base of loader 'bootstrap') (through reference chain: it.uniroma2.faas.openwhisk.scheduler.scheduler.domain.model.Activation["content"]->it.uniroma2.faas.openwhisk.scheduler.scheduler.domain.model.ActivationTest$6["$scheduler"]->it.uniroma2.faas.openwhisk.scheduler.scheduler.domain.model.ActivationTest$5["start"])
	at com.fasterxml.jackson.databind.JsonMappingException.wrapWithPath(JsonMappingException.java:390)
	at com.fasterxml.jackson.databind.JsonMappingException.wrapWithPath(JsonMappingException.java:349)
	at com.fasterxml.jackson.databind.ser.std.StdSerializer.wrapAndThrow(StdSerializer.java:316)
	at com.fasterxml.jackson.databind.ser.std.MapSerializer.serializeFieldsUsing(MapSerializer.java:910)
	at com.fasterxml.jackson.databind.ser.std.MapSerializer.serializeWithoutTypeInfo(MapSerializer.java:762)
	at com.fasterxml.jackson.databind.ser.std.MapSerializer.serialize(MapSerializer.java:720)
	at com.fasterxml.jackson.databind.ser.std.MapSerializer.serialize(MapSerializer.java:35)
	at com.fasterxml.jackson.databind.ser.std.MapSerializer.serializeFields(MapSerializer.java:808)
	at com.fasterxml.jackson.databind.ser.std.MapSerializer.serializeWithoutTypeInfo(MapSerializer.java:764)
	at com.fasterxml.jackson.databind.ser.std.MapSerializer.serialize(MapSerializer.java:720)
	at com.fasterxml.jackson.databind.ser.std.MapSerializer.serialize(MapSerializer.java:35)
	at com.fasterxml.jackson.databind.ser.BeanPropertyWriter.serializeAsField(BeanPropertyWriter.java:728)
	at com.fasterxml.jackson.databind.ser.std.BeanSerializerBase.serializeFields(BeanSerializerBase.java:770)
	at com.fasterxml.jackson.databind.ser.BeanSerializer.serialize(BeanSerializer.java:178)
	at com.fasterxml.jackson.databind.ser.DefaultSerializerProvider._serialize(DefaultSerializerProvider.java:480)
	at com.fasterxml.jackson.databind.ser.DefaultSerializerProvider.serializeValue(DefaultSerializerProvider.java:319)
	at com.fasterxml.jackson.databind.ObjectMapper._writeValueAndClose(ObjectMapper.java:4487)
	at com.fasterxml.jackson.databind.ObjectMapper.writeValueAsString(ObjectMapper.java:3742)
	at it.uniroma2.faas.openwhisk.scheduler.scheduler.domain.model.ActivationTest.isTestHealthActivationSerializedCorrectly(ActivationTest.java:125)
	at java.base/jdk.internal.reflect.DirectMethodHandleAccessor.invoke(DirectMethodHandleAccessor.java:104)
	at java.base/java.lang.reflect.Method.invoke(Method.java:578)
	at org.junit.platform.commons.util.ReflectionUtils.invokeMethod(ReflectionUtils.java:628)
	at org.junit.jupiter.engine.execution.ExecutableInvoker.invoke(ExecutableInvoker.java:117)
	at org.junit.jupiter.engine.descriptor.TestMethodTestDescriptor.lambda$invokeTestMethod$7(TestMethodTestDescriptor.java:184)
	at org.junit.platform.engine.support.hierarchical.ThrowableCollector.execute(ThrowableCollector.java:73)
	at org.junit.jupiter.engine.descriptor.TestMethodTestDescriptor.invokeTestMethod(TestMethodTestDescriptor.java:180)
	at org.junit.jupiter.engine.descriptor.TestMethodTestDescriptor.execute(TestMethodTestDescriptor.java:127)
	at org.junit.jupiter.engine.descriptor.TestMethodTestDescriptor.execute(TestMethodTestDescriptor.java:68)
	at org.junit.platform.engine.support.hierarchical.NodeTestTask.lambda$executeRecursively$5(NodeTestTask.java:135)
	at org.junit.platform.engine.support.hierarchical.ThrowableCollector.execute(ThrowableCollector.java:73)
	at org.junit.platform.engine.support.hierarchical.NodeTestTask.lambda$executeRecursively$7(NodeTestTask.java:125)
	at org.junit.platform.engine.support.hierarchical.Node.around(Node.java:135)
	at org.junit.platform.engine.support.hierarchical.NodeTestTask.lambda$executeRecursively$8(NodeTestTask.java:123)
	at org.junit.platform.engine.support.hierarchical.ThrowableCollector.execute(ThrowableCollector.java:73)
	at org.junit.platform.engine.support.hierarchical.NodeTestTask.executeRecursively(NodeTestTask.java:122)
	at org.junit.platform.engine.support.hierarchical.NodeTestTask.execute(NodeTestTask.java:80)
	at java.base/java.util.ArrayList.forEach(ArrayList.java:1511)
	at org.junit.platform.engine.support.hierarchical.SameThreadHierarchicalTestExecutorService.invokeAll(SameThreadHierarchicalTestExecutorService.java:38)
	at org.junit.platform.engine.support.hierarchical.NodeTestTask.lambda$executeRecursively$5(NodeTestTask.java:139)
	at org.junit.platform.engine.support.hierarchical.ThrowableCollector.execute(ThrowableCollector.java:73)
	at org.junit.platform.engine.support.hierarchical.NodeTestTask.lambda$executeRecursively$7(NodeTestTask.java:125)
	at org.junit.platform.engine.support.hierarchical.Node.around(Node.java:135)
	at org.junit.platform.engine.support.hierarchical.NodeTestTask.lambda$executeRecursively$8(NodeTestTask.java:123)
	at org.junit.platform.engine.support.hierarchical.ThrowableCollector.execute(ThrowableCollector.java:73)
	at org.junit.platform.engine.support.hierarchical.NodeTestTask.executeRecursively(NodeTestTask.java:122)
	at org.junit.platform.engine.support.hierarchical.NodeTestTask.execute(NodeTestTask.java:80)
	at java.base/java.util.ArrayList.forEach(ArrayList.java:1511)
	at org.junit.platform.engine.support.hierarchical.SameThreadHierarchicalTestExecutorService.invokeAll(SameThreadHierarchicalTestExecutorService.java:38)
	at org.junit.platform.engine.support.hierarchical.NodeTestTask.lambda$executeRecursively$5(NodeTestTask.java:139)
	at org.junit.platform.engine.support.hierarchical.ThrowableCollector.execute(ThrowableCollector.java:73)
	at org.junit.platform.engine.support.hierarchical.NodeTestTask.lambda$executeRecursively$7(NodeTestTask.java:125)
	at org.junit.platform.engine.support.hierarchical.Node.around(Node.java:135)
	at org.junit.platform.engine.support.hierarchical.NodeTestTask.lambda$executeRecursively$8(NodeTestTask.java:123)
	at org.junit.platform.engine.support.hierarchical.ThrowableCollector.execute(ThrowableCollector.java:73)
	at org.junit.platform.engine.support.hierarchical.NodeTestTask.executeRecursively(NodeTestTask.java:122)
	at org.junit.platform.engine.support.hierarchical.NodeTestTask.execute(NodeTestTask.java:80)
	at org.junit.platform.engine.support.hierarchical.SameThreadHierarchicalTestExecutorService.submit(SameThreadHierarchicalTestExecutorService.java:32)
	at org.junit.platform.engine.support.hierarchical.HierarchicalTestExecutor.execute(HierarchicalTestExecutor.java:57)
	at org.junit.platform.engine.support.hierarchical.HierarchicalTestEngine.execute(HierarchicalTestEngine.java:51)
	at org.junit.platform.launcher.core.DefaultLauncher.execute(DefaultLauncher.java:229)
	at org.junit.platform.launcher.core.DefaultLauncher.lambda$execute$6(DefaultLauncher.java:197)
	at org.junit.platform.launcher.core.DefaultLauncher.withInterceptedStreams(DefaultLauncher.java:211)
	at org.junit.platform.launcher.core.DefaultLauncher.execute(DefaultLauncher.java:191)
	at org.junit.platform.launcher.core.DefaultLauncher.execute(DefaultLauncher.java:128)
	at org.apache.maven.surefire.junitplatform.LazyLauncher.execute(LazyLauncher.java:55)
	at org.apache.maven.surefire.junitplatform.JUnitPlatformProvider.execute(JUnitPlatformProvider.java:223)
	at org.apache.maven.surefire.junitplatform.JUnitPlatformProvider.invokeAllTests(JUnitPlatformProvider.java:175)
	at org.apache.maven.surefire.junitplatform.JUnitPlatformProvider.invoke(JUnitPlatformProvider.java:139)
	at org.apache.maven.surefire.booter.ForkedBooter.runSuitesInProcess(ForkedBooter.java:456)
	at org.apache.maven.surefire.booter.ForkedBooter.execute(ForkedBooter.java:169)
	at org.apache.maven.surefire.booter.ForkedBooter.run(ForkedBooter.java:595)
	at org.apache.maven.surefire.booter.ForkedBooter.main(ForkedBooter.java:581)
Caused by: java.lang.ClassCastException: class java.lang.Long cannot be cast to class java.lang.String (java.lang.Long and java.lang.String are in module java.base of loader 'bootstrap')
	at com.fasterxml.jackson.databind.ser.std.StringSerializer.serialize(StringSerializer.java:41)
	at com.fasterxml.jackson.databind.ser.std.MapSerializer.serializeFieldsUsing(MapSerializer.java:905)
	... 68 more
]]></error>
    <system-out><![CDATA[Activation{action=Action{name='invokerHealthTestAction0', path='whisk.system', version='0.0.1'}, activationId='d26e7d5e9c0c4e9dae7d5e9c0c4e9d0c', blocking=false, cause='null', content={$scheduler={start=1669486964934, target=invoker0}}, initArgs=[], lockedArgs={}, revision='null', rootControllerIndex=RootControllerIndex{asString='0', instanceType='controller'}, transId=TransId{transactions=[Transaction{id='sid_invokerHealth', timestamp=1613230826360}]}, user=User{authKey={api_key=fd8a002b-b945-47d5-8a00-2bb945e7d584:PArwIfsNCvxFfvmZoZFopyy37s62Oi57TKO9Rr2IY1x9GNZIkyyMi6GFEvk6T7Rp}, limits={}, namespace=Namespace{name='whisk.system', uuid='fd8a002b-b945-47d5-8a00-2bb945e7d584'}, rights=[], subject='whisk.system'}, targetInvoker='invoker0', normalize=0, priority=1, timePriority=1, riskPriority=1, overload=null, kind='null', cmpLength=null, concurrencyLimit=null, memoryLimit=null, timeLimit=null, userMemory=null}
]]></system-out>
  </testcase>
  <testcase name="whenActivationDeserialization_thenNoExceptionIsThrown" classname="it.uniroma2.faas.openwhisk.scheduler.scheduler.domain.model.ActivationTest" time="0.006">
    <system-out><![CDATA[Activation{action=Action{name='test_annotations', path='guest', version='0.0.1'}, activationId='0b307ee5a1304a57b07ee5a1300a57e7', blocking=true, cause='null', content={key0=value0, key1=value1, key2=value2}, initArgs=[], lockedArgs=null, revision='3-b3eeb1e516fd89366574c6051f024fa7', rootControllerIndex=RootControllerIndex{asString='0', instanceType='controller'}, transId=TransId{transactions=[Transaction{id='rxseFbQm3cy0QYASqVGkujB8lxEDE5Mu', timestamp=1609810319398}]}, user=User{authKey={api_key=23bc46b1-71f6-4ed5-8c54-816aa4f8c502:123zO3xZCLrMN6v2BKK1dXYFpXlPkccOFqm12CdAsMgRU4VrNZ9lyGVCGuMDGIwP}, limits={}, namespace=Namespace{name='guest', uuid='23bc46b1-71f6-4ed5-8c54-816aa4f8c502'}, rights=[READ, PUT, DELETE, ACTIVATE], subject='guest'}, targetInvoker='null', normalize=null, priority=null, timePriority=null, riskPriority=null, overload=null, kind='null', cmpLength=null, concurrencyLimit=null, memoryLimit=null, timeLimit=null, userMemory=null}
Activation{action=Action{name='test_annotations', path='guest', version='0.0.1'}, activationId='0b307ee5a1304a57b07ee5a1300a57e7', blocking=true, cause='null', content={key0=value0, key1=value1, key2=value2, $scheduler={target=invoker2, start=1669486964945}}, initArgs=[], lockedArgs=null, revision='3-b3eeb1e516fd89366574c6051f024fa7', rootControllerIndex=RootControllerIndex{asString='0', instanceType='controller'}, transId=TransId{transactions=[Transaction{id='rxseFbQm3cy0QYASqVGkujB8lxEDE5Mu', timestamp=1609810319398}]}, user=User{authKey={api_key=23bc46b1-71f6-4ed5-8c54-816aa4f8c502:123zO3xZCLrMN6v2BKK1dXYFpXlPkccOFqm12CdAsMgRU4VrNZ9lyGVCGuMDGIwP}, limits={}, namespace=Namespace{name='guest', uuid='23bc46b1-71f6-4ed5-8c54-816aa4f8c502'}, rights=[READ, PUT, DELETE, ACTIVATE], subject='guest'}, targetInvoker='invoker2', normalize=0, priority=1, timePriority=1, riskPriority=1, overload=null, kind='null', cmpLength=null, concurrencyLimit=null, memoryLimit=null, timeLimit=null, userMemory=null}
Activation{action=Action{name='invokerHealthTestAction0', path='whisk.system', version='0.0.1'}, activationId='c87969bfe8cf4c2bb969bfe8cf3c2bf0', blocking=false, cause='null', content={$scheduler={target=invoker0, start=1669486964945}}, initArgs=[], lockedArgs={}, revision='null', rootControllerIndex=RootControllerIndex{asString='0', instanceType='controller'}, transId=TransId{transactions=[Transaction{id='sid_invokerHealth', timestamp=1611036640735}]}, user=User{authKey={api_key=979552f2-6935-40aa-9552-f2693520aa71:nH3V9vtkRxy8Hcw1a88xHd7jotqefxjH5jTf8v5e1qnWXerfR67vvZyrj3EX9vu4}, limits={}, namespace=Namespace{name='whisk.system', uuid='979552f2-6935-40aa-9552-f2693520aa71'}, rights=[], subject='whisk.system'}, targetInvoker='invoker0', normalize=0, priority=1, timePriority=1, riskPriority=1, overload=null, kind='null', cmpLength=null, concurrencyLimit=null, memoryLimit=null, timeLimit=null, userMemory=null}
Activation{action=Action{name='invokerHealthTestAction0', path='whisk.system', version='0.0.1'}, activationId='568a98b8da0548598a98b8da058859df', blocking=false, cause='null', content=null, initArgs=[], lockedArgs={}, revision='null', rootControllerIndex=RootControllerIndex{asString='0', instanceType='controller'}, transId=TransId{transactions=[Transaction{id='sid_invokerHealth', timestamp=1612140411000}]}, user=User{authKey={api_key=07784fcd-9cb3-400a-b84f-cd9cb3f00a97:mMHbHXq0fXI3oTI5xQ5c9TtlayzGtxeXU6AEqYcBuZFzJWGUyrarMG8es68NANBW}, limits={}, namespace=Namespace{name='whisk.system', uuid='07784fcd-9cb3-400a-b84f-cd9cb3f00a97'}, rights=[], subject='whisk.system'}, targetInvoker='null', normalize=null, priority=null, timePriority=null, riskPriority=null, overload=null, kind='null', cmpLength=null, concurrencyLimit=null, memoryLimit=null, timeLimit=null, userMemory=null}
]]></system-out>
  </testcase>
  <testcase name="givenTwoActivationsWhichDiffersForInvokerTarget_thenActivationsAreEquals" classname="it.uniroma2.faas.openwhisk.scheduler.scheduler.domain.model.ActivationTest" time="0.005">
    <system-out><![CDATA[Activation{action=Action{name='fn2', path='guest', version='0.0.1'}, activationId='93a8dd0750934856a8dd0750935856ba', blocking=true, cause='7402792454a04aca82792454a09aca14', content={$scheduler={duration=10, limits={concurrency=3, memory=256, timeout=60000, userMemory=2048}, overload=false, priority=0, target=invoker0, start=1669486964950}, extras={cmd=Sleep executed for 5 s., fn_name=/guest/fn1}, message=Hello Kira!, sleep_time=5}, initArgs=[], lockedArgs={}, revision='1-f5098d6fdb4e59dd7348545470ab110f', rootControllerIndex=RootControllerIndex{asString='0', instanceType='controller'}, transId=TransId{transactions=[Transaction{id='WSfYUfdxl3hm7HHsmykAp1nrFwGKGC8l', timestamp=1613391003698}, Transaction{id='MDEXs94DFVXmCKZmRgdIFSA7Zcsp2x0j', timestamp=1613391003260}, Transaction{id='R9O0tKt4PnXSUz9Qu97g6thHCSP6jgrw', timestamp=1613390993698}, Transaction{id='fvxblQafi4egIwb6Hw4KWokFLCbZh305', timestamp=1613390988735}, Transaction{id='P8XxEP8sFUs5g9Gf8pykM4SjpGp6AiQA', timestamp=1613390988230}]}, user=User{authKey={api_key=23bc46b1-71f6-4ed5-8c54-816aa4f8c502:123zO3xZCLrMN6v2BKK1dXYFpXlPkccOFqm12CdAsMgRU4VrNZ9lyGVCGuMDGIwP}, limits={}, namespace=Namespace{name='guest', uuid='23bc46b1-71f6-4ed5-8c54-816aa4f8c502'}, rights=[READ, PUT, DELETE, ACTIVATE], subject='guest'}, targetInvoker='invoker0', normalize=0, priority=0, timePriority=1, riskPriority=1, overload=false, kind='null', cmpLength=null, concurrencyLimit=3, memoryLimit=256, timeLimit=60000, userMemory=2048}
Activation{action=Action{name='fn2', path='guest', version='0.0.1'}, activationId='93a8dd0750934856a8dd0750935856ba', blocking=true, cause='7402792454a04aca82792454a09aca14', content={$scheduler={duration=10, limits={concurrency=3, memory=256, timeout=60000, userMemory=2048}, overload=false, priority=0, target=invoker0, start=1669486964950}, extras={cmd=Sleep executed for 5 s., fn_name=/guest/fn1}, message=Hello Kira!, sleep_time=5}, initArgs=[], lockedArgs={}, revision='1-f5098d6fdb4e59dd7348545470ab110f', rootControllerIndex=RootControllerIndex{asString='0', instanceType='controller'}, transId=TransId{transactions=[Transaction{id='WSfYUfdxl3hm7HHsmykAp1nrFwGKGC8l', timestamp=1613391003698}, Transaction{id='MDEXs94DFVXmCKZmRgdIFSA7Zcsp2x0j', timestamp=1613391003260}, Transaction{id='R9O0tKt4PnXSUz9Qu97g6thHCSP6jgrw', timestamp=1613390993698}, Transaction{id='fvxblQafi4egIwb6Hw4KWokFLCbZh305', timestamp=1613390988735}, Transaction{id='P8XxEP8sFUs5g9Gf8pykM4SjpGp6AiQA', timestamp=1613390988230}]}, user=User{authKey={api_key=23bc46b1-71f6-4ed5-8c54-816aa4f8c502:123zO3xZCLrMN6v2BKK1dXYFpXlPkccOFqm12CdAsMgRU4VrNZ9lyGVCGuMDGIwP}, limits={}, namespace=Namespace{name='guest', uuid='23bc46b1-71f6-4ed5-8c54-816aa4f8c502'}, rights=[READ, PUT, DELETE, ACTIVATE], subject='guest'}, targetInvoker='invoker0', normalize=0, priority=0, timePriority=1, riskPriority=1, overload=false, kind='null', cmpLength=null, concurrencyLimit=3, memoryLimit=256, timeLimit=60000, userMemory=2048}
Activation{action=Action{name='fn2', path='guest', version='0.0.1'}, activationId='93a8dd0750934856a8dd0750935856ba', blocking=true, cause='7402792454a04aca82792454a09aca14', content={$scheduler={duration=10, limits={concurrency=3, memory=256, timeout=60000, userMemory=2048}, overload=false, priority=0, target=invoker8, start=1669486964950}, extras={cmd=Sleep executed for 5 s., fn_name=/guest/fn1}, message=Hello Kira!, sleep_time=5}, initArgs=[], lockedArgs={}, revision='1-f5098d6fdb4e59dd7348545470ab110f', rootControllerIndex=RootControllerIndex{asString='0', instanceType='controller'}, transId=TransId{transactions=[Transaction{id='WSfYUfdxl3hm7HHsmykAp1nrFwGKGC8l', timestamp=1613391003698}, Transaction{id='MDEXs94DFVXmCKZmRgdIFSA7Zcsp2x0j', timestamp=1613391003260}, Transaction{id='R9O0tKt4PnXSUz9Qu97g6thHCSP6jgrw', timestamp=1613390993698}, Transaction{id='fvxblQafi4egIwb6Hw4KWokFLCbZh305', timestamp=1613390988735}, Transaction{id='P8XxEP8sFUs5g9Gf8pykM4SjpGp6AiQA', timestamp=1613390988230}]}, user=User{authKey={api_key=23bc46b1-71f6-4ed5-8c54-816aa4f8c502:123zO3xZCLrMN6v2BKK1dXYFpXlPkccOFqm12CdAsMgRU4VrNZ9lyGVCGuMDGIwP}, limits={}, namespace=Namespace{name='guest', uuid='23bc46b1-71f6-4ed5-8c54-816aa4f8c502'}, rights=[READ, PUT, DELETE, ACTIVATE], subject='guest'}, targetInvoker='invoker0', normalize=0, priority=0, timePriority=1, riskPriority=1, overload=false, kind='null', cmpLength=null, concurrencyLimit=3, memoryLimit=256, timeLimit=60000, userMemory=2048}
Activation{action=Action{name='fn2', path='guest', version='0.0.1'}, activationId='93a8dd0750934856a8dd0750935856ba', blocking=true, cause='7402792454a04aca82792454a09aca14', content={$scheduler={duration=10, limits={concurrency=3, memory=256, timeout=60000, userMemory=2048}, overload=false, priority=0, target=invoker9, start=1669486964950}, extras={cmd=Sleep executed for 5 s., fn_name=/guest/fn1}, message=Hello Kira!, sleep_time=5}, initArgs=[], lockedArgs={}, revision='1-f5098d6fdb4e59dd7348545470ab110f', rootControllerIndex=RootControllerIndex{asString='0', instanceType='controller'}, transId=TransId{transactions=[Transaction{id='WSfYUfdxl3hm7HHsmykAp1nrFwGKGC8l', timestamp=1613391003698}, Transaction{id='MDEXs94DFVXmCKZmRgdIFSA7Zcsp2x0j', timestamp=1613391003260}, Transaction{id='R9O0tKt4PnXSUz9Qu97g6thHCSP6jgrw', timestamp=1613390993698}, Transaction{id='fvxblQafi4egIwb6Hw4KWokFLCbZh305', timestamp=1613390988735}, Transaction{id='P8XxEP8sFUs5g9Gf8pykM4SjpGp6AiQA', timestamp=1613390988230}]}, user=User{authKey={api_key=23bc46b1-71f6-4ed5-8c54-816aa4f8c502:123zO3xZCLrMN6v2BKK1dXYFpXlPkccOFqm12CdAsMgRU4VrNZ9lyGVCGuMDGIwP}, limits={}, namespace=Namespace{name='guest', uuid='23bc46b1-71f6-4ed5-8c54-816aa4f8c502'}, rights=[READ, PUT, DELETE, ACTIVATE], subject='guest'}, targetInvoker='invoker0', normalize=0, priority=0, timePriority=1, riskPriority=1, overload=false, kind='null', cmpLength=null, concurrencyLimit=3, memoryLimit=256, timeLimit=60000, userMemory=2048}
Activation{action=Action{name='fn2', path='guest', version='0.0.1'}, activationId='93a8dd0750934856a8dd0750935856ba', blocking=true, cause='7402792454a04aca82792454a09aca14', content={$scheduler={duration=10, limits={concurrency=3, memory=256, timeout=60000, userMemory=2048}, overload=false, priority=0, target=invoker8, start=1669486964950}, extras={cmd=Sleep executed for 5 s., fn_name=/guest/fn1}, message=Hello Kira!, sleep_time=5}, initArgs=[], lockedArgs={}, revision='1-f5098d6fdb4e59dd7348545470ab110f', rootControllerIndex=RootControllerIndex{asString='0', instanceType='controller'}, transId=TransId{transactions=[Transaction{id='WSfYUfdxl3hm7HHsmykAp1nrFwGKGC8l', timestamp=1613391003698}, Transaction{id='MDEXs94DFVXmCKZmRgdIFSA7Zcsp2x0j', timestamp=1613391003260}, Transaction{id='R9O0tKt4PnXSUz9Qu97g6thHCSP6jgrw', timestamp=1613390993698}, Transaction{id='fvxblQafi4egIwb6Hw4KWokFLCbZh305', timestamp=1613390988735}, Transaction{id='P8XxEP8sFUs5g9Gf8pykM4SjpGp6AiQA', timestamp=1613390988230}]}, user=User{authKey={api_key=23bc46b1-71f6-4ed5-8c54-816aa4f8c502:123zO3xZCLrMN6v2BKK1dXYFpXlPkccOFqm12CdAsMgRU4VrNZ9lyGVCGuMDGIwP}, limits={}, namespace=Namespace{name='guest', uuid='23bc46b1-71f6-4ed5-8c54-816aa4f8c502'}, rights=[READ, PUT, DELETE, ACTIVATE], subject='guest'}, targetInvoker='invoker8', normalize=0, priority=0, timePriority=1, riskPriority=1, overload=false, kind='null', cmpLength=null, concurrencyLimit=3, memoryLimit=256, timeLimit=60000, userMemory=2048}
Activation{action=Action{name='fn2', path='guest', version='0.0.1'}, activationId='93a8dd0750934856a8dd0750935856ba', blocking=true, cause='7402792454a04aca82792454a09aca14', content={$scheduler={duration=10, limits={concurrency=3, memory=256, timeout=60000, userMemory=2048}, overload=false, priority=0, target=invoker9, start=1669486964950}, extras={cmd=Sleep executed for 5 s., fn_name=/guest/fn1}, message=Hello Kira!, sleep_time=5}, initArgs=[], lockedArgs={}, revision='1-f5098d6fdb4e59dd7348545470ab110f', rootControllerIndex=RootControllerIndex{asString='0', instanceType='controller'}, transId=TransId{transactions=[Transaction{id='WSfYUfdxl3hm7HHsmykAp1nrFwGKGC8l', timestamp=1613391003698}, Transaction{id='MDEXs94DFVXmCKZmRgdIFSA7Zcsp2x0j', timestamp=1613391003260}, Transaction{id='R9O0tKt4PnXSUz9Qu97g6thHCSP6jgrw', timestamp=1613390993698}, Transaction{id='fvxblQafi4egIwb6Hw4KWokFLCbZh305', timestamp=1613390988735}, Transaction{id='P8XxEP8sFUs5g9Gf8pykM4SjpGp6AiQA', timestamp=1613390988230}]}, user=User{authKey={api_key=23bc46b1-71f6-4ed5-8c54-816aa4f8c502:123zO3xZCLrMN6v2BKK1dXYFpXlPkccOFqm12CdAsMgRU4VrNZ9lyGVCGuMDGIwP}, limits={}, namespace=Namespace{name='guest', uuid='23bc46b1-71f6-4ed5-8c54-816aa4f8c502'}, rights=[READ, PUT, DELETE, ACTIVATE], subject='guest'}, targetInvoker='invoker9', normalize=0, priority=0, timePriority=1, riskPriority=1, overload=false, kind='null', cmpLength=null, concurrencyLimit=3, memoryLimit=256, timeLimit=60000, userMemory=2048}
]]></system-out>
  </testcase>
  <testcase name="isTestHealthActivationDeserializedCorrectly" classname="it.uniroma2.faas.openwhisk.scheduler.scheduler.domain.model.ActivationTest" time="0.006">
    <system-out><![CDATA[{"action":{"name":"invokerHealthTestAction0","path":"whisk.system","version":"0.0.1"},"activationId":"d26e7d5e9c0c4e9dae7d5e9c0c4e9d0c","blocking":false,"content":{"$scheduler":{"target":"invoker0"}},"initArgs":[],"lockedArgs":{},"revision":null,"rootControllerIndex":{"asString":"0","instanceType":"controller"},"transid":["sid_invokerHealth",1613230826360],"user":{"authkey":{"api_key":"fd8a002b-b945-47d5-8a00-2bb945e7d584:PArwIfsNCvxFfvmZoZFopyy37s62Oi57TKO9Rr2IY1x9GNZIkyyMi6GFEvk6T7Rp"},"limits":{},"namespace":{"name":"whisk.system","uuid":"fd8a002b-b945-47d5-8a00-2bb945e7d584"},"rights":[],"subject":"whisk.system"}}
Activation{action=Action{name='invokerHealthTestAction0', path='whisk.system', version='0.0.1'}, activationId='d26e7d5e9c0c4e9dae7d5e9c0c4e9d0c', blocking=false, cause='null', content={$scheduler={target=invoker0, start=1669486964956}}, initArgs=[], lockedArgs={}, revision='null', rootControllerIndex=RootControllerIndex{asString='0', instanceType='controller'}, transId=TransId{transactions=[Transaction{id='sid_invokerHealth', timestamp=1613230826360}]}, user=User{authKey={api_key=fd8a002b-b945-47d5-8a00-2bb945e7d584:PArwIfsNCvxFfvmZoZFopyy37s62Oi57TKO9Rr2IY1x9GNZIkyyMi6GFEvk6T7Rp}, limits={}, namespace=Namespace{name='whisk.system', uuid='fd8a002b-b945-47d5-8a00-2bb945e7d584'}, rights=[], subject='whisk.system'}, targetInvoker='invoker0', normalize=0, priority=1, timePriority=1, riskPriority=1, overload=null, kind='null', cmpLength=null, concurrencyLimit=null, memoryLimit=null, timeLimit=null, userMemory=null}
Activation{action=Action{name='invokerHealthTestAction0', path='whisk.system', version='0.0.1'}, activationId='d26e7d5e9c0c4e9dae7d5e9c0c4e9d0c', blocking=false, cause='null', content={$scheduler={start=1669486964958, target=invoker0}}, initArgs=[], lockedArgs={}, revision='null', rootControllerIndex=RootControllerIndex{asString='0', instanceType='controller'}, transId=TransId{transactions=[Transaction{id='sid_invokerHealth', timestamp=1613230826360}]}, user=User{authKey={api_key=fd8a002b-b945-47d5-8a00-2bb945e7d584:PArwIfsNCvxFfvmZoZFopyy37s62Oi57TKO9Rr2IY1x9GNZIkyyMi6GFEvk6T7Rp}, limits={}, namespace=Namespace{name='whisk.system', uuid='fd8a002b-b945-47d5-8a00-2bb945e7d584'}, rights=[], subject='whisk.system'}, targetInvoker='invoker0', normalize=0, priority=1, timePriority=1, riskPriority=1, overload=null, kind='null', cmpLength=null, concurrencyLimit=null, memoryLimit=null, timeLimit=null, userMemory=null}
]]></system-out>
  </testcase>
</testsuite>