<?xml version="1.0" encoding="UTF-8"?>
<testsuite xmlns:xsi="http://www.w3.org/2001/XMLSchema-instance" xsi:noNamespaceSchemaLocation="https://maven.apache.org/surefire/maven-surefire-plugin/xsd/surefire-test-report-3.0.xsd" version="3.0" name="it.uniroma2.faas.openwhisk.scheduler.scheduler.domain.model.CompletionTest" time="0.047" tests="4" errors="1" skipped="0" failures="0">
  <properties>
[...]
</properties>
  <testcase name="areErrorCompletionDeserializedCorrectly" classname="it.uniroma2.faas.openwhisk.scheduler.scheduler.domain.model.CompletionTest" time="0.014">
    <system-out><![CDATA[FailureCompletion{response='ba418ba98c914fc7818ba98c916fc75b'} Completion{, instance=ComponentInstance{instance=2, instanceType=INVOKER, uniqueName='owdev-invoker-1', userMemory='2147483648 B'}, systemError=true, transId=TransId{transactions=[Transaction{id='sid_invokerHealth', timestamp=1614175891255}]}}
BlockingCompletion{response=Response{activationId='607d5b9094744892bd5b909474489267', annotations=[{key=path, value=guest/sleep}, {key=waitTime, value=61609}, {key=kind, value=python:3}, {key=timeout, value=false}, {key=limits, value={concurrency=1, logs=10, memory=256, timeout=60000}}], cause='null', duration=0, end=1614176278669, logs=[], name='sleep', namespace='guest', publish=false, result=Result{result={error=Failed to run container with image 'openwhisk/python3action:1.15.0'.}, size=null, statusCode=3}, start=1614176278669, subject='guest', version='0.0.1'}} Completion{, instance=ComponentInstance{instance=0, instanceType=INVOKER, uniqueName='owdev-invoker-2', userMemory='2147483648 B'}, systemError=true, transId=TransId{transactions=[Transaction{id='jIAernxDeXgY2nGon66c52qB5hP5OkMc', timestamp=1614176217060}]}}
]]></system-out>
  </testcase>
  <testcase name="givenCompletionFromSimpleAction_thenCompletionIsDeserializedCorrectly" classname="it.uniroma2.faas.openwhisk.scheduler.scheduler.domain.model.CompletionTest" time="0.004">
    <system-out><![CDATA[BlockingCompletion{response=Response{activationId='50ca4ef8bb984b778a4ef8bb988b771a', annotations=[{key=path, value=guest/sleep_one}, {key=waitTime, value=6326}, {key=kind, value=python:3}, {key=timeout, value=false}, {key=limits, value={concurrency=2, logs=10, memory=256, timeout=60000}}, {key=initTime, value=35}], cause='null', duration=2046, end=1613386579997, logs=[], name='sleep_one', namespace='guest', publish=false, result=Result{result={sleep_one={$scheduler={duration=50, limits={concurrency=2, memory=256, timeout=60000, userMemory=2048}, overload=false, priority=0, target=invoker0}, sleep=2}}, size=179, statusCode=0}, start=1613386577951, subject='guest', version='0.0.1'}} Completion{, instance=ComponentInstance{instance=0, instanceType=INVOKER, uniqueName='owdev-invoker-0', userMemory='2147483648 B'}, systemError=false, transId=TransId{transactions=[Transaction{id='qIegNpYovh58teI9Vy6wmyvWqKwZL4ha', timestamp=1613386571622}]}}
]]></system-out>
  </testcase>
  <testcase name="isSchedulerDurationAlwaysLowerEqualThanWaitTime" classname="it.uniroma2.faas.openwhisk.scheduler.scheduler.domain.model.CompletionTest" time="0.019">
    <error message="Cannot invoke &quot;java.util.Map.get(Object)&quot; because &quot;scheduler&quot; is null" type="java.lang.NullPointerException"><![CDATA[java.lang.NullPointerException: Cannot invoke "java.util.Map.get(Object)" because "scheduler" is null
	at it.uniroma2.faas.openwhisk.scheduler.scheduler.domain.model.CompletionTest.lambda$isSchedulerDurationAlwaysLowerEqualThanWaitTime$8(CompletionTest.java:74)
	at java.base/java.util.stream.ReferencePipeline$3$1.accept(ReferencePipeline.java:197)
	at java.base/java.util.stream.ReferencePipeline$3$1.accept(ReferencePipeline.java:197)
	at java.base/java.util.ArrayList$ArrayListSpliterator.forEachRemaining(ArrayList.java:1625)
	at java.base/java.util.stream.AbstractPipeline.copyInto(AbstractPipeline.java:509)
	at java.base/java.util.stream.AbstractPipeline.wrapAndCopyInto(AbstractPipeline.java:499)
	at java.base/java.util.stream.ReduceOps$ReduceOp.evaluateSequential(ReduceOps.java:921)
	at java.base/java.util.stream.AbstractPipeline.evaluate(AbstractPipeline.java:234)
	at java.base/java.util.stream.ReferencePipeline.collect(ReferencePipeline.java:682)
	at it.uniroma2.faas.openwhisk.scheduler.scheduler.domain.model.CompletionTest.isSchedulerDurationAlwaysLowerEqualThanWaitTime(CompletionTest.java:75)
	at java.base/jdk.internal.reflect.DirectMethodHandleAccessor.invoke(DirectMethodHandleAccessor.java:104)
	at java.base/java.lang.reflect.Method.invoke(Method.java:578)
	at org.junit.platform.commons.util.ReflectionUtils.invokeMethod(ReflectionUtils.java:628)
	at org.junit.jupiter.engine.execution.ExecutableInvoker.invoke(ExecutableInvoker.java:117)
	at org.junit.jupiter.engine.descriptor.TestMethodTestDescriptor.lambda$invokeTestMethod$7(TestMethodTestDescriptor.java:184)
	at org.junit.platform.engine.support.hierarchical.ThrowableCollector.execute(ThrowableCollector.java:73)
	at org.junit.jupiter.engine.descriptor.TestMethodTestDescriptor.invokeTestMethod(TestMethodTestDescriptor.java:180)
	at org.junit.jupiter.engine.descriptor.TestMethodTestDescriptor.execute(TestMethodTestDescriptor.java:127)
	at org.junit.jupiter.engine.descriptor.TestMethodTestDescriptor.execute(TestMethodTestDescriptor.java:68)
	at org.junit.platform.engine.support.hierarchical.NodeTestTask.lambda$executeRecursively$5(NodeTestTask.java:135)
	at org.junit.platform.engine.support.hierarchical.ThrowableCollector.execute(ThrowableCollector.java:73)
	at org.junit.platform.engine.support.hierarchical.NodeTestTask.lambda$executeRecursively$7(NodeTestTask.java:125)
	at org.junit.platform.engine.support.hierarchical.Node.around(Node.java:135)
	at org.junit.platform.engine.support.hierarchical.NodeTestTask.lambda$executeRecursively$8(NodeTestTask.java:123)
	at org.junit.platform.engine.support.hierarchical.ThrowableCollector.execute(ThrowableCollector.java:73)
	at org.junit.platform.engine.support.hierarchical.NodeTestTask.executeRecursively(NodeTestTask.java:122)
	at org.junit.platform.engine.support.hierarchical.NodeTestTask.execute(NodeTestTask.java:80)
	at java.base/java.util.ArrayList.forEach(ArrayList.java:1511)
	at org.junit.platform.engine.support.hierarchical.SameThreadHierarchicalTestExecutorService.invokeAll(SameThreadHierarchicalTestExecutorService.java:38)
	at org.junit.platform.engine.support.hierarchical.NodeTestTask.lambda$executeRecursively$5(NodeTestTask.java:139)
	at org.junit.platform.engine.support.hierarchical.ThrowableCollector.execute(ThrowableCollector.java:73)
	at org.junit.platform.engine.support.hierarchical.NodeTestTask.lambda$executeRecursively$7(NodeTestTask.java:125)
	at org.junit.platform.engine.support.hierarchical.Node.around(Node.java:135)
	at org.junit.platform.engine.support.hierarchical.NodeTestTask.lambda$executeRecursively$8(NodeTestTask.java:123)
	at org.junit.platform.engine.support.hierarchical.ThrowableCollector.execute(ThrowableCollector.java:73)
	at org.junit.platform.engine.support.hierarchical.NodeTestTask.executeRecursively(NodeTestTask.java:122)
	at org.junit.platform.engine.support.hierarchical.NodeTestTask.execute(NodeTestTask.java:80)
	at java.base/java.util.ArrayList.forEach(ArrayList.java:1511)
	at org.junit.platform.engine.support.hierarchical.SameThreadHierarchicalTestExecutorService.invokeAll(SameThreadHierarchicalTestExecutorService.java:38)
	at org.junit.platform.engine.support.hierarchical.NodeTestTask.lambda$executeRecursively$5(NodeTestTask.java:139)
	at org.junit.platform.engine.support.hierarchical.ThrowableCollector.execute(ThrowableCollector.java:73)
	at org.junit.platform.engine.support.hierarchical.NodeTestTask.lambda$executeRecursively$7(NodeTestTask.java:125)
	at org.junit.platform.engine.support.hierarchical.Node.around(Node.java:135)
	at org.junit.platform.engine.support.hierarchical.NodeTestTask.lambda$executeRecursively$8(NodeTestTask.java:123)
	at org.junit.platform.engine.support.hierarchical.ThrowableCollector.execute(ThrowableCollector.java:73)
	at org.junit.platform.engine.support.hierarchical.NodeTestTask.executeRecursively(NodeTestTask.java:122)
	at org.junit.platform.engine.support.hierarchical.NodeTestTask.execute(NodeTestTask.java:80)
	at org.junit.platform.engine.support.hierarchical.SameThreadHierarchicalTestExecutorService.submit(SameThreadHierarchicalTestExecutorService.java:32)
	at org.junit.platform.engine.support.hierarchical.HierarchicalTestExecutor.execute(HierarchicalTestExecutor.java:57)
	at org.junit.platform.engine.support.hierarchical.HierarchicalTestEngine.execute(HierarchicalTestEngine.java:51)
	at org.junit.platform.launcher.core.DefaultLauncher.execute(DefaultLauncher.java:229)
	at org.junit.platform.launcher.core.DefaultLauncher.lambda$execute$6(DefaultLauncher.java:197)
	at org.junit.platform.launcher.core.DefaultLauncher.withInterceptedStreams(DefaultLauncher.java:211)
	at org.junit.platform.launcher.core.DefaultLauncher.execute(DefaultLauncher.java:191)
	at org.junit.platform.launcher.core.DefaultLauncher.execute(DefaultLauncher.java:128)
	at org.apache.maven.surefire.junitplatform.LazyLauncher.execute(LazyLauncher.java:55)
	at org.apache.maven.surefire.junitplatform.JUnitPlatformProvider.execute(JUnitPlatformProvider.java:223)
	at org.apache.maven.surefire.junitplatform.JUnitPlatformProvider.invokeAllTests(JUnitPlatformProvider.java:175)
	at org.apache.maven.surefire.junitplatform.JUnitPlatformProvider.invoke(JUnitPlatformProvider.java:139)
	at org.apache.maven.surefire.booter.ForkedBooter.runSuitesInProcess(ForkedBooter.java:456)
	at org.apache.maven.surefire.booter.ForkedBooter.execute(ForkedBooter.java:169)
	at org.apache.maven.surefire.booter.ForkedBooter.run(ForkedBooter.java:595)
	at org.apache.maven.surefire.booter.ForkedBooter.main(ForkedBooter.java:581)
]]></error>
    <system-out><![CDATA[[BlockingCompletion{response=Response{activationId='d4127819a5674639927819a5673639cf', annotations=[{key=causedBy, value=sequence}, {key=path, value=guest/cmp}, {key=waitTime, value=4743}, {key=kind, value=nodejs:10}, {key=timeout, value=false}, {key=limits, value={concurrency=20, logs=10, memory=256, timeout=60000}}], cause='8367f385a2914ca6a7f385a2917ca667', duration=356, end=1613583577490, logs=[], name='cmp', namespace='guest', publish=false, result=Result{result={action=/_/fn1, method=action, params={$scheduler={duration=7, limits={concurrency=20, memory=256, timeout=60000, userMemory=2048}, overload=false, priority=0, target=invoker0}}, state={$composer={resuming=true, session=d4127819a5674639927819a5673639cf, stack=[], state=2}}}, size=307, statusCode=0}, start=1613583577134, subject='guest', version='0.0.2'}} Completion{, instance=ComponentInstance{instance=0, instanceType=INVOKER, uniqueName='owdev-invoker-0', userMemory='2147483648 B'}, systemError=false, transId=TransId{transactions=[Transaction{id='y2K8acDSKLBfcmCEUN9pGZX3mDjhHffB', timestamp=1613583572391}, Transaction{id='YOp1svzhn2y7hTIxe9DirK7DcvTaspHO', timestamp=1613583572370}]}}, BlockingCompletion{response=Response{activationId='af477ab8973c475d877ab8973c375d7b', annotations=[{key=causedBy, value=sequence}, {key=path, value=guest/cmp}, {key=waitTime, value=3381}, {key=kind, value=nodejs:10}, {key=timeout, value=false}, {key=limits, value={concurrency=20, logs=10, memory=256, timeout=60000}}], cause='79f5617c95e64e58b5617c95e6be58ea', duration=200, end=1613583577664, logs=[], name='cmp', namespace='guest', publish=false, result=Result{result={action=/_/fn1, method=action, params={$scheduler={duration=21, limits={concurrency=20, memory=256, timeout=60000, userMemory=2048}, overload=false, priority=0, target=invoker0}}, state={$composer={resuming=true, session=af477ab8973c475d877ab8973c375d7b, stack=[], state=2}}}, size=308, statusCode=0}, start=1613583577464, subject='guest', version='0.0.2'}} Completion{, instance=ComponentInstance{instance=0, instanceType=INVOKER, uniqueName='owdev-invoker-0', userMemory='2147483648 B'}, systemError=false, transId=TransId{transactions=[Transaction{id='8tIxqu0xnuxHm7GPk9f4niw0Jtinvz0C', timestamp=1613583574083}, Transaction{id='GxIPBwaBqKHEGbRstuEbcNRzGooJtjPp', timestamp=1613583573795}]}}, BlockingCompletion{response=Response{activationId='ba20f121ebb14997a0f121ebb13997a9', annotations=[{key=causedBy, value=sequence}, {key=path, value=guest/cmp}, {key=waitTime, value=5722}, {key=kind, value=nodejs:10}, {key=timeout, value=false}, {key=limits, value={concurrency=20, logs=10, memory=256, timeout=60000}}], cause='08a4b88203c241e6a4b88203c211e6e8', duration=656, end=1613583578279, logs=[], name='cmp', namespace='guest', publish=false, result=Result{result={action=/_/fn1, method=action, params={$scheduler={duration=36, limits={concurrency=20, memory=256, timeout=60000, userMemory=2048}, overload=false, priority=0, target=invoker0}}, state={$composer={resuming=true, session=ba20f121ebb14997a0f121ebb13997a9, stack=[], state=2}}}, size=308, statusCode=0}, start=1613583577623, subject='guest', version='0.0.2'}} Completion{, instance=ComponentInstance{instance=0, instanceType=INVOKER, uniqueName='owdev-invoker-0', userMemory='2147483648 B'}, systemError=false, transId=TransId{transactions=[Transaction{id='KA5LhROvg53JEWXWnq7rwdVL6o2bii0G', timestamp=1613583571901}, Transaction{id='EzsLprQDsHICPvE9VARJzIKM3JfrfwFB', timestamp=1613583571512}]}}, BlockingCompletion{response=Response{activationId='fb70fb0704064336b0fb0704065336a1', annotations=[{key=causedBy, value=sequence}, {key=path, value=guest/cmp}, {key=waitTime, value=4966}, {key=kind, value=nodejs:10}, {key=timeout, value=false}, {key=limits, value={concurrency=20, logs=10, memory=256, timeout=60000}}], cause='47346bedba7a4b2fb46bedba7adb2ff4', duration=703, end=1613583578186, logs=[], name='cmp', namespace='guest', publish=false, result=Result{result={action=/_/fn1, method=action, params={$scheduler={duration=28, limits={concurrency=20, memory=256, timeout=60000, userMemory=2048}, overload=false, priority=0, target=invoker0}}, state={$composer={resuming=true, session=fb70fb0704064336b0fb0704065336a1, stack=[], state=2}}}, size=308, statusCode=0}, start=1613583577483, subject='guest', version='0.0.2'}} Completion{, instance=ComponentInstance{instance=0, instanceType=INVOKER, uniqueName='owdev-invoker-0', userMemory='2147483648 B'}, systemError=false, transId=TransId{transactions=[Transaction{id='6f4IkFjugYZAXmPCACzYPb0xF2ANCmSu', timestamp=1613583572517}, Transaction{id='A1NKPupyIfJzPqMZ8Di8rkikZ6vaw9Zb', timestamp=1613583572498}]}}, BlockingCompletion{response=Response{activationId='b27a9844f14c480cba9844f14c580c5f', annotations=[{key=causedBy, value=sequence}, {key=path, value=guest/cmp}, {key=waitTime, value=4978}, {key=kind, value=nodejs:10}, {key=timeout, value=false}, {key=limits, value={concurrency=20, logs=10, memory=256, timeout=60000}}], cause='fb7249da87554f32b249da8755ef3245', duration=22, end=1613583577249, logs=[], name='cmp', namespace='guest', publish=false, result=Result{result={action=/_/fn1, method=action, params={$scheduler={duration=34, limits={concurrency=20, memory=256, timeout=60000, userMemory=2048}, overload=false, priority=0, target=invoker0}}, state={$composer={resuming=true, session=b27a9844f14c480cba9844f14c580c5f, stack=[], state=2}}}, size=308, statusCode=0}, start=1613583577227, subject='guest', version='0.0.2'}} Completion{, instance=ComponentInstance{instance=0, instanceType=INVOKER, uniqueName='owdev-invoker-0', userMemory='2147483648 B'}, systemError=false, transId=TransId{transactions=[Transaction{id='BgIxwmh2mC0r9E8Aqt0qshjLrRtEaFNj', timestamp=1613583572249}, Transaction{id='51NWcvUc6K9YgGoJiqxVjkVwkJKW3EDb', timestamp=1613583572225}]}}, BlockingCompletion{response=Response{activationId='f5da2b9b4a4642a29a2b9b4a46c2a2eb', annotations=[{key=causedBy, value=sequence}, {key=path, value=guest/cmp}, {key=waitTime, value=5030}, {key=kind, value=nodejs:10}, {key=timeout, value=false}, {key=limits, value={concurrency=20, logs=10, memory=256, timeout=60000}}], cause='7e734fcb426744e6b34fcb4267b4e6d4', duration=42, end=1613583577202, logs=[], name='cmp', namespace='guest', publish=false, result=Result{result={action=/_/fn1, method=action, params={$scheduler={duration=28, limits={concurrency=20, memory=256, timeout=60000, userMemory=2048}, overload=false, priority=0, target=invoker0}}, state={$composer={resuming=true, session=f5da2b9b4a4642a29a2b9b4a46c2a2eb, stack=[], state=2}}}, size=308, statusCode=0}, start=1613583577160, subject='guest', version='0.0.2'}} Completion{, instance=ComponentInstance{instance=0, instanceType=INVOKER, uniqueName='owdev-invoker-0', userMemory='2147483648 B'}, systemError=false, transId=TransId{transactions=[Transaction{id='SVO95FgyuuFczMEoFOqWpN3i5WW2FCVI', timestamp=1613583572130}, Transaction{id='ybM90W5PtFcbHHURyqnKEZHv3MZ8fd9T', timestamp=1613583572070}]}}, BlockingCompletion{response=Response{activationId='7f588d8a95e64653988d8a95e6265315', annotations=[{key=causedBy, value=sequence}, {key=path, value=guest/cmp}, {key=waitTime, value=4133}, {key=kind, value=nodejs:10}, {key=timeout, value=false}, {key=limits, value={concurrency=20, logs=10, memory=256, timeout=60000}}], cause='22250838e6c640ada50838e6c600adec', duration=341, end=1613583577660, logs=[], name='cmp', namespace='guest', publish=false, result=Result{result={action=/_/fn1, method=action, params={$scheduler={duration=3, limits={concurrency=20, memory=256, timeout=60000, userMemory=2048}, overload=false, priority=0, target=invoker0}}, state={$composer={resuming=true, session=7f588d8a95e64653988d8a95e6265315, stack=[], state=2}}}, size=307, statusCode=0}, start=1613583577319, subject='guest', version='0.0.2'}} Completion{, instance=ComponentInstance{instance=0, instanceType=INVOKER, uniqueName='owdev-invoker-0', userMemory='2147483648 B'}, systemError=false, transId=TransId{transactions=[Transaction{id='sY4jlpySXbRTJ7p5rglD0CfRYNuzChyD', timestamp=1613583573186}, Transaction{id='dTnn4wOxX8rHNeJkZ9fCBLiwzFJcOiHf', timestamp=1613583573122}]}}, BlockingCompletion{response=Response{activationId='99a8e3dbf3aa4283a8e3dbf3aa9283d4', annotations=[{key=causedBy, value=sequence}, {key=path, value=guest/cmp}, {key=waitTime, value=4629}, {key=kind, value=nodejs:10}, {key=timeout, value=false}, {key=limits, value={concurrency=20, logs=10, memory=256, timeout=60000}}], cause='d1db9bba89cd47799b9bba89cdb7794f', duration=943, end=1613583578254, logs=[], name='cmp', namespace='guest', publish=false, result=Result{result={action=/_/fn1, method=action, params={$scheduler={duration=32, limits={concurrency=20, memory=256, timeout=60000, userMemory=2048}, overload=false, priority=0, target=invoker0}}, state={$composer={resuming=true, session=99a8e3dbf3aa4283a8e3dbf3aa9283d4, stack=[], state=2}}}, size=308, statusCode=0}, start=1613583577311, subject='guest', version='0.0.2'}} Completion{, instance=ComponentInstance{instance=0, instanceType=INVOKER, uniqueName='owdev-invoker-0', userMemory='2147483648 B'}, systemError=false, transId=TransId{transactions=[Transaction{id='PNhDpQVIivAyv4wmLamhTXwhypGLVH7f', timestamp=1613583572682}, Transaction{id='ixibfwZiFK3Xk3Hb6c5ZF7zHuLTdiJsG', timestamp=1613583572643}]}}, BlockingCompletion{response=Response{activationId='88a3058d3afc45a1a3058d3afc55a15f', annotations=[{key=causedBy, value=sequence}, {key=path, value=guest/cmp}, {key=waitTime, value=4850}, {key=kind, value=nodejs:10}, {key=timeout, value=false}, {key=limits, value={concurrency=20, logs=10, memory=256, timeout=60000}}], cause='365e514c30af43079e514c30af5307ac', duration=707, end=1613583578520, logs=[], name='cmp', namespace='guest', publish=false, result=Result{result={action=/_/fn1, method=action, params={$scheduler={duration=4, limits={concurrency=20, memory=256, timeout=60000, userMemory=2048}, overload=false, priority=0, target=invoker0}}, state={$composer={resuming=true, session=88a3058d3afc45a1a3058d3afc55a15f, stack=[], state=2}}}, size=307, statusCode=0}, start=1613583577813, subject='guest', version='0.0.2'}} Completion{, instance=ComponentInstance{instance=0, instanceType=INVOKER, uniqueName='owdev-invoker-0', userMemory='2147483648 B'}, systemError=false, transId=TransId{transactions=[Transaction{id='qBmRNKJo7qvJGTfuTjgaDT9O5cMNdKOX', timestamp=1613583572963}, Transaction{id='pVUlrKXBqFjvf5mv9pF50MofC6WXpmbW', timestamp=1613583572859}]}}, BlockingCompletion{response=Response{activationId='3fdef540137243df9ef540137293df9b', annotations=[{key=causedBy, value=sequence}, {key=path, value=guest/cmp}, {key=waitTime, value=2814}, {key=kind, value=nodejs:10}, {key=timeout, value=false}, {key=limits, value={concurrency=20, logs=10, memory=256, timeout=60000}}, {key=initTime, value=780}], cause='04e26dbe29ba4c23a26dbe29ba7c2354', duration=893, end=1613583577137, logs=[], name='cmp', namespace='guest', publish=false, result=Result{result={action=/_/fn1, method=action, params={$scheduler={duration=12, limits={concurrency=20, memory=256, timeout=60000, userMemory=2048}, overload=false, priority=0, target=invoker0}}, state={$composer={resuming=true, session=3fdef540137243df9ef540137293df9b, stack=[], state=2}}}, size=308, statusCode=0}, start=1613583576244, subject='guest', version='0.0.2'}} Completion{, instance=ComponentInstance{instance=0, instanceType=INVOKER, uniqueName='owdev-invoker-0', userMemory='2147483648 B'}, systemError=false, transId=TransId{transactions=[Transaction{id='Fou1FqrdyINHJs5bkxpy9T3j7p8bmeIX', timestamp=1613583573380}, Transaction{id='5AlhTQDJh1MMlOD508hCMHmAwy8e36vk', timestamp=1613583573333}]}}, BlockingCompletion{response=Response{activationId='5d52f52ff0f2490f92f52ff0f2490f48', annotations=[{key=causedBy, value=sequence}, {key=path, value=guest/fn1}, {key=waitTime, value=8240}, {key=kind, value=python:3}, {key=timeout, value=false}, {key=limits, value={concurrency=20, logs=10, memory=256, timeout=60000}}], cause='08a4b88203c241e6a4b88203c211e6e8', duration=5155, end=1613583592176, logs=[], name='fn1', namespace='guest', publish=false, result=Result{result={extras={cmd=Sleep executed for 5 s., fn_name=/guest/fn1}, message=Hello guest!, sleep_time=5}, size=108, statusCode=0}, start=1613583587021, subject='guest', version='0.0.1'}} Completion{, instance=ComponentInstance{instance=0, instanceType=INVOKER, uniqueName='owdev-invoker-0', userMemory='2147483648 B'}, systemError=false, transId=TransId{transactions=[Transaction{id='GrwA14cyLd6h0JVhDy6LnWbjSZfdR9R9', timestamp=1613583578781}, Transaction{id='KA5LhROvg53JEWXWnq7rwdVL6o2bii0G', timestamp=1613583571901}, Transaction{id='EzsLprQDsHICPvE9VARJzIKM3JfrfwFB', timestamp=1613583571512}]}}, BlockingCompletion{response=Response{activationId='3088a8121e304d7188a8121e306d7124', annotations=[{key=causedBy, value=sequence}, {key=path, value=guest/cmp}, {key=waitTime, value=299}, {key=kind, value=nodejs:10}, {key=timeout, value=false}, {key=limits, value={concurrency=20, logs=10, memory=256, timeout=60000}}], cause='08a4b88203c241e6a4b88203c211e6e8', duration=37, end=1613583592595, logs=[], name='cmp', namespace='guest', publish=false, result=Result{result={action=/_/fn2, method=action, params={$scheduler={duration=8, limits={concurrency=20, memory=256, timeout=60000, userMemory=2048}, overload=false, priority=0, target=invoker0}, extras={cmd=Sleep executed for 5 s., fn_name=/guest/fn1}, message=Hello guest!, sleep_time=5}, state={$composer={resuming=true, session=ba20f121ebb14997a0f121ebb13997a9, stack=[], state=3}}}, size=413, statusCode=0}, start=1613583592558, subject='guest', version='0.0.2'}} Completion{, instance=ComponentInstance{instance=0, instanceType=INVOKER, uniqueName='owdev-invoker-0', userMemory='2147483648 B'}, systemError=false, transId=TransId{transactions=[Transaction{id='y2F8cDxeguUWM5hAu7Dx0ZrWa3uswxFt', timestamp=1613583592259}, Transaction{id='GrwA14cyLd6h0JVhDy6LnWbjSZfdR9R9', timestamp=1613583578781}, Transaction{id='KA5LhROvg53JEWXWnq7rwdVL6o2bii0G', timestamp=1613583571901}, Transaction{id='EzsLprQDsHICPvE9VARJzIKM3JfrfwFB', timestamp=1613583571512}]}}, BlockingCompletion{response=Response{activationId='46cc800fba8542ed8c800fba8592ed5e', annotations=[{key=causedBy, value=sequence}, {key=path, value=guest/fn1}, {key=waitTime, value=7882}, {key=kind, value=python:3}, {key=timeout, value=false}, {key=limits, value={concurrency=20, logs=10, memory=256, timeout=60000}}], cause='22250838e6c640ada50838e6c600adec', duration=10155, end=1613583597163, logs=[], name='fn1', namespace='guest', publish=false, result=Result{result={extras={cmd=Sleep executed for 5 s., fn_name=/guest/fn1}, message=Hello guest!, sleep_time=5}, size=108, statusCode=0}, start=1613583587008, subject='guest', version='0.0.1'}} Completion{, instance=ComponentInstance{instance=0, instanceType=INVOKER, uniqueName='owdev-invoker-0', userMemory='2147483648 B'}, systemError=false, transId=TransId{transactions=[Transaction{id='5KXX0Qt5VEEtB2JMfqMVBb9ENNREAxHj', timestamp=1613583579126}, Transaction{id='sY4jlpySXbRTJ7p5rglD0CfRYNuzChyD', timestamp=1613583573186}, Transaction{id='dTnn4wOxX8rHNeJkZ9fCBLiwzFJcOiHf', timestamp=1613583573122}]}}, BlockingCompletion{response=Response{activationId='ec07e02a05474c4f87e02a0547ac4fcd', annotations=[{key=causedBy, value=sequence}, {key=path, value=guest/cmp}, {key=waitTime, value=584}, {key=kind, value=nodejs:10}, {key=timeout, value=false}, {key=limits, value={concurrency=20, logs=10, memory=256, timeout=60000}}], cause='22250838e6c640ada50838e6c600adec', duration=41, end=1613583597852, logs=[], name='cmp', namespace='guest', publish=false, result=Result{result={action=/_/fn2, method=action, params={$scheduler={duration=32, limits={concurrency=20, memory=256, timeout=60000, userMemory=2048}, overload=false, priority=0, target=invoker0}, extras={cmd=Sleep executed for 5 s., fn_name=/guest/fn1}, message=Hello guest!, sleep_time=5}, state={$composer={resuming=true, session=7f588d8a95e64653988d8a95e6265315, stack=[], state=3}}}, size=414, statusCode=0}, start=1613583597811, subject='guest', version='0.0.2'}} Completion{, instance=ComponentInstance{instance=0, instanceType=INVOKER, uniqueName='owdev-invoker-0', userMemory='2147483648 B'}, systemError=false, transId=TransId{transactions=[Transaction{id='H1xFZ2FoIszrrEqLYAxK5uKKm1NqkaoX', timestamp=1613583597227}, Transaction{id='5KXX0Qt5VEEtB2JMfqMVBb9ENNREAxHj', timestamp=1613583579126}, Transaction{id='sY4jlpySXbRTJ7p5rglD0CfRYNuzChyD', timestamp=1613583573186}, Transaction{id='dTnn4wOxX8rHNeJkZ9fCBLiwzFJcOiHf', timestamp=1613583573122}]}}, BlockingCompletion{response=Response{activationId='8f37aba9adf74172b7aba9adf7a17237', annotations=[{key=causedBy, value=sequence}, {key=path, value=guest/fn1}, {key=waitTime, value=8158}, {key=kind, value=python:3}, {key=timeout, value=false}, {key=limits, value={concurrency=20, logs=10, memory=256, timeout=60000}}], cause='47346bedba7a4b2fb46bedba7adb2ff4', duration=15112, end=1613583602149, logs=[], name='fn1', namespace='guest', publish=false, result=Result{result={extras={cmd=Sleep executed for 5 s., fn_name=/guest/fn1}, message=Hello guest!, sleep_time=5}, size=108, statusCode=0}, start=1613583587037, subject='guest', version='0.0.1'}} Completion{, instance=ComponentInstance{instance=0, instanceType=INVOKER, uniqueName='owdev-invoker-0', userMemory='2147483648 B'}, systemError=false, transId=TransId{transactions=[Transaction{id='DYMJD37nwJNjxfgOUIYkMSdcADSm3iwe', timestamp=1613583578879}, Transaction{id='6f4IkFjugYZAXmPCACzYPb0xF2ANCmSu', timestamp=1613583572517}, Transaction{id='A1NKPupyIfJzPqMZ8Di8rkikZ6vaw9Zb', timestamp=1613583572498}]}}, BlockingCompletion{response=Response{activationId='f561464719744ab9a1464719745ab910', annotations=[{key=causedBy, value=sequence}, {key=path, value=guest/cmp}, {key=waitTime, value=811}, {key=kind, value=nodejs:10}, {key=timeout, value=false}, {key=limits, value={concurrency=20, logs=10, memory=256, timeout=60000}}], cause='47346bedba7a4b2fb46bedba7adb2ff4', duration=9, end=1613583603031, logs=[], name='cmp', namespace='guest', publish=false, result=Result{result={action=/_/fn2, method=action, params={$scheduler={duration=52, limits={concurrency=20, memory=256, timeout=60000, userMemory=2048}, overload=false, priority=0, target=invoker0}, extras={cmd=Sleep executed for 5 s., fn_name=/guest/fn1}, message=Hello guest!, sleep_time=5}, state={$composer={resuming=true, session=fb70fb0704064336b0fb0704065336a1, stack=[], state=3}}}, size=414, statusCode=0}, start=1613583603022, subject='guest', version='0.0.2'}} Completion{, instance=ComponentInstance{instance=0, instanceType=INVOKER, uniqueName='owdev-invoker-0', userMemory='2147483648 B'}, systemError=false, transId=TransId{transactions=[Transaction{id='XGfRDqTjZL2a8Kf6i8IHXLJHcDoZpTm1', timestamp=1613583602211}, Transaction{id='DYMJD37nwJNjxfgOUIYkMSdcADSm3iwe', timestamp=1613583578879}, Transaction{id='6f4IkFjugYZAXmPCACzYPb0xF2ANCmSu', timestamp=1613583572517}, Transaction{id='A1NKPupyIfJzPqMZ8Di8rkikZ6vaw9Zb', timestamp=1613583572498}]}}, BlockingCompletion{response=Response{activationId='13dd261eff1e49389d261eff1e593857', annotations=[{key=causedBy, value=sequence}, {key=path, value=guest/fn2}, {key=waitTime, value=5033}, {key=kind, value=python:3}, {key=timeout, value=false}, {key=limits, value={concurrency=20, logs=10, memory=256, timeout=60000}}, {key=initTime, value=62}], cause='08a4b88203c241e6a4b88203c211e6e8', duration=5081, end=1613583602821, logs=[], name='fn2', namespace='guest', publish=false, result=Result{result={extras={cmd=Sleep executed for 5 s., fn_name=/guest/fn2}, message=Hello guest!}, size=93, statusCode=0}, start=1613583597740, subject='guest', version='0.0.1'}} Completion{, instance=ComponentInstance{instance=0, instanceType=INVOKER, uniqueName='owdev-invoker-0', userMemory='2147483648 B'}, systemError=false, transId=TransId{transactions=[Transaction{id='PIG7UCIQ6HTsTnKcXOTGjsXLy26kL2VY', timestamp=1613583592697}, Transaction{id='y2F8cDxeguUWM5hAu7Dx0ZrWa3uswxFt', timestamp=1613583592259}, Transaction{id='GrwA14cyLd6h0JVhDy6LnWbjSZfdR9R9', timestamp=1613583578781}, Transaction{id='KA5LhROvg53JEWXWnq7rwdVL6o2bii0G', timestamp=1613583571901}, Transaction{id='EzsLprQDsHICPvE9VARJzIKM3JfrfwFB', timestamp=1613583571512}]}}, BlockingCompletion{response=Response{activationId='85da090c381842b89a090c381892b8d2', annotations=[{key=causedBy, value=sequence}, {key=path, value=guest/cmp}, {key=waitTime, value=463}, {key=kind, value=nodejs:10}, {key=timeout, value=false}, {key=limits, value={concurrency=20, logs=10, memory=256, timeout=60000}}], cause='08a4b88203c241e6a4b88203c211e6e8', duration=54, end=1613583603630, logs=[], name='cmp', namespace='guest', publish=false, result=Result{result={params={$scheduler={duration=15, limits={concurrency=20, memory=256, timeout=60000, userMemory=2048}, overload=false, priority=0, target=invoker0}, extras={cmd=Sleep executed for 5 s., fn_name=/guest/fn2}, message=Hello guest!}}, size=257, statusCode=0}, start=1613583603576, subject='guest', version='0.0.2'}} Completion{, instance=ComponentInstance{instance=0, instanceType=INVOKER, uniqueName='owdev-invoker-0', userMemory='2147483648 B'}, systemError=false, transId=TransId{transactions=[Transaction{id='ynblu5DbEEgL6Hz9gblIHTGMay0WlVum', timestamp=1613583603113}, Transaction{id='PIG7UCIQ6HTsTnKcXOTGjsXLy26kL2VY', timestamp=1613583592697}, Transaction{id='y2F8cDxeguUWM5hAu7Dx0ZrWa3uswxFt', timestamp=1613583592259}, Transaction{id='GrwA14cyLd6h0JVhDy6LnWbjSZfdR9R9', timestamp=1613583578781}, Transaction{id='KA5LhROvg53JEWXWnq7rwdVL6o2bii0G', timestamp=1613583571901}, Transaction{id='EzsLprQDsHICPvE9VARJzIKM3JfrfwFB', timestamp=1613583571512}]}}, BlockingCompletion{response=Response{activationId='8636e85a8bcd4af0b6e85a8bcd4af09b', annotations=[{key=causedBy, value=sequence}, {key=path, value=guest/fn1}, {key=waitTime, value=8058}, {key=kind, value=python:3}, {key=timeout, value=false}, {key=limits, value={concurrency=20, logs=10, memory=256, timeout=60000}}, {key=initTime, value=189}], cause='8367f385a2914ca6a7f385a2917ca667', duration=20327, end=1613583607155, logs=[], name='fn1', namespace='guest', publish=false, result=Result{result={extras={cmd=Sleep executed for 5 s., fn_name=/guest/fn1}, message=Hello guest!, sleep_time=5}, size=108, statusCode=0}, start=1613583586828, subject='guest', version='0.0.1'}} Completion{, instance=ComponentInstance{instance=0, instanceType=INVOKER, uniqueName='owdev-invoker-0', userMemory='2147483648 B'}, systemError=false, transId=TransId{transactions=[Transaction{id='0bN4NHFQuRmh0tazBjVXesJPqgzOUkqk', timestamp=1613583578741}, Transaction{id='y2K8acDSKLBfcmCEUN9pGZX3mDjhHffB', timestamp=1613583572391}, Transaction{id='YOp1svzhn2y7hTIxe9DirK7DcvTaspHO', timestamp=1613583572370}]}}, BlockingCompletion{response=Response{activationId='a806cb1ffa58484d86cb1ffa58384d9b', annotations=[{key=causedBy, value=sequence}, {key=path, value=guest/cmp}, {key=waitTime, value=261}, {key=kind, value=nodejs:10}, {key=timeout, value=false}, {key=limits, value={concurrency=20, logs=10, memory=256, timeout=60000}}], cause='8367f385a2914ca6a7f385a2917ca667', duration=48, end=1613583607536, logs=[], name='cmp', namespace='guest', publish=false, result=Result{result={action=/_/fn2, method=action, params={$scheduler={duration=7, limits={concurrency=20, memory=256, timeout=60000, userMemory=2048}, overload=false, priority=0, target=invoker0}, extras={cmd=Sleep executed for 5 s., fn_name=/guest/fn1}, message=Hello guest!, sleep_time=5}, state={$composer={resuming=true, session=d4127819a5674639927819a5673639cf, stack=[], state=3}}}, size=413, statusCode=0}, start=1613583607488, subject='guest', version='0.0.2'}} Completion{, instance=ComponentInstance{instance=0, instanceType=INVOKER, uniqueName='owdev-invoker-0', userMemory='2147483648 B'}, systemError=false, transId=TransId{transactions=[Transaction{id='FLrPkzdEHxI44g1ccZNGiAs0uHLE6uGI', timestamp=1613583607227}, Transaction{id='0bN4NHFQuRmh0tazBjVXesJPqgzOUkqk', timestamp=1613583578741}, Transaction{id='y2K8acDSKLBfcmCEUN9pGZX3mDjhHffB', timestamp=1613583572391}, Transaction{id='YOp1svzhn2y7hTIxe9DirK7DcvTaspHO', timestamp=1613583572370}]}}, BlockingCompletion{response=Response{activationId='0d4c8a29dfd6486a8c8a29dfd6486acf', annotations=[{key=causedBy, value=sequence}, {key=path, value=guest/fn2}, {key=waitTime, value=416}, {key=kind, value=python:3}, {key=timeout, value=false}, {key=limits, value={concurrency=20, logs=10, memory=256, timeout=60000}}], cause='22250838e6c640ada50838e6c600adec', duration=9462, end=1613583607813, logs=[], name='fn2', namespace='guest', publish=false, result=Result{result={extras={cmd=Sleep executed for 5 s., fn_name=/guest/fn2}, message=Hello guest!}, size=93, statusCode=0}, start=1613583598351, subject='guest', version='0.0.1'}} Completion{, instance=ComponentInstance{instance=0, instanceType=INVOKER, uniqueName='owdev-invoker-0', userMemory='2147483648 B'}, systemError=false, transId=TransId{transactions=[Transaction{id='C86RCqD6wzTK61CuiYnv9KxMWICuzvZ3', timestamp=1613583597935}, Transaction{id='H1xFZ2FoIszrrEqLYAxK5uKKm1NqkaoX', timestamp=1613583597227}, Transaction{id='5KXX0Qt5VEEtB2JMfqMVBb9ENNREAxHj', timestamp=1613583579126}, Transaction{id='sY4jlpySXbRTJ7p5rglD0CfRYNuzChyD', timestamp=1613583573186}, Transaction{id='dTnn4wOxX8rHNeJkZ9fCBLiwzFJcOiHf', timestamp=1613583573122}]}}, BlockingCompletion{response=Response{activationId='e32ca3edc3a24c37aca3edc3a2bc3784', annotations=[{key=causedBy, value=sequence}, {key=path, value=guest/cmp}, {key=waitTime, value=491}, {key=kind, value=nodejs:10}, {key=timeout, value=false}, {key=limits, value={concurrency=20, logs=10, memory=256, timeout=60000}}], cause='22250838e6c640ada50838e6c600adec', duration=61, end=1613583608585, logs=[], name='cmp', namespace='guest', publish=false, result=Result{result={params={$scheduler={duration=11, limits={concurrency=20, memory=256, timeout=60000, userMemory=2048}, overload=false, priority=0, target=invoker0}, extras={cmd=Sleep executed for 5 s., fn_name=/guest/fn2}, message=Hello guest!}}, size=257, statusCode=0}, start=1613583608524, subject='guest', version='0.0.2'}} Completion{, instance=ComponentInstance{instance=0, instanceType=INVOKER, uniqueName='owdev-invoker-0', userMemory='2147483648 B'}, systemError=false, transId=TransId{transactions=[Transaction{id='9DRSf34iAItkV8cvfwVvpXkv7A2z2Mtd', timestamp=1613583608033}, Transaction{id='C86RCqD6wzTK61CuiYnv9KxMWICuzvZ3', timestamp=1613583597935}, Transaction{id='H1xFZ2FoIszrrEqLYAxK5uKKm1NqkaoX', timestamp=1613583597227}, Transaction{id='5KXX0Qt5VEEtB2JMfqMVBb9ENNREAxHj', timestamp=1613583579126}, Transaction{id='sY4jlpySXbRTJ7p5rglD0CfRYNuzChyD', timestamp=1613583573186}, Transaction{id='dTnn4wOxX8rHNeJkZ9fCBLiwzFJcOiHf', timestamp=1613583573122}]}}, BlockingCompletion{response=Response{activationId='7a07511aa2394c4387511aa2398c430e', annotations=[{key=causedBy, value=sequence}, {key=path, value=guest/fn1}, {key=waitTime, value=8269}, {key=kind, value=python:3}, {key=timeout, value=false}, {key=limits, value={concurrency=20, logs=10, memory=256, timeout=60000}}], cause='79f5617c95e64e58b5617c95e6be58ea', duration=25104, end=1613583612163, logs=[], name='fn1', namespace='guest', publish=false, result=Result{result={extras={cmd=Sleep executed for 5 s., fn_name=/guest/fn1}, message=Hello guest!, sleep_time=5}, size=108, statusCode=0}, start=1613583587059, subject='guest', version='0.0.1'}} Completion{, instance=ComponentInstance{instance=0, instanceType=INVOKER, uniqueName='owdev-invoker-0', userMemory='2147483648 B'}, systemError=false, transId=TransId{transactions=[Transaction{id='z5kq1uZ1fBbqEuzQKHoVHjpZ2FweKUzh', timestamp=1613583578790}, Transaction{id='8tIxqu0xnuxHm7GPk9f4niw0Jtinvz0C', timestamp=1613583574083}, Transaction{id='GxIPBwaBqKHEGbRstuEbcNRzGooJtjPp', timestamp=1613583573795}]}}, BlockingCompletion{response=Response{activationId='9a73de0dc7644404b3de0dc764a404ae', annotations=[{key=causedBy, value=sequence}, {key=path, value=guest/cmp}, {key=waitTime, value=486}, {key=kind, value=nodejs:10}, {key=timeout, value=false}, {key=limits, value={concurrency=20, logs=10, memory=256, timeout=60000}}], cause='79f5617c95e64e58b5617c95e6be58ea', duration=11, end=1613583612727, logs=[], name='cmp', namespace='guest', publish=false, result=Result{result={action=/_/fn2, method=action, params={$scheduler={duration=10, limits={concurrency=20, memory=256, timeout=60000, userMemory=2048}, overload=false, priority=0, target=invoker0}, extras={cmd=Sleep executed for 5 s., fn_name=/guest/fn1}, message=Hello guest!, sleep_time=5}, state={$composer={resuming=true, session=af477ab8973c475d877ab8973c375d7b, stack=[], state=3}}}, size=414, statusCode=0}, start=1613583612716, subject='guest', version='0.0.2'}} Completion{, instance=ComponentInstance{instance=0, instanceType=INVOKER, uniqueName='owdev-invoker-0', userMemory='2147483648 B'}, systemError=false, transId=TransId{transactions=[Transaction{id='fhq0aH99SDvXsLwEm7vntbmBmpdJMcVB', timestamp=1613583612230}, Transaction{id='z5kq1uZ1fBbqEuzQKHoVHjpZ2FweKUzh', timestamp=1613583578790}, Transaction{id='8tIxqu0xnuxHm7GPk9f4niw0Jtinvz0C', timestamp=1613583574083}, Transaction{id='GxIPBwaBqKHEGbRstuEbcNRzGooJtjPp', timestamp=1613583573795}]}}, BlockingCompletion{response=Response{activationId='b406ada132e24a8786ada132e20a8727', annotations=[{key=causedBy, value=sequence}, {key=path, value=guest/fn2}, {key=waitTime, value=361}, {key=kind, value=python:3}, {key=timeout, value=false}, {key=limits, value={concurrency=20, logs=10, memory=256, timeout=60000}}], cause='47346bedba7a4b2fb46bedba7adb2ff4', duration=9386, end=1613583612825, logs=[], name='fn2', namespace='guest', publish=false, result=Result{result={extras={cmd=Sleep executed for 5 s., fn_name=/guest/fn2}, message=Hello guest!}, size=93, statusCode=0}, start=1613583603439, subject='guest', version='0.0.1'}} Completion{, instance=ComponentInstance{instance=0, instanceType=INVOKER, uniqueName='owdev-invoker-0', userMemory='2147483648 B'}, systemError=false, transId=TransId{transactions=[Transaction{id='LMY7D3YqQhXsLTpdOdMeiyptxOqZ2tRR', timestamp=1613583603078}, Transaction{id='XGfRDqTjZL2a8Kf6i8IHXLJHcDoZpTm1', timestamp=1613583602211}, Transaction{id='DYMJD37nwJNjxfgOUIYkMSdcADSm3iwe', timestamp=1613583578879}, Transaction{id='6f4IkFjugYZAXmPCACzYPb0xF2ANCmSu', timestamp=1613583572517}, Transaction{id='A1NKPupyIfJzPqMZ8Di8rkikZ6vaw9Zb', timestamp=1613583572498}]}}, BlockingCompletion{response=Response{activationId='7c9fd128e8bc4c789fd128e8bcac7805', annotations=[{key=causedBy, value=sequence}, {key=path, value=guest/cmp}, {key=waitTime, value=338}, {key=kind, value=nodejs:10}, {key=timeout, value=false}, {key=limits, value={concurrency=20, logs=10, memory=256, timeout=60000}}], cause='47346bedba7a4b2fb46bedba7adb2ff4', duration=14, end=1613583613310, logs=[], name='cmp', namespace='guest', publish=false, result=Result{result={params={$scheduler={duration=9, limits={concurrency=20, memory=256, timeout=60000, userMemory=2048}, overload=false, priority=0, target=invoker0}, extras={cmd=Sleep executed for 5 s., fn_name=/guest/fn2}, message=Hello guest!}}, size=256, statusCode=0}, start=1613583613296, subject='guest', version='0.0.2'}} Completion{, instance=ComponentInstance{instance=0, instanceType=INVOKER, uniqueName='owdev-invoker-0', userMemory='2147483648 B'}, systemError=false, transId=TransId{transactions=[Transaction{id='WZ13ulkWZx4LLp0PDgcaU46c2hF0YLzH', timestamp=1613583612958}, Transaction{id='LMY7D3YqQhXsLTpdOdMeiyptxOqZ2tRR', timestamp=1613583603078}, Transaction{id='XGfRDqTjZL2a8Kf6i8IHXLJHcDoZpTm1', timestamp=1613583602211}, Transaction{id='DYMJD37nwJNjxfgOUIYkMSdcADSm3iwe', timestamp=1613583578879}, Transaction{id='6f4IkFjugYZAXmPCACzYPb0xF2ANCmSu', timestamp=1613583572517}, Transaction{id='A1NKPupyIfJzPqMZ8Di8rkikZ6vaw9Zb', timestamp=1613583572498}]}}, BlockingCompletion{response=Response{activationId='32466ba3b97c4356866ba3b97c935620', annotations=[{key=causedBy, value=sequence}, {key=path, value=guest/fn1}, {key=waitTime, value=8185}, {key=kind, value=python:3}, {key=timeout, value=false}, {key=limits, value={concurrency=20, logs=10, memory=256, timeout=60000}}], cause='7e734fcb426744e6b34fcb4267b4e6d4', duration=30092, end=1613583617171, logs=[], name='fn1', namespace='guest', publish=false, result=Result{result={extras={cmd=Sleep executed for 5 s., fn_name=/guest/fn1}, message=Hello guest!, sleep_time=5}, size=108, statusCode=0}, start=1613583587079, subject='guest', version='0.0.1'}} Completion{, instance=ComponentInstance{instance=0, instanceType=INVOKER, uniqueName='owdev-invoker-0', userMemory='2147483648 B'}, systemError=false, transId=TransId{transactions=[Transaction{id='kgT9aAQ2UtUyUFNr7uJb7WvjYNmBCp1E', timestamp=1613583578894}, Transaction{id='SVO95FgyuuFczMEoFOqWpN3i5WW2FCVI', timestamp=1613583572130}, Transaction{id='ybM90W5PtFcbHHURyqnKEZHv3MZ8fd9T', timestamp=1613583572070}]}}, BlockingCompletion{response=Response{activationId='2278cefbc45f478db8cefbc45fa78d2c', annotations=[{key=causedBy, value=sequence}, {key=path, value=guest/cmp}, {key=waitTime, value=492}, {key=kind, value=nodejs:10}, {key=timeout, value=false}, {key=limits, value={concurrency=20, logs=10, memory=256, timeout=60000}}], cause='7e734fcb426744e6b34fcb4267b4e6d4', duration=18, end=1613583617811, logs=[], name='cmp', namespace='guest', publish=false, result=Result{result={action=/_/fn2, method=action, params={$scheduler={duration=3, limits={concurrency=20, memory=256, timeout=60000, userMemory=2048}, overload=false, priority=0, target=invoker0}, extras={cmd=Sleep executed for 5 s., fn_name=/guest/fn1}, message=Hello guest!, sleep_time=5}, state={$composer={resuming=true, session=f5da2b9b4a4642a29a2b9b4a46c2a2eb, stack=[], state=3}}}, size=413, statusCode=0}, start=1613583617793, subject='guest', version='0.0.2'}} Completion{, instance=ComponentInstance{instance=0, instanceType=INVOKER, uniqueName='owdev-invoker-0', userMemory='2147483648 B'}, systemError=false, transId=TransId{transactions=[Transaction{id='XdVrRVaZK2I6hhXKjxZDTCRTykXxGr61', timestamp=1613583617301}, Transaction{id='kgT9aAQ2UtUyUFNr7uJb7WvjYNmBCp1E', timestamp=1613583578894}, Transaction{id='SVO95FgyuuFczMEoFOqWpN3i5WW2FCVI', timestamp=1613583572130}, Transaction{id='ybM90W5PtFcbHHURyqnKEZHv3MZ8fd9T', timestamp=1613583572070}]}}, BlockingCompletion{response=Response{activationId='6b5bc19d3a5d48909bc19d3a5df890a3', annotations=[{key=causedBy, value=sequence}, {key=path, value=guest/fn2}, {key=waitTime, value=540}, {key=kind, value=python:3}, {key=timeout, value=false}, {key=limits, value={concurrency=20, logs=10, memory=256, timeout=60000}}], cause='8367f385a2914ca6a7f385a2917ca667', duration=9622, end=1613583617827, logs=[], name='fn2', namespace='guest', publish=false, result=Result{result={extras={cmd=Sleep executed for 5 s., fn_name=/guest/fn2}, message=Hello guest!}, size=93, statusCode=0}, start=1613583608205, subject='guest', version='0.0.1'}} Completion{, instance=ComponentInstance{instance=0, instanceType=INVOKER, uniqueName='owdev-invoker-0', userMemory='2147483648 B'}, systemError=false, transId=TransId{transactions=[Transaction{id='HuuThVucBZKpdnd6a1aqW0IhHo03d5Sl', timestamp=1613583607665}, Transaction{id='FLrPkzdEHxI44g1ccZNGiAs0uHLE6uGI', timestamp=1613583607227}, Transaction{id='0bN4NHFQuRmh0tazBjVXesJPqgzOUkqk', timestamp=1613583578741}, Transaction{id='y2K8acDSKLBfcmCEUN9pGZX3mDjhHffB', timestamp=1613583572391}, Transaction{id='YOp1svzhn2y7hTIxe9DirK7DcvTaspHO', timestamp=1613583572370}]}}, BlockingCompletion{response=Response{activationId='51a2bfed33544022a2bfed3354d02220', annotations=[{key=causedBy, value=sequence}, {key=path, value=guest/cmp}, {key=waitTime, value=403}, {key=kind, value=nodejs:10}, {key=timeout, value=false}, {key=limits, value={concurrency=20, logs=10, memory=256, timeout=60000}}], cause='8367f385a2914ca6a7f385a2917ca667', duration=12, end=1613583618540, logs=[], name='cmp', namespace='guest', publish=false, result=Result{result={params={$scheduler={duration=8, limits={concurrency=20, memory=256, timeout=60000, userMemory=2048}, overload=false, priority=0, target=invoker0}, extras={cmd=Sleep executed for 5 s., fn_name=/guest/fn2}, message=Hello guest!}}, size=256, statusCode=0}, start=1613583618528, subject='guest', version='0.0.2'}} Completion{, instance=ComponentInstance{instance=0, instanceType=INVOKER, uniqueName='owdev-invoker-0', userMemory='2147483648 B'}, systemError=false, transId=TransId{transactions=[Transaction{id='srbLOamAO4Cmnq6QbH2mdyPul0oqaZDb', timestamp=1613583618125}, Transaction{id='HuuThVucBZKpdnd6a1aqW0IhHo03d5Sl', timestamp=1613583607665}, Transaction{id='FLrPkzdEHxI44g1ccZNGiAs0uHLE6uGI', timestamp=1613583607227}, Transaction{id='0bN4NHFQuRmh0tazBjVXesJPqgzOUkqk', timestamp=1613583578741}, Transaction{id='y2K8acDSKLBfcmCEUN9pGZX3mDjhHffB', timestamp=1613583572391}, Transaction{id='YOp1svzhn2y7hTIxe9DirK7DcvTaspHO', timestamp=1613583572370}]}}, BlockingCompletion{response=Response{activationId='f684ae7566434f5184ae756643ff5130', annotations=[{key=causedBy, value=sequence}, {key=path, value=guest/fn1}, {key=waitTime, value=7720}, {key=kind, value=python:3}, {key=timeout, value=false}, {key=limits, value={concurrency=20, logs=10, memory=256, timeout=60000}}], cause='04e26dbe29ba4c23a26dbe29ba7c2354', duration=35032, end=1613583622184, logs=[], name='fn1', namespace='guest', publish=false, result=Result{result={extras={cmd=Sleep executed for 5 s., fn_name=/guest/fn1}, message=Hello guest!, sleep_time=5}, size=108, statusCode=0}, start=1613583587152, subject='guest', version='0.0.1'}} Completion{, instance=ComponentInstance{instance=0, instanceType=INVOKER, uniqueName='owdev-invoker-0', userMemory='2147483648 B'}, systemError=false, transId=TransId{transactions=[Transaction{id='fWvfgpbkIrmX6unIONiHHN84BHScVmXt', timestamp=1613583579432}, Transaction{id='Fou1FqrdyINHJs5bkxpy9T3j7p8bmeIX', timestamp=1613583573380}, Transaction{id='5AlhTQDJh1MMlOD508hCMHmAwy8e36vk', timestamp=1613583573333}]}}, BlockingCompletion{response=Response{activationId='f0983dd089c44e38983dd089c47e38b5', annotations=[{key=causedBy, value=sequence}, {key=path, value=guest/fn2}, {key=waitTime, value=434}, {key=kind, value=python:3}, {key=timeout, value=false}, {key=limits, value={concurrency=20, logs=10, memory=256, timeout=60000}}], cause='79f5617c95e64e58b5617c95e6be58ea', duration=9598, end=1613583622838, logs=[], name='fn2', namespace='guest', publish=false, result=Result{result={extras={cmd=Sleep executed for 5 s., fn_name=/guest/fn2}, message=Hello guest!}, size=93, statusCode=0}, start=1613583613240, subject='guest', version='0.0.1'}} Completion{, instance=ComponentInstance{instance=0, instanceType=INVOKER, uniqueName='owdev-invoker-0', userMemory='2147483648 B'}, systemError=false, transId=TransId{transactions=[Transaction{id='wwPX8fEJC0RaE87f9FUgKnkZC1McObEh', timestamp=1613583612806}, Transaction{id='fhq0aH99SDvXsLwEm7vntbmBmpdJMcVB', timestamp=1613583612230}, Transaction{id='z5kq1uZ1fBbqEuzQKHoVHjpZ2FweKUzh', timestamp=1613583578790}, Transaction{id='8tIxqu0xnuxHm7GPk9f4niw0Jtinvz0C', timestamp=1613583574083}, Transaction{id='GxIPBwaBqKHEGbRstuEbcNRzGooJtjPp', timestamp=1613583573795}]}}, BlockingCompletion{response=Response{activationId='10fb25ac41024456bb25ac410224561e', annotations=[{key=causedBy, value=sequence}, {key=path, value=guest/cmp}, {key=waitTime, value=719}, {key=kind, value=nodejs:10}, {key=timeout, value=false}, {key=limits, value={concurrency=20, logs=10, memory=256, timeout=60000}}], cause='04e26dbe29ba4c23a26dbe29ba7c2354', duration=40, end=1613583623053, logs=[], name='cmp', namespace='guest', publish=false, result=Result{result={action=/_/fn2, method=action, params={$scheduler={duration=9, limits={concurrency=20, memory=256, timeout=60000, userMemory=2048}, overload=false, priority=0, target=invoker0}, extras={cmd=Sleep executed for 5 s., fn_name=/guest/fn1}, message=Hello guest!, sleep_time=5}, state={$composer={resuming=true, session=3fdef540137243df9ef540137293df9b, stack=[], state=3}}}, size=413, statusCode=0}, start=1613583623013, subject='guest', version='0.0.2'}} Completion{, instance=ComponentInstance{instance=0, instanceType=INVOKER, uniqueName='owdev-invoker-0', userMemory='2147483648 B'}, systemError=false, transId=TransId{transactions=[Transaction{id='uaDtqQpm7AEB0PLXAwurCUWXfSFHAMZN', timestamp=1613583622294}, Transaction{id='fWvfgpbkIrmX6unIONiHHN84BHScVmXt', timestamp=1613583579432}, Transaction{id='Fou1FqrdyINHJs5bkxpy9T3j7p8bmeIX', timestamp=1613583573380}, Transaction{id='5AlhTQDJh1MMlOD508hCMHmAwy8e36vk', timestamp=1613583573333}]}}, BlockingCompletion{response=Response{activationId='d0396542bf424fa5b96542bf421fa54e', annotations=[{key=causedBy, value=sequence}, {key=path, value=guest/cmp}, {key=waitTime, value=390}, {key=kind, value=nodejs:10}, {key=timeout, value=false}, {key=limits, value={concurrency=20, logs=10, memory=256, timeout=60000}}], cause='79f5617c95e64e58b5617c95e6be58ea', duration=29, end=1613583623440, logs=[], name='cmp', namespace='guest', publish=false, result=Result{result={params={$scheduler={duration=44, limits={concurrency=20, memory=256, timeout=60000, userMemory=2048}, overload=false, priority=0, target=invoker0}, extras={cmd=Sleep executed for 5 s., fn_name=/guest/fn2}, message=Hello guest!}}, size=257, statusCode=0}, start=1613583623411, subject='guest', version='0.0.2'}} Completion{, instance=ComponentInstance{instance=0, instanceType=INVOKER, uniqueName='owdev-invoker-0', userMemory='2147483648 B'}, systemError=false, transId=TransId{transactions=[Transaction{id='ofVQD6VasAXvAoMWKgY14dJVSlmSUD8Q', timestamp=1613583623021}, Transaction{id='wwPX8fEJC0RaE87f9FUgKnkZC1McObEh', timestamp=1613583612806}, Transaction{id='fhq0aH99SDvXsLwEm7vntbmBmpdJMcVB', timestamp=1613583612230}, Transaction{id='z5kq1uZ1fBbqEuzQKHoVHjpZ2FweKUzh', timestamp=1613583578790}, Transaction{id='8tIxqu0xnuxHm7GPk9f4niw0Jtinvz0C', timestamp=1613583574083}, Transaction{id='GxIPBwaBqKHEGbRstuEbcNRzGooJtjPp', timestamp=1613583573795}]}}, BlockingCompletion{response=Response{activationId='7c6824911d0147aaa824911d0117aa54', annotations=[{key=causedBy, value=sequence}, {key=path, value=guest/fn1}, {key=waitTime, value=8170}, {key=kind, value=python:3}, {key=timeout, value=false}, {key=limits, value={concurrency=20, logs=10, memory=256, timeout=60000}}], cause='fb7249da87554f32b249da8755ef3245', duration=40095, end=1613583627193, logs=[], name='fn1', namespace='guest', publish=false, result=Result{result={extras={cmd=Sleep executed for 5 s., fn_name=/guest/fn1}, message=Hello guest!, sleep_time=5}, size=108, statusCode=0}, start=1613583587098, subject='guest', version='0.0.1'}} Completion{, instance=ComponentInstance{instance=0, instanceType=INVOKER, uniqueName='owdev-invoker-0', userMemory='2147483648 B'}, systemError=false, transId=TransId{transactions=[Transaction{id='o4LypkwEvJDdfLoo7HuctRHRQD5tjBai', timestamp=1613583578928}, Transaction{id='BgIxwmh2mC0r9E8Aqt0qshjLrRtEaFNj', timestamp=1613583572249}, Transaction{id='51NWcvUc6K9YgGoJiqxVjkVwkJKW3EDb', timestamp=1613583572225}]}}, BlockingCompletion{response=Response{activationId='7ce659155aed48dea659155aedb8de91', annotations=[{key=causedBy, value=sequence}, {key=path, value=guest/cmp}, {key=waitTime, value=275}, {key=kind, value=nodejs:10}, {key=timeout, value=false}, {key=limits, value={concurrency=20, logs=10, memory=256, timeout=60000}}], cause='fb7249da87554f32b249da8755ef3245', duration=47, end=1613583627555, logs=[], name='cmp', namespace='guest', publish=false, result=Result{result={action=/_/fn2, method=action, params={$scheduler={duration=6, limits={concurrency=20, memory=256, timeout=60000, userMemory=2048}, overload=false, priority=0, target=invoker0}, extras={cmd=Sleep executed for 5 s., fn_name=/guest/fn1}, message=Hello guest!, sleep_time=5}, state={$composer={resuming=true, session=b27a9844f14c480cba9844f14c580c5f, stack=[], state=3}}}, size=413, statusCode=0}, start=1613583627508, subject='guest', version='0.0.2'}} Completion{, instance=ComponentInstance{instance=0, instanceType=INVOKER, uniqueName='owdev-invoker-0', userMemory='2147483648 B'}, systemError=false, transId=TransId{transactions=[Transaction{id='cTfm8EirUwH0uIjxmOjP35Feon5ElQXm', timestamp=1613583627233}, Transaction{id='o4LypkwEvJDdfLoo7HuctRHRQD5tjBai', timestamp=1613583578928}, Transaction{id='BgIxwmh2mC0r9E8Aqt0qshjLrRtEaFNj', timestamp=1613583572249}, Transaction{id='51NWcvUc6K9YgGoJiqxVjkVwkJKW3EDb', timestamp=1613583572225}]}}, BlockingCompletion{response=Response{activationId='968d8e2e9ad146a28d8e2e9ad1d6a29a', annotations=[{key=causedBy, value=sequence}, {key=path, value=guest/fn2}, {key=waitTime, value=540}, {key=kind, value=python:3}, {key=timeout, value=false}, {key=limits, value={concurrency=20, logs=10, memory=256, timeout=60000}}], cause='7e734fcb426744e6b34fcb4267b4e6d4', duration=9413, end=1613583627871, logs=[], name='fn2', namespace='guest', publish=false, result=Result{result={extras={cmd=Sleep executed for 5 s., fn_name=/guest/fn2}, message=Hello guest!}, size=93, statusCode=0}, start=1613583618458, subject='guest', version='0.0.1'}} Completion{, instance=ComponentInstance{instance=0, instanceType=INVOKER, uniqueName='owdev-invoker-0', userMemory='2147483648 B'}, systemError=false, transId=TransId{transactions=[Transaction{id='NQ2HHh6S63e1Myu8SpQtsfC07OXmO9te', timestamp=1613583617918}, Transaction{id='XdVrRVaZK2I6hhXKjxZDTCRTykXxGr61', timestamp=1613583617301}, Transaction{id='kgT9aAQ2UtUyUFNr7uJb7WvjYNmBCp1E', timestamp=1613583578894}, Transaction{id='SVO95FgyuuFczMEoFOqWpN3i5WW2FCVI', timestamp=1613583572130}, Transaction{id='ybM90W5PtFcbHHURyqnKEZHv3MZ8fd9T', timestamp=1613583572070}]}}, BlockingCompletion{response=Response{activationId='048d92073e844dd88d92073e844dd851', annotations=[{key=causedBy, value=sequence}, {key=path, value=guest/cmp}, {key=waitTime, value=387}, {key=kind, value=nodejs:10}, {key=timeout, value=false}, {key=limits, value={concurrency=20, logs=10, memory=256, timeout=60000}}], cause='7e734fcb426744e6b34fcb4267b4e6d4', duration=14, end=1613583628513, logs=[], name='cmp', namespace='guest', publish=false, result=Result{result={params={$scheduler={duration=7, limits={concurrency=20, memory=256, timeout=60000, userMemory=2048}, overload=false, priority=0, target=invoker0}, extras={cmd=Sleep executed for 5 s., fn_name=/guest/fn2}, message=Hello guest!}}, size=256, statusCode=0}, start=1613583628499, subject='guest', version='0.0.2'}} Completion{, instance=ComponentInstance{instance=0, instanceType=INVOKER, uniqueName='owdev-invoker-0', userMemory='2147483648 B'}, systemError=false, transId=TransId{transactions=[Transaction{id='g0oCJzF6LgjR4VG1IYnCmoO7Na2tbPAm', timestamp=1613583628112}, Transaction{id='NQ2HHh6S63e1Myu8SpQtsfC07OXmO9te', timestamp=1613583617918}, Transaction{id='XdVrRVaZK2I6hhXKjxZDTCRTykXxGr61', timestamp=1613583617301}, Transaction{id='kgT9aAQ2UtUyUFNr7uJb7WvjYNmBCp1E', timestamp=1613583578894}, Transaction{id='SVO95FgyuuFczMEoFOqWpN3i5WW2FCVI', timestamp=1613583572130}, Transaction{id='ybM90W5PtFcbHHURyqnKEZHv3MZ8fd9T', timestamp=1613583572070}]}}, BlockingCompletion{response=Response{activationId='1de332247a5e4646a332247a5ed64656', annotations=[{key=causedBy, value=sequence}, {key=path, value=guest/fn1}, {key=waitTime, value=7837}, {key=kind, value=python:3}, {key=timeout, value=false}, {key=limits, value={concurrency=20, logs=10, memory=256, timeout=60000}}], cause='365e514c30af43079e514c30af5307ac', duration=45021, end=1613583632182, logs=[], name='fn1', namespace='guest', publish=false, result=Result{result={extras={cmd=Sleep executed for 5 s., fn_name=/guest/fn1}, message=Hello guest!, sleep_time=5}, size=108, statusCode=0}, start=1613583587161, subject='guest', version='0.0.1'}} Completion{, instance=ComponentInstance{instance=0, instanceType=INVOKER, uniqueName='owdev-invoker-0', userMemory='2147483648 B'}, systemError=false, transId=TransId{transactions=[Transaction{id='u17KBGzO16aN8WdVrKU9O3xQy7eR7tjw', timestamp=1613583579324}, Transaction{id='qBmRNKJo7qvJGTfuTjgaDT9O5cMNdKOX', timestamp=1613583572963}, Transaction{id='pVUlrKXBqFjvf5mv9pF50MofC6WXpmbW', timestamp=1613583572859}]}}, BlockingCompletion{response=Response{activationId='a096d2329ed7480196d2329ed71801ca', annotations=[{key=causedBy, value=sequence}, {key=path, value=guest/cmp}, {key=waitTime, value=416}, {key=kind, value=nodejs:10}, {key=timeout, value=false}, {key=limits, value={concurrency=20, logs=10, memory=256, timeout=60000}}], cause='365e514c30af43079e514c30af5307ac', duration=31, end=1613583632714, logs=[], name='cmp', namespace='guest', publish=false, result=Result{result={action=/_/fn2, method=action, params={$scheduler={duration=18, limits={concurrency=20, memory=256, timeout=60000, userMemory=2048}, overload=false, priority=0, target=invoker0}, extras={cmd=Sleep executed for 5 s., fn_name=/guest/fn1}, message=Hello guest!, sleep_time=5}, state={$composer={resuming=true, session=88a3058d3afc45a1a3058d3afc55a15f, stack=[], state=3}}}, size=414, statusCode=0}, start=1613583632683, subject='guest', version='0.0.2'}} Completion{, instance=ComponentInstance{instance=0, instanceType=INVOKER, uniqueName='owdev-invoker-0', userMemory='2147483648 B'}, systemError=false, transId=TransId{transactions=[Transaction{id='BSLkDlxtH9Fo0cH3iG7mdcwn1tFnM5DM', timestamp=1613583632267}, Transaction{id='u17KBGzO16aN8WdVrKU9O3xQy7eR7tjw', timestamp=1613583579324}, Transaction{id='qBmRNKJo7qvJGTfuTjgaDT9O5cMNdKOX', timestamp=1613583572963}, Transaction{id='pVUlrKXBqFjvf5mv9pF50MofC6WXpmbW', timestamp=1613583572859}]}}, BlockingCompletion{response=Response{activationId='31a883b0ff854fcaa883b0ff85efcafa', annotations=[{key=causedBy, value=sequence}, {key=path, value=guest/fn2}, {key=waitTime, value=348}, {key=kind, value=python:3}, {key=timeout, value=false}, {key=limits, value={concurrency=20, logs=10, memory=256, timeout=60000}}], cause='04e26dbe29ba4c23a26dbe29ba7c2354', duration=9371, end=1613583632830, logs=[], name='fn2', namespace='guest', publish=false, result=Result{result={extras={cmd=Sleep executed for 5 s., fn_name=/guest/fn2}, message=Hello guest!}, size=93, statusCode=0}, start=1613583623459, subject='guest', version='0.0.1'}} Completion{, instance=ComponentInstance{instance=0, instanceType=INVOKER, uniqueName='owdev-invoker-0', userMemory='2147483648 B'}, systemError=false, transId=TransId{transactions=[Transaction{id='qkRLHPqJeBlUsFdtc8I3neoPGvWFA3jf', timestamp=1613583623111}, Transaction{id='uaDtqQpm7AEB0PLXAwurCUWXfSFHAMZN', timestamp=1613583622294}, Transaction{id='fWvfgpbkIrmX6unIONiHHN84BHScVmXt', timestamp=1613583579432}, Transaction{id='Fou1FqrdyINHJs5bkxpy9T3j7p8bmeIX', timestamp=1613583573380}, Transaction{id='5AlhTQDJh1MMlOD508hCMHmAwy8e36vk', timestamp=1613583573333}]}}, BlockingCompletion{response=Response{activationId='a82836c9aac84650a836c9aac87650ac', annotations=[{key=causedBy, value=sequence}, {key=path, value=guest/cmp}, {key=waitTime, value=589}, {key=kind, value=nodejs:10}, {key=timeout, value=false}, {key=limits, value={concurrency=20, logs=10, memory=256, timeout=60000}}], cause='04e26dbe29ba4c23a26dbe29ba7c2354', duration=13, end=1613583633631, logs=[], name='cmp', namespace='guest', publish=false, result=Result{result={params={$scheduler={duration=5, limits={concurrency=20, memory=256, timeout=60000, userMemory=2048}, overload=false, priority=0, target=invoker0}, extras={cmd=Sleep executed for 5 s., fn_name=/guest/fn2}, message=Hello guest!}}, size=256, statusCode=0}, start=1613583633618, subject='guest', version='0.0.2'}} Completion{, instance=ComponentInstance{instance=0, instanceType=INVOKER, uniqueName='owdev-invoker-0', userMemory='2147483648 B'}, systemError=false, transId=TransId{transactions=[Transaction{id='XYOF4xpdGGqtizyXclk6ltlwkW386f4Q', timestamp=1613583633029}, Transaction{id='qkRLHPqJeBlUsFdtc8I3neoPGvWFA3jf', timestamp=1613583623111}, Transaction{id='uaDtqQpm7AEB0PLXAwurCUWXfSFHAMZN', timestamp=1613583622294}, Transaction{id='fWvfgpbkIrmX6unIONiHHN84BHScVmXt', timestamp=1613583579432}, Transaction{id='Fou1FqrdyINHJs5bkxpy9T3j7p8bmeIX', timestamp=1613583573380}, Transaction{id='5AlhTQDJh1MMlOD508hCMHmAwy8e36vk', timestamp=1613583573333}]}}, BlockingCompletion{response=Response{activationId='6489180311274bab89180311278babdc', annotations=[{key=causedBy, value=sequence}, {key=path, value=guest/fn1}, {key=waitTime, value=7920}, {key=kind, value=python:3}, {key=timeout, value=false}, {key=limits, value={concurrency=20, logs=10, memory=256, timeout=60000}}], cause='d1db9bba89cd47799b9bba89cdb7794f', duration=50003, end=1613583637190, logs=[], name='fn1', namespace='guest', publish=false, result=Result{result={extras={cmd=Sleep executed for 5 s., fn_name=/guest/fn1}, message=Hello guest!, sleep_time=5}, size=108, statusCode=0}, start=1613583587187, subject='guest', version='0.0.1'}} Completion{, instance=ComponentInstance{instance=0, instanceType=INVOKER, uniqueName='owdev-invoker-0', userMemory='2147483648 B'}, systemError=false, transId=TransId{transactions=[Transaction{id='kdabnCd6hBejFx2ByDX5fLnqPLs4w14P', timestamp=1613583579267}, Transaction{id='PNhDpQVIivAyv4wmLamhTXwhypGLVH7f', timestamp=1613583572682}, Transaction{id='ixibfwZiFK3Xk3Hb6c5ZF7zHuLTdiJsG', timestamp=1613583572643}]}}, BlockingCompletion{response=Response{activationId='4dcf5833b17640158f5833b176b01516', annotations=[{key=causedBy, value=sequence}, {key=path, value=guest/cmp}, {key=waitTime, value=395}, {key=kind, value=nodejs:10}, {key=timeout, value=false}, {key=limits, value={concurrency=20, logs=10, memory=256, timeout=60000}}], cause='d1db9bba89cd47799b9bba89cdb7794f', duration=64, end=1613583637705, logs=[], name='cmp', namespace='guest', publish=false, result=Result{result={action=/_/fn2, method=action, params={$scheduler={duration=3, limits={concurrency=20, memory=256, timeout=60000, userMemory=2048}, overload=false, priority=0, target=invoker0}, extras={cmd=Sleep executed for 5 s., fn_name=/guest/fn1}, message=Hello guest!, sleep_time=5}, state={$composer={resuming=true, session=99a8e3dbf3aa4283a8e3dbf3aa9283d4, stack=[], state=3}}}, size=413, statusCode=0}, start=1613583637641, subject='guest', version='0.0.2'}} Completion{, instance=ComponentInstance{instance=0, instanceType=INVOKER, uniqueName='owdev-invoker-0', userMemory='2147483648 B'}, systemError=false, transId=TransId{transactions=[Transaction{id='MBKSs9vTTZiir8mS3FcnPSafDZtZG99n', timestamp=1613583637246}, Transaction{id='kdabnCd6hBejFx2ByDX5fLnqPLs4w14P', timestamp=1613583579267}, Transaction{id='PNhDpQVIivAyv4wmLamhTXwhypGLVH7f', timestamp=1613583572682}, Transaction{id='ixibfwZiFK3Xk3Hb6c5ZF7zHuLTdiJsG', timestamp=1613583572643}]}}, BlockingCompletion{response=Response{activationId='e57d88aac58449f2bd88aac584d9f2a6', annotations=[{key=causedBy, value=sequence}, {key=path, value=guest/fn2}, {key=waitTime, value=397}, {key=kind, value=python:3}, {key=timeout, value=false}, {key=limits, value={concurrency=20, logs=10, memory=256, timeout=60000}}], cause='fb7249da87554f32b249da8755ef3245', duration=9823, end=1613583637838, logs=[], name='fn2', namespace='guest', publish=false, result=Result{result={extras={cmd=Sleep executed for 5 s., fn_name=/guest/fn2}, message=Hello guest!}, size=93, statusCode=0}, start=1613583628015, subject='guest', version='0.0.1'}} Completion{, instance=ComponentInstance{instance=0, instanceType=INVOKER, uniqueName='owdev-invoker-0', userMemory='2147483648 B'}, systemError=false, transId=TransId{transactions=[Transaction{id='VAKmgUqjrkmARtsaB6Qptf2BBeOUY4gH', timestamp=1613583627618}, Transaction{id='cTfm8EirUwH0uIjxmOjP35Feon5ElQXm', timestamp=1613583627233}, Transaction{id='o4LypkwEvJDdfLoo7HuctRHRQD5tjBai', timestamp=1613583578928}, Transaction{id='BgIxwmh2mC0r9E8Aqt0qshjLrRtEaFNj', timestamp=1613583572249}, Transaction{id='51NWcvUc6K9YgGoJiqxVjkVwkJKW3EDb', timestamp=1613583572225}]}}, BlockingCompletion{response=Response{activationId='aa9af69917964b2e9af69917961b2e06', annotations=[{key=causedBy, value=sequence}, {key=path, value=guest/cmp}, {key=waitTime, value=625}, {key=kind, value=nodejs:10}, {key=timeout, value=false}, {key=limits, value={concurrency=20, logs=10, memory=256, timeout=60000}}], cause='fb7249da87554f32b249da8755ef3245', duration=9, end=1613583638624, logs=[], name='cmp', namespace='guest', publish=false, result=Result{result={params={$scheduler={duration=7, limits={concurrency=20, memory=256, timeout=60000, userMemory=2048}, overload=false, priority=0, target=invoker0}, extras={cmd=Sleep executed for 5 s., fn_name=/guest/fn2}, message=Hello guest!}}, size=256, statusCode=0}, start=1613583638615, subject='guest', version='0.0.2'}} Completion{, instance=ComponentInstance{instance=0, instanceType=INVOKER, uniqueName='owdev-invoker-0', userMemory='2147483648 B'}, systemError=false, transId=TransId{transactions=[Transaction{id='pReaY0TUiqSLusvFekTZQcr1DIWLJBEb', timestamp=1613583637990}, Transaction{id='VAKmgUqjrkmARtsaB6Qptf2BBeOUY4gH', timestamp=1613583627618}, Transaction{id='cTfm8EirUwH0uIjxmOjP35Feon5ElQXm', timestamp=1613583627233}, Transaction{id='o4LypkwEvJDdfLoo7HuctRHRQD5tjBai', timestamp=1613583578928}, Transaction{id='BgIxwmh2mC0r9E8Aqt0qshjLrRtEaFNj', timestamp=1613583572249}, Transaction{id='51NWcvUc6K9YgGoJiqxVjkVwkJKW3EDb', timestamp=1613583572225}]}}, BlockingCompletion{response=Response{activationId='fdf6a4dac160451bb6a4dac160d51bdd', annotations=[{key=causedBy, value=sequence}, {key=path, value=guest/fn2}, {key=waitTime, value=321}, {key=kind, value=python:3}, {key=timeout, value=false}, {key=limits, value={concurrency=20, logs=10, memory=256, timeout=60000}}], cause='365e514c30af43079e514c30af5307ac', duration=9708, end=1613583642847, logs=[], name='fn2', namespace='guest', publish=false, result=Result{result={extras={cmd=Sleep executed for 5 s., fn_name=/guest/fn2}, message=Hello guest!}, size=93, statusCode=0}, start=1613583633139, subject='guest', version='0.0.1'}} Completion{, instance=ComponentInstance{instance=0, instanceType=INVOKER, uniqueName='owdev-invoker-0', userMemory='2147483648 B'}, systemError=false, transId=TransId{transactions=[Transaction{id='EgxLjPBRQIT6Pn84LCe3OKF6At7Al9Ok', timestamp=1613583632818}, Transaction{id='BSLkDlxtH9Fo0cH3iG7mdcwn1tFnM5DM', timestamp=1613583632267}, Transaction{id='u17KBGzO16aN8WdVrKU9O3xQy7eR7tjw', timestamp=1613583579324}, Transaction{id='qBmRNKJo7qvJGTfuTjgaDT9O5cMNdKOX', timestamp=1613583572963}, Transaction{id='pVUlrKXBqFjvf5mv9pF50MofC6WXpmbW', timestamp=1613583572859}]}}, BlockingCompletion{response=Response{activationId='b6d93da7049b4af1993da7049bdaf1fc', annotations=[{key=causedBy, value=sequence}, {key=path, value=guest/cmp}, {key=waitTime, value=265}, {key=kind, value=nodejs:10}, {key=timeout, value=false}, {key=limits, value={concurrency=20, logs=10, memory=256, timeout=60000}}], cause='365e514c30af43079e514c30af5307ac', duration=19, end=1613583643268, logs=[], name='cmp', namespace='guest', publish=false, result=Result{result={params={$scheduler={duration=2, limits={concurrency=20, memory=256, timeout=60000, userMemory=2048}, overload=false, priority=0, target=invoker0}, extras={cmd=Sleep executed for 5 s., fn_name=/guest/fn2}, message=Hello guest!}}, size=256, statusCode=0}, start=1613583643249, subject='guest', version='0.0.2'}} Completion{, instance=ComponentInstance{instance=0, instanceType=INVOKER, uniqueName='owdev-invoker-0', userMemory='2147483648 B'}, systemError=false, transId=TransId{transactions=[Transaction{id='61glPAFTY4kIJWCbOBAX1aNjdjn2oHUa', timestamp=1613583642984}, Transaction{id='EgxLjPBRQIT6Pn84LCe3OKF6At7Al9Ok', timestamp=1613583632818}, Transaction{id='BSLkDlxtH9Fo0cH3iG7mdcwn1tFnM5DM', timestamp=1613583632267}, Transaction{id='u17KBGzO16aN8WdVrKU9O3xQy7eR7tjw', timestamp=1613583579324}, Transaction{id='qBmRNKJo7qvJGTfuTjgaDT9O5cMNdKOX', timestamp=1613583572963}, Transaction{id='pVUlrKXBqFjvf5mv9pF50MofC6WXpmbW', timestamp=1613583572859}]}}, BlockingCompletion{response=Response{activationId='31df09d2aee542289f09d2aee58228b3', annotations=[{key=causedBy, value=sequence}, {key=path, value=guest/fn2}, {key=waitTime, value=324}, {key=kind, value=python:3}, {key=timeout, value=false}, {key=limits, value={concurrency=20, logs=10, memory=256, timeout=60000}}], cause='d1db9bba89cd47799b9bba89cdb7794f', duration=9710, end=1613583647855, logs=[], name='fn2', namespace='guest', publish=false, result=Result{result={extras={cmd=Sleep executed for 5 s., fn_name=/guest/fn2}, message=Hello guest!}, size=93, statusCode=0}, start=1613583638145, subject='guest', version='0.0.1'}} Completion{, instance=ComponentInstance{instance=0, instanceType=INVOKER, uniqueName='owdev-invoker-0', userMemory='2147483648 B'}, systemError=false, transId=TransId{transactions=[Transaction{id='RXOgM0lZag714JPEUacVuPTHJhwpN962', timestamp=1613583637821}, Transaction{id='MBKSs9vTTZiir8mS3FcnPSafDZtZG99n', timestamp=1613583637246}, Transaction{id='kdabnCd6hBejFx2ByDX5fLnqPLs4w14P', timestamp=1613583579267}, Transaction{id='PNhDpQVIivAyv4wmLamhTXwhypGLVH7f', timestamp=1613583572682}, Transaction{id='ixibfwZiFK3Xk3Hb6c5ZF7zHuLTdiJsG', timestamp=1613583572643}]}}, BlockingCompletion{response=Response{activationId='fe2d04cfc5994011ad04cfc599f0114f', annotations=[{key=causedBy, value=sequence}, {key=path, value=guest/cmp}, {key=waitTime, value=379}, {key=kind, value=nodejs:10}, {key=timeout, value=false}, {key=limits, value={concurrency=20, logs=10, memory=256, timeout=60000}}], cause='d1db9bba89cd47799b9bba89cdb7794f', duration=32, end=1613583648334, logs=[], name='cmp', namespace='guest', publish=false, result=Result{result={params={$scheduler={duration=3, limits={concurrency=20, memory=256, timeout=60000, userMemory=2048}, overload=false, priority=0, target=invoker0}, extras={cmd=Sleep executed for 5 s., fn_name=/guest/fn2}, message=Hello guest!}}, size=256, statusCode=0}, start=1613583648302, subject='guest', version='0.0.2'}} Completion{, instance=ComponentInstance{instance=0, instanceType=INVOKER, uniqueName='owdev-invoker-0', userMemory='2147483648 B'}, systemError=false, transId=TransId{transactions=[Transaction{id='iQ4KqiU1G7ZMFFJwLlBlgV9AKjxn1UGT', timestamp=1613583647923}, Transaction{id='RXOgM0lZag714JPEUacVuPTHJhwpN962', timestamp=1613583637821}, Transaction{id='MBKSs9vTTZiir8mS3FcnPSafDZtZG99n', timestamp=1613583637246}, Transaction{id='kdabnCd6hBejFx2ByDX5fLnqPLs4w14P', timestamp=1613583579267}, Transaction{id='PNhDpQVIivAyv4wmLamhTXwhypGLVH7f', timestamp=1613583572682}, Transaction{id='ixibfwZiFK3Xk3Hb6c5ZF7zHuLTdiJsG', timestamp=1613583572643}]}}]
]]></system-out>
    <system-err><![CDATA[com.fasterxml.jackson.databind.exc.UnrecognizedPropertyException: Unrecognized field "activationId" (class it.uniroma2.faas.openwhisk.scheduler.scheduler.domain.model.BlockingCompletion), not marked as ignorable (6 known properties: "response", "transid", "instance", "systemError", "isSystemError", "transId"])
 at [Source: (String)"{"activationId": "bfb4a7b9fabe4ab2b4a7b9fabe8ab20b", "instance": {"instance": 0, "instanceType": "invoker", "uniqueName": "owdev-invoker-0", "userMemory": "2147483648 B"}, "isSystemError": false, "transid": ["sid_invokerHealth", 1613583436892]}"; line: 1, column: 245] (through reference chain: it.uniroma2.faas.openwhisk.scheduler.scheduler.domain.model.BlockingCompletion["activationId"])
	at com.fasterxml.jackson.databind.exc.UnrecognizedPropertyException.from(UnrecognizedPropertyException.java:61)
	at com.fasterxml.jackson.databind.DeserializationContext.handleUnknownProperty(DeserializationContext.java:987)
	at com.fasterxml.jackson.databind.deser.std.StdDeserializer.handleUnknownProperty(StdDeserializer.java:1974)
	at com.fasterxml.jackson.databind.deser.BeanDeserializerBase.handleUnknownProperty(BeanDeserializerBase.java:1686)
	at com.fasterxml.jackson.databind.deser.BeanDeserializerBase.handleUnknownProperties(BeanDeserializerBase.java:1635)
	at com.fasterxml.jackson.databind.deser.BeanDeserializer._deserializeUsingPropertyBased(BeanDeserializer.java:541)
	at com.fasterxml.jackson.databind.deser.BeanDeserializerBase.deserializeFromObjectUsingNonDefault(BeanDeserializerBase.java:1390)
	at com.fasterxml.jackson.databind.deser.BeanDeserializer.deserializeFromObject(BeanDeserializer.java:362)
	at com.fasterxml.jackson.databind.deser.BeanDeserializer.deserialize(BeanDeserializer.java:195)
	at com.fasterxml.jackson.databind.deser.DefaultDeserializationContext.readRootValue(DefaultDeserializationContext.java:322)
	at com.fasterxml.jackson.databind.ObjectMapper._readMapAndClose(ObjectMapper.java:4593)
	at com.fasterxml.jackson.databind.ObjectMapper.readValue(ObjectMapper.java:3548)
	at com.fasterxml.jackson.databind.ObjectMapper.readValue(ObjectMapper.java:3516)
	at it.uniroma2.faas.openwhisk.scheduler.scheduler.domain.model.CompletionTest.lambda$isSchedulerDurationAlwaysLowerEqualThanWaitTime$2(CompletionTest.java:53)
	at java.base/java.util.stream.ReferencePipeline$3$1.accept(ReferencePipeline.java:197)
	at java.base/java.nio.file.FileChannelLinesSpliterator.forEachRemaining(FileChannelLinesSpliterator.java:133)
	at java.base/java.util.stream.AbstractPipeline.copyInto(AbstractPipeline.java:509)
	at java.base/java.util.stream.AbstractPipeline.wrapAndCopyInto(AbstractPipeline.java:499)
	at java.base/java.util.stream.ReduceOps$ReduceOp.evaluateSequential(ReduceOps.java:921)
	at java.base/java.util.stream.AbstractPipeline.evaluate(AbstractPipeline.java:234)
	at java.base/java.util.stream.ReferencePipeline.collect(ReferencePipeline.java:682)
	at it.uniroma2.faas.openwhisk.scheduler.scheduler.domain.model.CompletionTest.isSchedulerDurationAlwaysLowerEqualThanWaitTime(CompletionTest.java:60)
	at java.base/jdk.internal.reflect.DirectMethodHandleAccessor.invoke(DirectMethodHandleAccessor.java:104)
	at java.base/java.lang.reflect.Method.invoke(Method.java:578)
	at org.junit.platform.commons.util.ReflectionUtils.invokeMethod(ReflectionUtils.java:628)
	at org.junit.jupiter.engine.execution.ExecutableInvoker.invoke(ExecutableInvoker.java:117)
	at org.junit.jupiter.engine.descriptor.TestMethodTestDescriptor.lambda$invokeTestMethod$7(TestMethodTestDescriptor.java:184)
	at org.junit.platform.engine.support.hierarchical.ThrowableCollector.execute(ThrowableCollector.java:73)
	at org.junit.jupiter.engine.descriptor.TestMethodTestDescriptor.invokeTestMethod(TestMethodTestDescriptor.java:180)
	at org.junit.jupiter.engine.descriptor.TestMethodTestDescriptor.execute(TestMethodTestDescriptor.java:127)
	at org.junit.jupiter.engine.descriptor.TestMethodTestDescriptor.execute(TestMethodTestDescriptor.java:68)
	at org.junit.platform.engine.support.hierarchical.NodeTestTask.lambda$executeRecursively$5(NodeTestTask.java:135)
	at org.junit.platform.engine.support.hierarchical.ThrowableCollector.execute(ThrowableCollector.java:73)
	at org.junit.platform.engine.support.hierarchical.NodeTestTask.lambda$executeRecursively$7(NodeTestTask.java:125)
	at org.junit.platform.engine.support.hierarchical.Node.around(Node.java:135)
	at org.junit.platform.engine.support.hierarchical.NodeTestTask.lambda$executeRecursively$8(NodeTestTask.java:123)
	at org.junit.platform.engine.support.hierarchical.ThrowableCollector.execute(ThrowableCollector.java:73)
	at org.junit.platform.engine.support.hierarchical.NodeTestTask.executeRecursively(NodeTestTask.java:122)
	at org.junit.platform.engine.support.hierarchical.NodeTestTask.execute(NodeTestTask.java:80)
	at java.base/java.util.ArrayList.forEach(ArrayList.java:1511)
	at org.junit.platform.engine.support.hierarchical.SameThreadHierarchicalTestExecutorService.invokeAll(SameThreadHierarchicalTestExecutorService.java:38)
	at org.junit.platform.engine.support.hierarchical.NodeTestTask.lambda$executeRecursively$5(NodeTestTask.java:139)
	at org.junit.platform.engine.support.hierarchical.ThrowableCollector.execute(ThrowableCollector.java:73)
	at org.junit.platform.engine.support.hierarchical.NodeTestTask.lambda$executeRecursively$7(NodeTestTask.java:125)
	at org.junit.platform.engine.support.hierarchical.Node.around(Node.java:135)
	at org.junit.platform.engine.support.hierarchical.NodeTestTask.lambda$executeRecursively$8(NodeTestTask.java:123)
	at org.junit.platform.engine.support.hierarchical.ThrowableCollector.execute(ThrowableCollector.java:73)
	at org.junit.platform.engine.support.hierarchical.NodeTestTask.executeRecursively(NodeTestTask.java:122)
	at org.junit.platform.engine.support.hierarchical.NodeTestTask.execute(NodeTestTask.java:80)
	at java.base/java.util.ArrayList.forEach(ArrayList.java:1511)
	at org.junit.platform.engine.support.hierarchical.SameThreadHierarchicalTestExecutorService.invokeAll(SameThreadHierarchicalTestExecutorService.java:38)
	at org.junit.platform.engine.support.hierarchical.NodeTestTask.lambda$executeRecursively$5(NodeTestTask.java:139)
	at org.junit.platform.engine.support.hierarchical.ThrowableCollector.execute(ThrowableCollector.java:73)
	at org.junit.platform.engine.support.hierarchical.NodeTestTask.lambda$executeRecursively$7(NodeTestTask.java:125)
	at org.junit.platform.engine.support.hierarchical.Node.around(Node.java:135)
	at org.junit.platform.engine.support.hierarchical.NodeTestTask.lambda$executeRecursively$8(NodeTestTask.java:123)
	at org.junit.platform.engine.support.hierarchical.ThrowableCollector.execute(ThrowableCollector.java:73)
	at org.junit.platform.engine.support.hierarchical.NodeTestTask.executeRecursively(NodeTestTask.java:122)
	at org.junit.platform.engine.support.hierarchical.NodeTestTask.execute(NodeTestTask.java:80)
	at org.junit.platform.engine.support.hierarchical.SameThreadHierarchicalTestExecutorService.submit(SameThreadHierarchicalTestExecutorService.java:32)
	at org.junit.platform.engine.support.hierarchical.HierarchicalTestExecutor.execute(HierarchicalTestExecutor.java:57)
	at org.junit.platform.engine.support.hierarchical.HierarchicalTestEngine.execute(HierarchicalTestEngine.java:51)
	at org.junit.platform.launcher.core.DefaultLauncher.execute(DefaultLauncher.java:229)
	at org.junit.platform.launcher.core.DefaultLauncher.lambda$execute$6(DefaultLauncher.java:197)
	at org.junit.platform.launcher.core.DefaultLauncher.withInterceptedStreams(DefaultLauncher.java:211)
	at org.junit.platform.launcher.core.DefaultLauncher.execute(DefaultLauncher.java:191)
	at org.junit.platform.launcher.core.DefaultLauncher.execute(DefaultLauncher.java:128)
	at org.apache.maven.surefire.junitplatform.LazyLauncher.execute(LazyLauncher.java:55)
	at org.apache.maven.surefire.junitplatform.JUnitPlatformProvider.execute(JUnitPlatformProvider.java:223)
	at org.apache.maven.surefire.junitplatform.JUnitPlatformProvider.invokeAllTests(JUnitPlatformProvider.java:175)
	at org.apache.maven.surefire.junitplatform.JUnitPlatformProvider.invoke(JUnitPlatformProvider.java:139)
	at org.apache.maven.surefire.booter.ForkedBooter.runSuitesInProcess(ForkedBooter.java:456)
	at org.apache.maven.surefire.booter.ForkedBooter.execute(ForkedBooter.java:169)
	at org.apache.maven.surefire.booter.ForkedBooter.run(ForkedBooter.java:595)
	at org.apache.maven.surefire.booter.ForkedBooter.main(ForkedBooter.java:581)
com.fasterxml.jackson.databind.exc.UnrecognizedPropertyException: Unrecognized field "activationId" (class it.uniroma2.faas.openwhisk.scheduler.scheduler.domain.model.BlockingCompletion), not marked as ignorable (6 known properties: "response", "transid", "instance", "systemError", "isSystemError", "transId"])
 at [Source: (String)"{"activationId": "78c338b5eae049428338b5eae0f942ab", "instance": {"instance": 0, "instanceType": "invoker", "uniqueName": "owdev-invoker-0", "userMemory": "2147483648 B"}, "isSystemError": false, "transid": ["sid_invokerHealth", 1613583436892]}"; line: 1, column: 245] (through reference chain: it.uniroma2.faas.openwhisk.scheduler.scheduler.domain.model.BlockingCompletion["activationId"])
	at com.fasterxml.jackson.databind.exc.UnrecognizedPropertyException.from(UnrecognizedPropertyException.java:61)
	at com.fasterxml.jackson.databind.DeserializationContext.handleUnknownProperty(DeserializationContext.java:987)
	at com.fasterxml.jackson.databind.deser.std.StdDeserializer.handleUnknownProperty(StdDeserializer.java:1974)
	at com.fasterxml.jackson.databind.deser.BeanDeserializerBase.handleUnknownProperty(BeanDeserializerBase.java:1686)
	at com.fasterxml.jackson.databind.deser.BeanDeserializerBase.handleUnknownProperties(BeanDeserializerBase.java:1635)
	at com.fasterxml.jackson.databind.deser.BeanDeserializer._deserializeUsingPropertyBased(BeanDeserializer.java:541)
	at com.fasterxml.jackson.databind.deser.BeanDeserializerBase.deserializeFromObjectUsingNonDefault(BeanDeserializerBase.java:1390)
	at com.fasterxml.jackson.databind.deser.BeanDeserializer.deserializeFromObject(BeanDeserializer.java:362)
	at com.fasterxml.jackson.databind.deser.BeanDeserializer.deserialize(BeanDeserializer.java:195)
	at com.fasterxml.jackson.databind.deser.DefaultDeserializationContext.readRootValue(DefaultDeserializationContext.java:322)
	at com.fasterxml.jackson.databind.ObjectMapper._readMapAndClose(ObjectMapper.java:4593)
	at com.fasterxml.jackson.databind.ObjectMapper.readValue(ObjectMapper.java:3548)
	at com.fasterxml.jackson.databind.ObjectMapper.readValue(ObjectMapper.java:3516)
	at it.uniroma2.faas.openwhisk.scheduler.scheduler.domain.model.CompletionTest.lambda$isSchedulerDurationAlwaysLowerEqualThanWaitTime$2(CompletionTest.java:53)
	at java.base/java.util.stream.ReferencePipeline$3$1.accept(ReferencePipeline.java:197)
	at java.base/java.nio.file.FileChannelLinesSpliterator.forEachRemaining(FileChannelLinesSpliterator.java:133)
	at java.base/java.util.stream.AbstractPipeline.copyInto(AbstractPipeline.java:509)
	at java.base/java.util.stream.AbstractPipeline.wrapAndCopyInto(AbstractPipeline.java:499)
	at java.base/java.util.stream.ReduceOps$ReduceOp.evaluateSequential(ReduceOps.java:921)
	at java.base/java.util.stream.AbstractPipeline.evaluate(AbstractPipeline.java:234)
	at java.base/java.util.stream.ReferencePipeline.collect(ReferencePipeline.java:682)
	at it.uniroma2.faas.openwhisk.scheduler.scheduler.domain.model.CompletionTest.isSchedulerDurationAlwaysLowerEqualThanWaitTime(CompletionTest.java:60)
	at java.base/jdk.internal.reflect.DirectMethodHandleAccessor.invoke(DirectMethodHandleAccessor.java:104)
	at java.base/java.lang.reflect.Method.invoke(Method.java:578)
	at org.junit.platform.commons.util.ReflectionUtils.invokeMethod(ReflectionUtils.java:628)
	at org.junit.jupiter.engine.execution.ExecutableInvoker.invoke(ExecutableInvoker.java:117)
	at org.junit.jupiter.engine.descriptor.TestMethodTestDescriptor.lambda$invokeTestMethod$7(TestMethodTestDescriptor.java:184)
	at org.junit.platform.engine.support.hierarchical.ThrowableCollector.execute(ThrowableCollector.java:73)
	at org.junit.jupiter.engine.descriptor.TestMethodTestDescriptor.invokeTestMethod(TestMethodTestDescriptor.java:180)
	at org.junit.jupiter.engine.descriptor.TestMethodTestDescriptor.execute(TestMethodTestDescriptor.java:127)
	at org.junit.jupiter.engine.descriptor.TestMethodTestDescriptor.execute(TestMethodTestDescriptor.java:68)
	at org.junit.platform.engine.support.hierarchical.NodeTestTask.lambda$executeRecursively$5(NodeTestTask.java:135)
	at org.junit.platform.engine.support.hierarchical.ThrowableCollector.execute(ThrowableCollector.java:73)
	at org.junit.platform.engine.support.hierarchical.NodeTestTask.lambda$executeRecursively$7(NodeTestTask.java:125)
	at org.junit.platform.engine.support.hierarchical.Node.around(Node.java:135)
	at org.junit.platform.engine.support.hierarchical.NodeTestTask.lambda$executeRecursively$8(NodeTestTask.java:123)
	at org.junit.platform.engine.support.hierarchical.ThrowableCollector.execute(ThrowableCollector.java:73)
	at org.junit.platform.engine.support.hierarchical.NodeTestTask.executeRecursively(NodeTestTask.java:122)
	at org.junit.platform.engine.support.hierarchical.NodeTestTask.execute(NodeTestTask.java:80)
	at java.base/java.util.ArrayList.forEach(ArrayList.java:1511)
	at org.junit.platform.engine.support.hierarchical.SameThreadHierarchicalTestExecutorService.invokeAll(SameThreadHierarchicalTestExecutorService.java:38)
	at org.junit.platform.engine.support.hierarchical.NodeTestTask.lambda$executeRecursively$5(NodeTestTask.java:139)
	at org.junit.platform.engine.support.hierarchical.ThrowableCollector.execute(ThrowableCollector.java:73)
	at org.junit.platform.engine.support.hierarchical.NodeTestTask.lambda$executeRecursively$7(NodeTestTask.java:125)
	at org.junit.platform.engine.support.hierarchical.Node.around(Node.java:135)
	at org.junit.platform.engine.support.hierarchical.NodeTestTask.lambda$executeRecursively$8(NodeTestTask.java:123)
	at org.junit.platform.engine.support.hierarchical.ThrowableCollector.execute(ThrowableCollector.java:73)
	at org.junit.platform.engine.support.hierarchical.NodeTestTask.executeRecursively(NodeTestTask.java:122)
	at org.junit.platform.engine.support.hierarchical.NodeTestTask.execute(NodeTestTask.java:80)
	at java.base/java.util.ArrayList.forEach(ArrayList.java:1511)
	at org.junit.platform.engine.support.hierarchical.SameThreadHierarchicalTestExecutorService.invokeAll(SameThreadHierarchicalTestExecutorService.java:38)
	at org.junit.platform.engine.support.hierarchical.NodeTestTask.lambda$executeRecursively$5(NodeTestTask.java:139)
	at org.junit.platform.engine.support.hierarchical.ThrowableCollector.execute(ThrowableCollector.java:73)
	at org.junit.platform.engine.support.hierarchical.NodeTestTask.lambda$executeRecursively$7(NodeTestTask.java:125)
	at org.junit.platform.engine.support.hierarchical.Node.around(Node.java:135)
	at org.junit.platform.engine.support.hierarchical.NodeTestTask.lambda$executeRecursively$8(NodeTestTask.java:123)
	at org.junit.platform.engine.support.hierarchical.ThrowableCollector.execute(ThrowableCollector.java:73)
	at org.junit.platform.engine.support.hierarchical.NodeTestTask.executeRecursively(NodeTestTask.java:122)
	at org.junit.platform.engine.support.hierarchical.NodeTestTask.execute(NodeTestTask.java:80)
	at org.junit.platform.engine.support.hierarchical.SameThreadHierarchicalTestExecutorService.submit(SameThreadHierarchicalTestExecutorService.java:32)
	at org.junit.platform.engine.support.hierarchical.HierarchicalTestExecutor.execute(HierarchicalTestExecutor.java:57)
	at org.junit.platform.engine.support.hierarchical.HierarchicalTestEngine.execute(HierarchicalTestEngine.java:51)
	at org.junit.platform.launcher.core.DefaultLauncher.execute(DefaultLauncher.java:229)
	at org.junit.platform.launcher.core.DefaultLauncher.lambda$execute$6(DefaultLauncher.java:197)
	at org.junit.platform.launcher.core.DefaultLauncher.withInterceptedStreams(DefaultLauncher.java:211)
	at org.junit.platform.launcher.core.DefaultLauncher.execute(DefaultLauncher.java:191)
	at org.junit.platform.launcher.core.DefaultLauncher.execute(DefaultLauncher.java:128)
	at org.apache.maven.surefire.junitplatform.LazyLauncher.execute(LazyLauncher.java:55)
	at org.apache.maven.surefire.junitplatform.JUnitPlatformProvider.execute(JUnitPlatformProvider.java:223)
	at org.apache.maven.surefire.junitplatform.JUnitPlatformProvider.invokeAllTests(JUnitPlatformProvider.java:175)
	at org.apache.maven.surefire.junitplatform.JUnitPlatformProvider.invoke(JUnitPlatformProvider.java:139)
	at org.apache.maven.surefire.booter.ForkedBooter.runSuitesInProcess(ForkedBooter.java:456)
	at org.apache.maven.surefire.booter.ForkedBooter.execute(ForkedBooter.java:169)
	at org.apache.maven.surefire.booter.ForkedBooter.run(ForkedBooter.java:595)
	at org.apache.maven.surefire.booter.ForkedBooter.main(ForkedBooter.java:581)
]]></system-err>
  </testcase>
  <testcase name="givenCompletionFromComposition_thenCompletionIsDeserializedCorrectly" classname="it.uniroma2.faas.openwhisk.scheduler.scheduler.domain.model.CompletionTest" time="0.004">
    <system-out><![CDATA[BlockingCompletion{response=Response{activationId='81785d241fe94fd2b85d241fe9bfd24e', annotations=[{key=causedBy, value=sequence}, {key=path, value=guest/cmp}, {key=waitTime, value=960}, {key=kind, value=nodejs:10}, {key=timeout, value=false}, {key=limits, value={concurrency=3, logs=10, memory=256, timeout=60000}}, {key=initTime, value=530}], cause='802c89ce6b414636ac89ce6b4196361f', duration=613, end=1613386872211, logs=[], name='cmp', namespace='guest', publish=false, result=Result{result={action=/_/fn1, method=action, params={$scheduler={duration=7, limits={concurrency=3, memory=256, timeout=60000, userMemory=2048}, overload=false, priority=0, target=invoker0}, sleep_time=5, user=Kira}, state={$composer={resuming=true, session=81785d241fe94fd2b85d241fe9bfd24e, stack=[], state=2}}}, size=335, statusCode=0}, start=1613386871598, subject='guest', version='0.0.2'}} Completion{, instance=ComponentInstance{instance=0, instanceType=INVOKER, uniqueName='owdev-invoker-0', userMemory='2147483648 B'}, systemError=false, transId=TransId{transactions=[Transaction{id='Bh2gbKpjKcjV0Jj1GSlvv8cxQ8berti7', timestamp=1613386870556}, Transaction{id='G6yqpDPu9WsjFdpZxIIS1CEe4sRzovMY', timestamp=1613386870514}]}}
]]></system-out>
  </testcase>
</testsuite>